<?xml version="1.0" encoding="UTF-8"?>
<coverage generated="1554211597518" clover="3.2.0">
  <project timestamp="1554211597518" name="All files">
    <metrics statements="800" coveredstatements="121" conditionals="480" coveredconditionals="54" methods="174" coveredmethods="16" elements="1454" coveredelements="191" complexity="0" loc="800" ncloc="800" packages="4" files="10" classes="10">
      <package name="classes.fighter">
        <metrics statements="385" coveredstatements="69" conditionals="237" coveredconditionals="39" methods="85" coveredmethods="8"/>
        <file name="fighter.ts" path="C:\Users\danie\Documents\PRACTICE-PROJECTS\daniels-fighting-pit\src\classes\fighter\fighter.ts">
          <metrics statements="385" coveredstatements="69" conditionals="237" coveredconditionals="39" methods="85" coveredmethods="8"/>
          <line num="1" count="1" type="stmt"/>
          <line num="3" count="1" type="stmt"/>
          <line num="4" count="1" type="stmt"/>
          <line num="5" count="1" type="stmt"/>
          <line num="8" count="1" type="stmt"/>
          <line num="9" count="1" type="stmt"/>
          <line num="15" count="1" type="stmt"/>
          <line num="17" count="1" type="stmt"/>
          <line num="18" count="1" type="stmt"/>
          <line num="27" count="1" type="stmt"/>
          <line num="38" count="11" type="stmt"/>
          <line num="39" count="11" type="stmt"/>
          <line num="41" count="11" type="stmt"/>
          <line num="45" count="11" type="stmt"/>
          <line num="52" count="11" type="stmt"/>
          <line num="65" count="11" type="stmt"/>
          <line num="66" count="11" type="stmt"/>
          <line num="68" count="11" type="stmt"/>
          <line num="69" count="11" type="stmt"/>
          <line num="70" count="11" type="stmt"/>
          <line num="71" count="11" type="stmt"/>
          <line num="74" count="11" type="stmt"/>
          <line num="119" count="11" type="stmt"/>
          <line num="120" count="11" type="stmt"/>
          <line num="121" count="11" type="stmt"/>
          <line num="122" count="11" type="stmt"/>
          <line num="123" count="11" type="stmt"/>
          <line num="124" count="11" type="stmt"/>
          <line num="125" count="11" type="cond" truecount="2" falsecount="0"/>
          <line num="126" count="11" type="stmt"/>
          <line num="127" count="11" type="stmt"/>
          <line num="128" count="11" type="stmt"/>
          <line num="134" count="8" type="stmt"/>
          <line num="135" count="8" type="stmt"/>
          <line num="142" count="8" type="stmt"/>
          <line num="146" count="1" type="stmt"/>
          <line num="147" count="1" type="stmt"/>
          <line num="148" count="1" type="stmt"/>
          <line num="152" count="2" type="stmt"/>
          <line num="153" count="4" type="cond" truecount="1" falsecount="1"/>
          <line num="154" count="4" type="cond" truecount="2" falsecount="0"/>
          <line num="155" count="2" type="stmt"/>
          <line num="157" count="3" type="stmt"/>
          <line num="161" count="4" type="cond" truecount="1" falsecount="1"/>
          <line num="162" count="0" type="cond" truecount="0" falsecount="2"/>
          <line num="163" count="0" type="stmt"/>
          <line num="165" count="0" type="stmt"/>
          <line num="175" count="0" type="stmt"/>
          <line num="176" count="0" type="stmt"/>
          <line num="178" count="0" type="stmt"/>
          <line num="179" count="0" type="stmt"/>
          <line num="180" count="0" type="stmt"/>
          <line num="181" count="0" type="stmt"/>
          <line num="183" count="0" type="stmt"/>
          <line num="208" count="0" type="stmt"/>
          <line num="209" count="0" type="cond" truecount="0" falsecount="2"/>
          <line num="210" count="0" type="cond" truecount="0" falsecount="6"/>
          <line num="212" count="0" type="stmt"/>
          <line num="214" count="0" type="cond" truecount="0" falsecount="6"/>
          <line num="216" count="0" type="stmt"/>
          <line num="219" count="0" type="cond" truecount="0" falsecount="2"/>
          <line num="220" count="0" type="stmt"/>
          <line num="222" count="0" type="cond" truecount="0" falsecount="2"/>
          <line num="223" count="0" type="stmt"/>
          <line num="232" count="4" type="stmt"/>
          <line num="233" count="4" type="stmt"/>
          <line num="234" count="4" type="stmt"/>
          <line num="235" count="4" type="cond" truecount="1" falsecount="1"/>
          <line num="236" count="0" type="stmt"/>
          <line num="237" count="0" type="stmt"/>
          <line num="240" count="4" type="cond" truecount="4" falsecount="0"/>
          <line num="241" count="1" type="stmt"/>
          <line num="242" count="3" type="cond" truecount="4" falsecount="0"/>
          <line num="243" count="1" type="cond" truecount="2" falsecount="2"/>
          <line num="244" count="0" type="stmt"/>
          <line num="246" count="1" type="cond" truecount="3" falsecount="1"/>
          <line num="247" count="1" type="stmt"/>
          <line num="249" count="1" type="cond" truecount="2" falsecount="2"/>
          <line num="250" count="0" type="stmt"/>
          <line num="252" count="1" type="cond" truecount="3" falsecount="1"/>
          <line num="253" count="0" type="stmt"/>
          <line num="259" count="2" type="cond" truecount="4" falsecount="0"/>
          <line num="260" count="1" type="stmt"/>
          <line num="261" count="1" type="stmt"/>
          <line num="262" count="1" type="stmt"/>
          <line num="264" count="2" type="cond" truecount="3" falsecount="1"/>
          <line num="265" count="0" type="stmt"/>
          <line num="266" count="0" type="stmt"/>
          <line num="267" count="0" type="stmt"/>
          <line num="269" count="2" type="cond" truecount="4" falsecount="0"/>
          <line num="270" count="1" type="stmt"/>
          <line num="271" count="1" type="stmt"/>
          <line num="272" count="1" type="stmt"/>
          <line num="274" count="2" type="cond" truecount="3" falsecount="1"/>
          <line num="275" count="0" type="stmt"/>
          <line num="276" count="0" type="stmt"/>
          <line num="277" count="0" type="stmt"/>
          <line num="280" count="2" type="stmt"/>
          <line num="281" count="2" type="stmt"/>
          <line num="284" count="4" type="stmt"/>
          <line num="293" count="0" type="stmt"/>
          <line num="294" count="0" type="cond" truecount="0" falsecount="2"/>
          <line num="296" count="0" type="stmt"/>
          <line num="297" count="0" type="stmt"/>
          <line num="298" count="0" type="stmt"/>
          <line num="300" count="0" type="stmt"/>
          <line num="308" count="0" type="stmt"/>
          <line num="309" count="0" type="stmt"/>
          <line num="310" count="0" type="stmt"/>
          <line num="311" count="0" type="cond" truecount="0" falsecount="2"/>
          <line num="312" count="0" type="stmt"/>
          <line num="316" count="0" type="cond" truecount="0" falsecount="2"/>
          <line num="318" count="0" type="cond" truecount="0" falsecount="2"/>
          <line num="319" count="0" type="stmt"/>
          <line num="320" count="0" type="stmt"/>
          <line num="324" count="0" type="stmt"/>
          <line num="325" count="0" type="stmt"/>
          <line num="326" count="0" type="stmt"/>
          <line num="327" count="0" type="cond" truecount="0" falsecount="2"/>
          <line num="328" count="0" type="stmt"/>
          <line num="331" count="0" type="cond" truecount="0" falsecount="2"/>
          <line num="333" count="0" type="cond" truecount="0" falsecount="5"/>
          <line num="334" count="0" type="stmt"/>
          <line num="338" count="0" type="stmt"/>
          <line num="339" count="0" type="cond" truecount="0" falsecount="4"/>
          <line num="340" count="0" type="cond" truecount="0" falsecount="2"/>
          <line num="341" count="0" type="stmt"/>
          <line num="346" count="0" type="cond" truecount="0" falsecount="2"/>
          <line num="347" count="0" type="cond" truecount="0" falsecount="2"/>
          <line num="348" count="0" type="cond" truecount="0" falsecount="2"/>
          <line num="349" count="0" type="stmt"/>
          <line num="351" count="0" type="stmt"/>
          <line num="353" count="0" type="cond" truecount="0" falsecount="2"/>
          <line num="354" count="0" type="stmt"/>
          <line num="355" count="0" type="stmt"/>
          <line num="364" count="0" type="stmt"/>
          <line num="365" count="0" type="cond" truecount="0" falsecount="2"/>
          <line num="366" count="0" type="stmt"/>
          <line num="367" count="0" type="cond" truecount="0" falsecount="2"/>
          <line num="368" count="0" type="stmt"/>
          <line num="370" count="0" type="stmt"/>
          <line num="371" count="0" type="stmt"/>
          <line num="378" count="0" type="cond" truecount="0" falsecount="2"/>
          <line num="379" count="0" type="cond" truecount="0" falsecount="2"/>
          <line num="380" count="0" type="stmt"/>
          <line num="386" count="0" type="stmt"/>
          <line num="387" count="0" type="stmt"/>
          <line num="388" count="0" type="stmt"/>
          <line num="389" count="0" type="stmt"/>
          <line num="390" count="0" type="stmt"/>
          <line num="391" count="0" type="cond" truecount="0" falsecount="2"/>
          <line num="392" count="0" type="cond" truecount="0" falsecount="2"/>
          <line num="393" count="0" type="cond" truecount="0" falsecount="2"/>
          <line num="394" count="0" type="stmt"/>
          <line num="396" count="0" type="cond" truecount="0" falsecount="2"/>
          <line num="397" count="0" type="cond" truecount="0" falsecount="2"/>
          <line num="398" count="0" type="stmt"/>
          <line num="400" count="0" type="cond" truecount="0" falsecount="2"/>
          <line num="401" count="0" type="cond" truecount="0" falsecount="2"/>
          <line num="402" count="0" type="stmt"/>
          <line num="410" count="0" type="cond" truecount="0" falsecount="4"/>
          <line num="411" count="0" type="stmt"/>
          <line num="412" count="0" type="cond" truecount="0" falsecount="2"/>
          <line num="413" count="0" type="stmt"/>
          <line num="415" count="0" type="stmt"/>
          <line num="419" count="0" type="stmt"/>
          <line num="421" count="0" type="stmt"/>
          <line num="422" count="0" type="stmt"/>
          <line num="424" count="0" type="stmt"/>
          <line num="425" count="0" type="stmt"/>
          <line num="427" count="0" type="stmt"/>
          <line num="428" count="0" type="stmt"/>
          <line num="433" count="0" type="cond" truecount="0" falsecount="4"/>
          <line num="434" count="0" type="stmt"/>
          <line num="435" count="0" type="cond" truecount="0" falsecount="2"/>
          <line num="436" count="0" type="stmt"/>
          <line num="438" count="0" type="stmt"/>
          <line num="442" count="0" type="stmt"/>
          <line num="444" count="0" type="stmt"/>
          <line num="445" count="0" type="stmt"/>
          <line num="447" count="0" type="stmt"/>
          <line num="448" count="0" type="stmt"/>
          <line num="455" count="0" type="cond" truecount="0" falsecount="2"/>
          <line num="456" count="0" type="stmt"/>
          <line num="459" count="0" type="stmt"/>
          <line num="461" count="0" type="stmt"/>
          <line num="462" count="0" type="stmt"/>
          <line num="466" count="0" type="stmt"/>
          <line num="467" count="0" type="stmt"/>
          <line num="468" count="0" type="stmt"/>
          <line num="469" count="0" type="stmt"/>
          <line num="470" count="0" type="stmt"/>
          <line num="472" count="0" type="stmt"/>
          <line num="475" count="0" type="stmt"/>
          <line num="476" count="0" type="cond" truecount="0" falsecount="2"/>
          <line num="477" count="0" type="stmt"/>
          <line num="478" count="0" type="stmt"/>
          <line num="480" count="0" type="stmt"/>
          <line num="486" count="0" type="stmt"/>
          <line num="487" count="0" type="stmt"/>
          <line num="489" count="0" type="stmt"/>
          <line num="491" count="0" type="stmt"/>
          <line num="493" count="0" type="stmt"/>
          <line num="496" count="0" type="stmt"/>
          <line num="497" count="0" type="cond" truecount="0" falsecount="2"/>
          <line num="498" count="0" type="stmt"/>
          <line num="499" count="0" type="stmt"/>
          <line num="501" count="0" type="stmt"/>
          <line num="507" count="0" type="stmt"/>
          <line num="510" count="0" type="stmt"/>
          <line num="514" count="0" type="stmt"/>
          <line num="516" count="0" type="stmt"/>
          <line num="517" count="0" type="cond" truecount="0" falsecount="2"/>
          <line num="518" count="0" type="stmt"/>
          <line num="520" count="0" type="cond" truecount="0" falsecount="2"/>
          <line num="521" count="0" type="stmt"/>
          <line num="523" count="0" type="cond" truecount="0" falsecount="2"/>
          <line num="524" count="0" type="stmt"/>
          <line num="526" count="0" type="cond" truecount="0" falsecount="2"/>
          <line num="527" count="0" type="stmt"/>
          <line num="529" count="0" type="cond" truecount="0" falsecount="2"/>
          <line num="530" count="0" type="stmt"/>
          <line num="535" count="0" type="stmt"/>
          <line num="537" count="0" type="stmt"/>
          <line num="538" count="0" type="cond" truecount="0" falsecount="2"/>
          <line num="539" count="0" type="stmt"/>
          <line num="541" count="0" type="cond" truecount="0" falsecount="2"/>
          <line num="542" count="0" type="stmt"/>
          <line num="544" count="0" type="cond" truecount="0" falsecount="2"/>
          <line num="545" count="0" type="stmt"/>
          <line num="547" count="0" type="cond" truecount="0" falsecount="2"/>
          <line num="548" count="0" type="stmt"/>
          <line num="550" count="0" type="cond" truecount="0" falsecount="2"/>
          <line num="551" count="0" type="stmt"/>
          <line num="556" count="0" type="stmt"/>
          <line num="561" count="0" type="stmt"/>
          <line num="562" count="0" type="stmt"/>
          <line num="563" count="0" type="stmt"/>
          <line num="567" count="0" type="stmt"/>
          <line num="569" count="0" type="stmt"/>
          <line num="570" count="0" type="stmt"/>
          <line num="575" count="0" type="cond" truecount="0" falsecount="2"/>
          <line num="576" count="0" type="cond" truecount="0" falsecount="2"/>
          <line num="577" count="0" type="stmt"/>
          <line num="578" count="0" type="stmt"/>
          <line num="579" count="0" type="stmt"/>
          <line num="580" count="0" type="stmt"/>
          <line num="581" count="0" type="stmt"/>
          <line num="582" count="0" type="stmt"/>
          <line num="583" count="0" type="cond" truecount="0" falsecount="2"/>
          <line num="584" count="0" type="stmt"/>
          <line num="585" count="0" type="stmt"/>
          <line num="586" count="0" type="stmt"/>
          <line num="587" count="0" type="stmt"/>
          <line num="588" count="0" type="stmt"/>
          <line num="589" count="0" type="stmt"/>
          <line num="592" count="0" type="stmt"/>
          <line num="593" count="0" type="stmt"/>
          <line num="594" count="0" type="stmt"/>
          <line num="595" count="0" type="stmt"/>
          <line num="596" count="0" type="stmt"/>
          <line num="597" count="0" type="stmt"/>
          <line num="603" count="0" type="cond" truecount="0" falsecount="2"/>
          <line num="604" count="0" type="stmt"/>
          <line num="607" count="0" type="stmt"/>
          <line num="610" count="0" type="stmt"/>
          <line num="611" count="0" type="stmt"/>
          <line num="615" count="0" type="cond" truecount="0" falsecount="2"/>
          <line num="616" count="0" type="stmt"/>
          <line num="618" count="0" type="stmt"/>
          <line num="620" count="0" type="stmt"/>
          <line num="621" count="0" type="stmt"/>
          <line num="624" count="0" type="cond" truecount="0" falsecount="2"/>
          <line num="625" count="0" type="stmt"/>
          <line num="627" count="0" type="stmt"/>
          <line num="629" count="0" type="stmt"/>
          <line num="630" count="0" type="stmt"/>
          <line num="634" count="0" type="stmt"/>
          <line num="635" count="0" type="cond" truecount="0" falsecount="2"/>
          <line num="636" count="0" type="stmt"/>
          <line num="637" count="0" type="cond" truecount="0" falsecount="2"/>
          <line num="638" count="0" type="stmt"/>
          <line num="640" count="0" type="stmt"/>
          <line num="641" count="0" type="stmt"/>
          <line num="644" count="0" type="stmt"/>
          <line num="645" count="0" type="stmt"/>
          <line num="650" count="0" type="stmt"/>
          <line num="651" count="0" type="stmt"/>
          <line num="652" count="0" type="stmt"/>
          <line num="656" count="0" type="cond" truecount="0" falsecount="2"/>
          <line num="657" count="0" type="stmt"/>
          <line num="658" count="0" type="stmt"/>
          <line num="664" count="0" type="cond" truecount="0" falsecount="2"/>
          <line num="665" count="0" type="cond" truecount="0" falsecount="2"/>
          <line num="666" count="0" type="stmt"/>
          <line num="669" count="0" type="cond" truecount="0" falsecount="2"/>
          <line num="670" count="0" type="stmt"/>
          <line num="676" count="0" type="stmt"/>
          <line num="677" count="0" type="stmt"/>
          <line num="681" count="0" type="stmt"/>
          <line num="682" count="0" type="stmt"/>
          <line num="686" count="0" type="stmt"/>
          <line num="688" count="0" type="cond" truecount="0" falsecount="2"/>
          <line num="689" count="0" type="stmt"/>
          <line num="691" count="0" type="cond" truecount="0" falsecount="2"/>
          <line num="692" count="0" type="stmt"/>
          <line num="693" count="0" type="stmt"/>
          <line num="694" count="0" type="stmt"/>
          <line num="698" count="0" type="stmt"/>
          <line num="699" count="0" type="stmt"/>
          <line num="704" count="0" type="stmt"/>
          <line num="705" count="0" type="stmt"/>
          <line num="707" count="0" type="stmt"/>
          <line num="708" count="0" type="stmt"/>
          <line num="710" count="0" type="stmt"/>
          <line num="711" count="0" type="cond" truecount="0" falsecount="2"/>
          <line num="712" count="0" type="cond" truecount="0" falsecount="2"/>
          <line num="713" count="0" type="stmt"/>
          <line num="714" count="0" type="stmt"/>
          <line num="722" count="0" type="cond" truecount="0" falsecount="2"/>
          <line num="723" count="0" type="stmt"/>
          <line num="725" count="0" type="cond" truecount="0" falsecount="2"/>
          <line num="726" count="0" type="stmt"/>
          <line num="728" count="0" type="stmt"/>
          <line num="729" count="0" type="stmt"/>
          <line num="735" count="0" type="cond" truecount="0" falsecount="2"/>
          <line num="736" count="0" type="stmt"/>
          <line num="738" count="0" type="stmt"/>
          <line num="739" count="0" type="stmt"/>
          <line num="740" count="0" type="stmt"/>
          <line num="741" count="0" type="cond" truecount="0" falsecount="2"/>
          <line num="742" count="0" type="stmt"/>
          <line num="745" count="0" type="stmt"/>
          <line num="746" count="0" type="stmt"/>
          <line num="748" count="0" type="stmt"/>
          <line num="749" count="0" type="stmt"/>
          <line num="752" count="0" type="cond" truecount="0" falsecount="2"/>
          <line num="753" count="0" type="stmt"/>
          <line num="755" count="0" type="stmt"/>
          <line num="759" count="0" type="stmt"/>
          <line num="763" count="0" type="stmt"/>
          <line num="767" count="0" type="stmt"/>
          <line num="772" count="0" type="stmt"/>
          <line num="773" count="0" type="stmt"/>
          <line num="774" count="0" type="stmt"/>
          <line num="775" count="0" type="cond" truecount="0" falsecount="2"/>
          <line num="776" count="0" type="stmt"/>
          <line num="778" count="0" type="cond" truecount="0" falsecount="2"/>
          <line num="779" count="0" type="stmt"/>
          <line num="780" count="0" type="stmt"/>
          <line num="783" count="0" type="stmt"/>
          <line num="784" count="0" type="stmt"/>
          <line num="790" count="0" type="stmt"/>
          <line num="794" count="0" type="stmt"/>
          <line num="798" count="0" type="stmt"/>
          <line num="799" count="0" type="cond" truecount="0" falsecount="2"/>
          <line num="800" count="0" type="stmt"/>
          <line num="802" count="0" type="cond" truecount="0" falsecount="2"/>
          <line num="803" count="0" type="stmt"/>
          <line num="805" count="0" type="cond" truecount="0" falsecount="2"/>
          <line num="806" count="0" type="stmt"/>
          <line num="808" count="0" type="cond" truecount="0" falsecount="2"/>
          <line num="809" count="0" type="stmt"/>
          <line num="814" count="0" type="stmt"/>
          <line num="815" count="0" type="stmt"/>
          <line num="817" count="0" type="cond" truecount="0" falsecount="4"/>
          <line num="818" count="0" type="stmt"/>
          <line num="819" count="0" type="stmt"/>
          <line num="820" count="0" type="stmt"/>
          <line num="822" count="0" type="cond" truecount="0" falsecount="4"/>
          <line num="823" count="0" type="stmt"/>
          <line num="824" count="0" type="stmt"/>
          <line num="825" count="0" type="stmt"/>
          <line num="827" count="0" type="cond" truecount="0" falsecount="4"/>
          <line num="828" count="0" type="stmt"/>
          <line num="829" count="0" type="stmt"/>
          <line num="830" count="0" type="stmt"/>
          <line num="832" count="0" type="cond" truecount="0" falsecount="4"/>
          <line num="833" count="0" type="stmt"/>
          <line num="834" count="0" type="stmt"/>
          <line num="835" count="0" type="stmt"/>
          <line num="838" count="0" type="stmt"/>
          <line num="839" count="0" type="stmt"/>
          <line num="840" count="0" type="stmt"/>
          <line num="842" count="0" type="stmt"/>
        </file>
      </package>
      <package name="classes.fighter-backup">
        <metrics statements="373" coveredstatements="10" conditionals="227" coveredconditionals="0" methods="81" coveredmethods="0"/>
        <file name="fighter-backup.ts" path="C:\Users\danie\Documents\PRACTICE-PROJECTS\daniels-fighting-pit\src\classes\fighter-backup\fighter-backup.ts">
          <metrics statements="373" coveredstatements="10" conditionals="227" coveredconditionals="0" methods="81" coveredmethods="0"/>
          <line num="1" count="1" type="stmt"/>
          <line num="3" count="1" type="stmt"/>
          <line num="4" count="1" type="stmt"/>
          <line num="5" count="1" type="stmt"/>
          <line num="8" count="1" type="stmt"/>
          <line num="9" count="1" type="stmt"/>
          <line num="16" count="1" type="stmt"/>
          <line num="18" count="1" type="stmt"/>
          <line num="19" count="1" type="stmt"/>
          <line num="27" count="1" type="stmt"/>
          <line num="38" count="0" type="stmt"/>
          <line num="39" count="0" type="stmt"/>
          <line num="41" count="0" type="stmt"/>
          <line num="45" count="0" type="stmt"/>
          <line num="52" count="0" type="stmt"/>
          <line num="65" count="0" type="stmt"/>
          <line num="66" count="0" type="stmt"/>
          <line num="67" count="0" type="stmt"/>
          <line num="68" count="0" type="stmt"/>
          <line num="71" count="0" type="stmt"/>
          <line num="116" count="0" type="stmt"/>
          <line num="117" count="0" type="stmt"/>
          <line num="118" count="0" type="stmt"/>
          <line num="119" count="0" type="stmt"/>
          <line num="120" count="0" type="stmt"/>
          <line num="121" count="0" type="stmt"/>
          <line num="122" count="0" type="stmt"/>
          <line num="123" count="0" type="stmt"/>
          <line num="124" count="0" type="stmt"/>
          <line num="130" count="0" type="stmt"/>
          <line num="131" count="0" type="stmt"/>
          <line num="138" count="0" type="stmt"/>
          <line num="142" count="0" type="stmt"/>
          <line num="145" count="0" type="stmt"/>
          <line num="146" count="0" type="stmt"/>
          <line num="153" count="0" type="stmt"/>
          <line num="154" count="0" type="stmt"/>
          <line num="156" count="0" type="stmt"/>
          <line num="157" count="0" type="stmt"/>
          <line num="158" count="0" type="stmt"/>
          <line num="159" count="0" type="stmt"/>
          <line num="161" count="0" type="stmt"/>
          <line num="186" count="0" type="stmt"/>
          <line num="187" count="0" type="cond" truecount="0" falsecount="2"/>
          <line num="188" count="0" type="cond" truecount="0" falsecount="6"/>
          <line num="190" count="0" type="stmt"/>
          <line num="192" count="0" type="cond" truecount="0" falsecount="6"/>
          <line num="194" count="0" type="stmt"/>
          <line num="197" count="0" type="cond" truecount="0" falsecount="2"/>
          <line num="198" count="0" type="stmt"/>
          <line num="200" count="0" type="cond" truecount="0" falsecount="2"/>
          <line num="201" count="0" type="stmt"/>
          <line num="210" count="0" type="stmt"/>
          <line num="211" count="0" type="stmt"/>
          <line num="212" count="0" type="stmt"/>
          <line num="213" count="0" type="cond" truecount="0" falsecount="2"/>
          <line num="214" count="0" type="stmt"/>
          <line num="215" count="0" type="stmt"/>
          <line num="218" count="0" type="cond" truecount="0" falsecount="4"/>
          <line num="219" count="0" type="stmt"/>
          <line num="220" count="0" type="cond" truecount="0" falsecount="4"/>
          <line num="221" count="0" type="cond" truecount="0" falsecount="4"/>
          <line num="222" count="0" type="stmt"/>
          <line num="224" count="0" type="cond" truecount="0" falsecount="4"/>
          <line num="225" count="0" type="stmt"/>
          <line num="227" count="0" type="cond" truecount="0" falsecount="4"/>
          <line num="228" count="0" type="stmt"/>
          <line num="230" count="0" type="cond" truecount="0" falsecount="4"/>
          <line num="231" count="0" type="stmt"/>
          <line num="237" count="0" type="cond" truecount="0" falsecount="4"/>
          <line num="238" count="0" type="stmt"/>
          <line num="239" count="0" type="stmt"/>
          <line num="240" count="0" type="stmt"/>
          <line num="242" count="0" type="cond" truecount="0" falsecount="4"/>
          <line num="243" count="0" type="stmt"/>
          <line num="244" count="0" type="stmt"/>
          <line num="245" count="0" type="stmt"/>
          <line num="247" count="0" type="cond" truecount="0" falsecount="4"/>
          <line num="248" count="0" type="stmt"/>
          <line num="249" count="0" type="stmt"/>
          <line num="250" count="0" type="stmt"/>
          <line num="252" count="0" type="cond" truecount="0" falsecount="4"/>
          <line num="253" count="0" type="stmt"/>
          <line num="254" count="0" type="stmt"/>
          <line num="255" count="0" type="stmt"/>
          <line num="258" count="0" type="stmt"/>
          <line num="259" count="0" type="stmt"/>
          <line num="262" count="0" type="stmt"/>
          <line num="271" count="0" type="stmt"/>
          <line num="272" count="0" type="cond" truecount="0" falsecount="2"/>
          <line num="274" count="0" type="stmt"/>
          <line num="275" count="0" type="stmt"/>
          <line num="276" count="0" type="stmt"/>
          <line num="278" count="0" type="stmt"/>
          <line num="286" count="0" type="stmt"/>
          <line num="287" count="0" type="stmt"/>
          <line num="288" count="0" type="stmt"/>
          <line num="289" count="0" type="cond" truecount="0" falsecount="2"/>
          <line num="290" count="0" type="stmt"/>
          <line num="294" count="0" type="cond" truecount="0" falsecount="2"/>
          <line num="296" count="0" type="cond" truecount="0" falsecount="2"/>
          <line num="297" count="0" type="stmt"/>
          <line num="298" count="0" type="stmt"/>
          <line num="302" count="0" type="stmt"/>
          <line num="303" count="0" type="stmt"/>
          <line num="304" count="0" type="stmt"/>
          <line num="305" count="0" type="cond" truecount="0" falsecount="2"/>
          <line num="306" count="0" type="stmt"/>
          <line num="309" count="0" type="cond" truecount="0" falsecount="2"/>
          <line num="311" count="0" type="cond" truecount="0" falsecount="5"/>
          <line num="312" count="0" type="stmt"/>
          <line num="316" count="0" type="stmt"/>
          <line num="317" count="0" type="cond" truecount="0" falsecount="4"/>
          <line num="318" count="0" type="cond" truecount="0" falsecount="2"/>
          <line num="319" count="0" type="stmt"/>
          <line num="324" count="0" type="cond" truecount="0" falsecount="2"/>
          <line num="325" count="0" type="cond" truecount="0" falsecount="2"/>
          <line num="326" count="0" type="cond" truecount="0" falsecount="2"/>
          <line num="327" count="0" type="stmt"/>
          <line num="329" count="0" type="stmt"/>
          <line num="331" count="0" type="cond" truecount="0" falsecount="2"/>
          <line num="332" count="0" type="stmt"/>
          <line num="333" count="0" type="stmt"/>
          <line num="342" count="0" type="stmt"/>
          <line num="343" count="0" type="cond" truecount="0" falsecount="2"/>
          <line num="344" count="0" type="stmt"/>
          <line num="345" count="0" type="cond" truecount="0" falsecount="2"/>
          <line num="346" count="0" type="stmt"/>
          <line num="348" count="0" type="stmt"/>
          <line num="349" count="0" type="stmt"/>
          <line num="356" count="0" type="cond" truecount="0" falsecount="2"/>
          <line num="357" count="0" type="cond" truecount="0" falsecount="2"/>
          <line num="358" count="0" type="stmt"/>
          <line num="364" count="0" type="stmt"/>
          <line num="365" count="0" type="stmt"/>
          <line num="366" count="0" type="stmt"/>
          <line num="367" count="0" type="stmt"/>
          <line num="368" count="0" type="stmt"/>
          <line num="369" count="0" type="cond" truecount="0" falsecount="2"/>
          <line num="370" count="0" type="cond" truecount="0" falsecount="2"/>
          <line num="371" count="0" type="cond" truecount="0" falsecount="2"/>
          <line num="372" count="0" type="stmt"/>
          <line num="374" count="0" type="cond" truecount="0" falsecount="2"/>
          <line num="375" count="0" type="cond" truecount="0" falsecount="2"/>
          <line num="376" count="0" type="stmt"/>
          <line num="378" count="0" type="cond" truecount="0" falsecount="2"/>
          <line num="379" count="0" type="cond" truecount="0" falsecount="2"/>
          <line num="380" count="0" type="stmt"/>
          <line num="388" count="0" type="cond" truecount="0" falsecount="4"/>
          <line num="389" count="0" type="stmt"/>
          <line num="390" count="0" type="cond" truecount="0" falsecount="2"/>
          <line num="391" count="0" type="stmt"/>
          <line num="393" count="0" type="stmt"/>
          <line num="397" count="0" type="stmt"/>
          <line num="399" count="0" type="stmt"/>
          <line num="400" count="0" type="stmt"/>
          <line num="402" count="0" type="stmt"/>
          <line num="403" count="0" type="stmt"/>
          <line num="405" count="0" type="stmt"/>
          <line num="406" count="0" type="stmt"/>
          <line num="411" count="0" type="cond" truecount="0" falsecount="4"/>
          <line num="412" count="0" type="stmt"/>
          <line num="413" count="0" type="cond" truecount="0" falsecount="2"/>
          <line num="414" count="0" type="stmt"/>
          <line num="416" count="0" type="stmt"/>
          <line num="420" count="0" type="stmt"/>
          <line num="422" count="0" type="stmt"/>
          <line num="423" count="0" type="stmt"/>
          <line num="425" count="0" type="stmt"/>
          <line num="426" count="0" type="stmt"/>
          <line num="433" count="0" type="cond" truecount="0" falsecount="2"/>
          <line num="434" count="0" type="stmt"/>
          <line num="437" count="0" type="stmt"/>
          <line num="439" count="0" type="stmt"/>
          <line num="440" count="0" type="stmt"/>
          <line num="444" count="0" type="stmt"/>
          <line num="445" count="0" type="stmt"/>
          <line num="446" count="0" type="stmt"/>
          <line num="447" count="0" type="stmt"/>
          <line num="448" count="0" type="stmt"/>
          <line num="450" count="0" type="stmt"/>
          <line num="453" count="0" type="stmt"/>
          <line num="454" count="0" type="cond" truecount="0" falsecount="2"/>
          <line num="455" count="0" type="stmt"/>
          <line num="456" count="0" type="stmt"/>
          <line num="458" count="0" type="stmt"/>
          <line num="464" count="0" type="stmt"/>
          <line num="465" count="0" type="stmt"/>
          <line num="467" count="0" type="stmt"/>
          <line num="469" count="0" type="stmt"/>
          <line num="471" count="0" type="stmt"/>
          <line num="474" count="0" type="stmt"/>
          <line num="475" count="0" type="cond" truecount="0" falsecount="2"/>
          <line num="476" count="0" type="stmt"/>
          <line num="477" count="0" type="stmt"/>
          <line num="479" count="0" type="stmt"/>
          <line num="485" count="0" type="stmt"/>
          <line num="488" count="0" type="stmt"/>
          <line num="492" count="0" type="stmt"/>
          <line num="494" count="0" type="stmt"/>
          <line num="495" count="0" type="cond" truecount="0" falsecount="2"/>
          <line num="496" count="0" type="stmt"/>
          <line num="498" count="0" type="cond" truecount="0" falsecount="2"/>
          <line num="499" count="0" type="stmt"/>
          <line num="501" count="0" type="cond" truecount="0" falsecount="2"/>
          <line num="502" count="0" type="stmt"/>
          <line num="504" count="0" type="cond" truecount="0" falsecount="2"/>
          <line num="505" count="0" type="stmt"/>
          <line num="507" count="0" type="cond" truecount="0" falsecount="2"/>
          <line num="508" count="0" type="stmt"/>
          <line num="513" count="0" type="stmt"/>
          <line num="515" count="0" type="stmt"/>
          <line num="516" count="0" type="cond" truecount="0" falsecount="2"/>
          <line num="517" count="0" type="stmt"/>
          <line num="519" count="0" type="cond" truecount="0" falsecount="2"/>
          <line num="520" count="0" type="stmt"/>
          <line num="522" count="0" type="cond" truecount="0" falsecount="2"/>
          <line num="523" count="0" type="stmt"/>
          <line num="525" count="0" type="cond" truecount="0" falsecount="2"/>
          <line num="526" count="0" type="stmt"/>
          <line num="528" count="0" type="cond" truecount="0" falsecount="2"/>
          <line num="529" count="0" type="stmt"/>
          <line num="534" count="0" type="stmt"/>
          <line num="539" count="0" type="stmt"/>
          <line num="540" count="0" type="stmt"/>
          <line num="541" count="0" type="stmt"/>
          <line num="545" count="0" type="stmt"/>
          <line num="547" count="0" type="stmt"/>
          <line num="548" count="0" type="stmt"/>
          <line num="553" count="0" type="cond" truecount="0" falsecount="2"/>
          <line num="554" count="0" type="cond" truecount="0" falsecount="2"/>
          <line num="555" count="0" type="stmt"/>
          <line num="556" count="0" type="stmt"/>
          <line num="557" count="0" type="stmt"/>
          <line num="558" count="0" type="stmt"/>
          <line num="559" count="0" type="stmt"/>
          <line num="560" count="0" type="stmt"/>
          <line num="561" count="0" type="cond" truecount="0" falsecount="2"/>
          <line num="562" count="0" type="stmt"/>
          <line num="563" count="0" type="stmt"/>
          <line num="564" count="0" type="stmt"/>
          <line num="565" count="0" type="stmt"/>
          <line num="566" count="0" type="stmt"/>
          <line num="567" count="0" type="stmt"/>
          <line num="570" count="0" type="stmt"/>
          <line num="571" count="0" type="stmt"/>
          <line num="572" count="0" type="stmt"/>
          <line num="573" count="0" type="stmt"/>
          <line num="574" count="0" type="stmt"/>
          <line num="575" count="0" type="stmt"/>
          <line num="581" count="0" type="cond" truecount="0" falsecount="2"/>
          <line num="582" count="0" type="stmt"/>
          <line num="585" count="0" type="stmt"/>
          <line num="588" count="0" type="stmt"/>
          <line num="589" count="0" type="stmt"/>
          <line num="593" count="0" type="cond" truecount="0" falsecount="2"/>
          <line num="594" count="0" type="stmt"/>
          <line num="596" count="0" type="stmt"/>
          <line num="598" count="0" type="stmt"/>
          <line num="599" count="0" type="stmt"/>
          <line num="602" count="0" type="cond" truecount="0" falsecount="2"/>
          <line num="603" count="0" type="stmt"/>
          <line num="605" count="0" type="stmt"/>
          <line num="607" count="0" type="stmt"/>
          <line num="608" count="0" type="stmt"/>
          <line num="612" count="0" type="stmt"/>
          <line num="613" count="0" type="cond" truecount="0" falsecount="2"/>
          <line num="614" count="0" type="stmt"/>
          <line num="615" count="0" type="cond" truecount="0" falsecount="2"/>
          <line num="616" count="0" type="stmt"/>
          <line num="618" count="0" type="stmt"/>
          <line num="619" count="0" type="stmt"/>
          <line num="622" count="0" type="stmt"/>
          <line num="623" count="0" type="stmt"/>
          <line num="628" count="0" type="stmt"/>
          <line num="629" count="0" type="stmt"/>
          <line num="630" count="0" type="stmt"/>
          <line num="634" count="0" type="cond" truecount="0" falsecount="2"/>
          <line num="635" count="0" type="stmt"/>
          <line num="636" count="0" type="stmt"/>
          <line num="642" count="0" type="cond" truecount="0" falsecount="2"/>
          <line num="643" count="0" type="cond" truecount="0" falsecount="2"/>
          <line num="644" count="0" type="stmt"/>
          <line num="647" count="0" type="cond" truecount="0" falsecount="2"/>
          <line num="648" count="0" type="stmt"/>
          <line num="654" count="0" type="stmt"/>
          <line num="655" count="0" type="stmt"/>
          <line num="659" count="0" type="stmt"/>
          <line num="660" count="0" type="stmt"/>
          <line num="664" count="0" type="stmt"/>
          <line num="666" count="0" type="cond" truecount="0" falsecount="2"/>
          <line num="667" count="0" type="stmt"/>
          <line num="669" count="0" type="cond" truecount="0" falsecount="2"/>
          <line num="670" count="0" type="stmt"/>
          <line num="671" count="0" type="stmt"/>
          <line num="672" count="0" type="stmt"/>
          <line num="676" count="0" type="stmt"/>
          <line num="677" count="0" type="stmt"/>
          <line num="682" count="0" type="stmt"/>
          <line num="683" count="0" type="stmt"/>
          <line num="685" count="0" type="stmt"/>
          <line num="686" count="0" type="stmt"/>
          <line num="688" count="0" type="stmt"/>
          <line num="689" count="0" type="cond" truecount="0" falsecount="2"/>
          <line num="690" count="0" type="cond" truecount="0" falsecount="2"/>
          <line num="691" count="0" type="stmt"/>
          <line num="692" count="0" type="stmt"/>
          <line num="700" count="0" type="cond" truecount="0" falsecount="2"/>
          <line num="701" count="0" type="stmt"/>
          <line num="703" count="0" type="cond" truecount="0" falsecount="2"/>
          <line num="704" count="0" type="stmt"/>
          <line num="706" count="0" type="stmt"/>
          <line num="707" count="0" type="stmt"/>
          <line num="713" count="0" type="cond" truecount="0" falsecount="2"/>
          <line num="714" count="0" type="stmt"/>
          <line num="716" count="0" type="stmt"/>
          <line num="717" count="0" type="stmt"/>
          <line num="718" count="0" type="stmt"/>
          <line num="719" count="0" type="cond" truecount="0" falsecount="2"/>
          <line num="720" count="0" type="stmt"/>
          <line num="723" count="0" type="stmt"/>
          <line num="724" count="0" type="stmt"/>
          <line num="726" count="0" type="stmt"/>
          <line num="727" count="0" type="stmt"/>
          <line num="730" count="0" type="cond" truecount="0" falsecount="2"/>
          <line num="731" count="0" type="stmt"/>
          <line num="733" count="0" type="stmt"/>
          <line num="737" count="0" type="stmt"/>
          <line num="741" count="0" type="stmt"/>
          <line num="745" count="0" type="stmt"/>
          <line num="750" count="0" type="stmt"/>
          <line num="751" count="0" type="stmt"/>
          <line num="752" count="0" type="stmt"/>
          <line num="753" count="0" type="cond" truecount="0" falsecount="2"/>
          <line num="754" count="0" type="stmt"/>
          <line num="756" count="0" type="cond" truecount="0" falsecount="2"/>
          <line num="757" count="0" type="stmt"/>
          <line num="758" count="0" type="stmt"/>
          <line num="761" count="0" type="stmt"/>
          <line num="762" count="0" type="stmt"/>
          <line num="768" count="0" type="stmt"/>
          <line num="772" count="0" type="stmt"/>
          <line num="776" count="0" type="stmt"/>
          <line num="777" count="0" type="cond" truecount="0" falsecount="2"/>
          <line num="778" count="0" type="stmt"/>
          <line num="780" count="0" type="cond" truecount="0" falsecount="2"/>
          <line num="781" count="0" type="stmt"/>
          <line num="783" count="0" type="cond" truecount="0" falsecount="2"/>
          <line num="784" count="0" type="stmt"/>
          <line num="786" count="0" type="cond" truecount="0" falsecount="2"/>
          <line num="787" count="0" type="stmt"/>
          <line num="792" count="0" type="stmt"/>
          <line num="793" count="0" type="stmt"/>
          <line num="795" count="0" type="cond" truecount="0" falsecount="4"/>
          <line num="796" count="0" type="stmt"/>
          <line num="797" count="0" type="stmt"/>
          <line num="798" count="0" type="stmt"/>
          <line num="800" count="0" type="cond" truecount="0" falsecount="4"/>
          <line num="801" count="0" type="stmt"/>
          <line num="802" count="0" type="stmt"/>
          <line num="803" count="0" type="stmt"/>
          <line num="805" count="0" type="cond" truecount="0" falsecount="4"/>
          <line num="806" count="0" type="stmt"/>
          <line num="807" count="0" type="stmt"/>
          <line num="808" count="0" type="stmt"/>
          <line num="810" count="0" type="cond" truecount="0" falsecount="4"/>
          <line num="811" count="0" type="stmt"/>
          <line num="812" count="0" type="stmt"/>
          <line num="813" count="0" type="stmt"/>
          <line num="816" count="0" type="stmt"/>
          <line num="817" count="0" type="stmt"/>
          <line num="818" count="0" type="stmt"/>
          <line num="820" count="0" type="stmt"/>
        </file>
      </package>
      <package name="enums">
        <metrics statements="41" coveredstatements="41" conditionals="14" coveredconditionals="14" methods="7" coveredmethods="7"/>
        <file name="attackResults.ts" path="C:\Users\danie\Documents\PRACTICE-PROJECTS\daniels-fighting-pit\src\enums\attackResults.ts">
          <metrics statements="5" coveredstatements="5" conditionals="2" coveredconditionals="2" methods="1" coveredmethods="1"/>
          <line num="1" count="2" type="cond" truecount="2" falsecount="0"/>
          <line num="2" count="2" type="stmt"/>
          <line num="3" count="2" type="stmt"/>
          <line num="4" count="2" type="stmt"/>
          <line num="5" count="2" type="stmt"/>
        </file>
        <file name="closeness.ts" path="C:\Users\danie\Documents\PRACTICE-PROJECTS\daniels-fighting-pit\src\enums\closeness.ts">
          <metrics statements="5" coveredstatements="5" conditionals="2" coveredconditionals="2" methods="1" coveredmethods="1"/>
          <line num="1" count="2" type="cond" truecount="2" falsecount="0"/>
          <line num="2" count="2" type="stmt"/>
          <line num="3" count="2" type="stmt"/>
          <line num="4" count="2" type="stmt"/>
          <line num="5" count="2" type="stmt"/>
        </file>
        <file name="edges.ts" path="C:\Users\danie\Documents\PRACTICE-PROJECTS\daniels-fighting-pit\src\enums\edges.ts">
          <metrics statements="5" coveredstatements="5" conditionals="2" coveredconditionals="2" methods="1" coveredmethods="1"/>
          <line num="1" count="2" type="cond" truecount="2" falsecount="0"/>
          <line num="2" count="2" type="stmt"/>
          <line num="3" count="2" type="stmt"/>
          <line num="4" count="2" type="stmt"/>
          <line num="5" count="2" type="stmt"/>
        </file>
        <file name="fighterActionStates.ts" path="C:\Users\danie\Documents\PRACTICE-PROJECTS\daniels-fighting-pit\src\enums\fighterActionStates.ts">
          <metrics statements="7" coveredstatements="7" conditionals="2" coveredconditionals="2" methods="1" coveredmethods="1"/>
          <line num="1" count="2" type="cond" truecount="2" falsecount="0"/>
          <line num="2" count="2" type="stmt"/>
          <line num="3" count="2" type="stmt"/>
          <line num="4" count="2" type="stmt"/>
          <line num="5" count="2" type="stmt"/>
          <line num="6" count="2" type="stmt"/>
          <line num="7" count="2" type="stmt"/>
        </file>
        <file name="fighterModelStates.ts" path="C:\Users\danie\Documents\PRACTICE-PROJECTS\daniels-fighting-pit\src\enums\fighterModelStates.ts">
          <metrics statements="9" coveredstatements="9" conditionals="2" coveredconditionals="2" methods="1" coveredmethods="1"/>
          <line num="1" count="2" type="cond" truecount="2" falsecount="0"/>
          <line num="2" count="2" type="stmt"/>
          <line num="3" count="2" type="stmt"/>
          <line num="4" count="2" type="stmt"/>
          <line num="5" count="2" type="stmt"/>
          <line num="6" count="2" type="stmt"/>
          <line num="7" count="2" type="stmt"/>
          <line num="8" count="2" type="stmt"/>
          <line num="9" count="2" type="stmt"/>
        </file>
        <file name="fighterTacticsStates.ts" path="C:\Users\danie\Documents\PRACTICE-PROJECTS\daniels-fighting-pit\src\enums\fighterTacticsStates.ts">
          <metrics statements="7" coveredstatements="7" conditionals="2" coveredconditionals="2" methods="1" coveredmethods="1"/>
          <line num="1" count="2" type="cond" truecount="2" falsecount="0"/>
          <line num="2" count="2" type="stmt"/>
          <line num="3" count="2" type="stmt"/>
          <line num="4" count="2" type="stmt"/>
          <line num="5" count="2" type="stmt"/>
          <line num="6" count="2" type="stmt"/>
          <line num="7" count="2" type="stmt"/>
        </file>
        <file name="leftOrRight.ts" path="C:\Users\danie\Documents\PRACTICE-PROJECTS\daniels-fighting-pit\src\enums\leftOrRight.ts">
          <metrics statements="3" coveredstatements="3" conditionals="2" coveredconditionals="2" methods="1" coveredmethods="1"/>
          <line num="1" count="2" type="cond" truecount="2" falsecount="0"/>
          <line num="2" count="2" type="stmt"/>
          <line num="3" count="2" type="stmt"/>
        </file>
      </package>
      <package name="helper-functions">
        <metrics statements="1" coveredstatements="1" conditionals="2" coveredconditionals="1" methods="1" coveredmethods="1"/>
        <file name="helper-functions.ts" path="C:\Users\danie\Documents\PRACTICE-PROJECTS\daniels-fighting-pit\src\helper-functions\helper-functions.ts">
          <metrics statements="1" coveredstatements="1" conditionals="2" coveredconditionals="1" methods="1" coveredmethods="1"/>
          <line num="1" count="11" type="cond" truecount="1" falsecount="1"/>
        </file>
      </package>
    </metrics>
  </project>
</coverage>
