{"C:\\Users\\danie\\Documents\\PRACTICE-PROJECTS\\daniels-fighting-pit\\src\\classes\\fighter\\fighter.ts": {"path":"C:\\Users\\danie\\Documents\\PRACTICE-PROJECTS\\daniels-fighting-pit\\src\\classes\\fighter\\fighter.ts","statementMap":{"0":{"start":{"line":1,"column":0},"end":{"line":1,"column":57}},"1":{"start":{"line":3,"column":0},"end":{"line":3,"column":53}},"2":{"start":{"line":4,"column":0},"end":{"line":4,"column":67}},"3":{"start":{"line":5,"column":0},"end":{"line":5,"column":71}},"4":{"start":{"line":8,"column":0},"end":{"line":8,"column":44}},"5":{"start":{"line":9,"column":0},"end":{"line":9,"column":62}},"6":{"start":{"line":15,"column":0},"end":{"line":15,"column":49}},"7":{"start":{"line":17,"column":0},"end":{"line":17,"column":69}},"8":{"start":{"line":18,"column":0},"end":{"line":18,"column":41}},"9":{"start":{"line":38,"column":2},"end":{"line":38,"column":47}},"10":{"start":{"line":39,"column":2},"end":{"line":39,"column":49}},"11":{"start":{"line":41,"column":2},"end":{"line":44,"column":4}},"12":{"start":{"line":45,"column":2},"end":{"line":50,"column":3}},"13":{"start":{"line":52,"column":2},"end":{"line":57,"column":3}},"14":{"start":{"line":65,"column":2},"end":{"line":65,"column":35}},"15":{"start":{"line":66,"column":2},"end":{"line":66,"column":36}},"16":{"start":{"line":68,"column":10},"end":{"line":68,"column":46}},"17":{"start":{"line":69,"column":10},"end":{"line":69,"column":43}},"18":{"start":{"line":70,"column":10},"end":{"line":70,"column":40}},"19":{"start":{"line":71,"column":10},"end":{"line":71,"column":37}},"20":{"start":{"line":74,"column":1},"end":{"line":115,"column":2}},"21":{"start":{"line":119,"column":4},"end":{"line":119,"column":20}},"22":{"start":{"line":120,"column":4},"end":{"line":120,"column":18}},"23":{"start":{"line":121,"column":4},"end":{"line":121,"column":22}},"24":{"start":{"line":122,"column":4},"end":{"line":122,"column":28}},"25":{"start":{"line":123,"column":4},"end":{"line":123,"column":20}},"26":{"start":{"line":124,"column":4},"end":{"line":124,"column":24}},"27":{"start":{"line":125,"column":4},"end":{"line":125,"column":79}},"28":{"start":{"line":126,"column":4},"end":{"line":126,"column":54}},"29":{"start":{"line":127,"column":4},"end":{"line":127,"column":49}},"30":{"start":{"line":128,"column":4},"end":{"line":128,"column":53}},"31":{"start":{"line":134,"column":40},"end":{"line":134,"column":125}},"32":{"start":{"line":134,"column":78},"end":{"line":134,"column":113}},"33":{"start":{"line":135,"column":39},"end":{"line":140,"column":5}},"34":{"start":{"line":142,"column":4},"end":{"line":142,"column":24}},"35":{"start":{"line":146,"column":4},"end":{"line":146,"column":47}},"36":{"start":{"line":147,"column":4},"end":{"line":147,"column":48}},"37":{"start":{"line":148,"column":4},"end":{"line":148,"column":34}},"38":{"start":{"line":152,"column":4},"end":{"line":168,"column":6}},"39":{"start":{"line":153,"column":6},"end":{"line":159,"column":7}},"40":{"start":{"line":154,"column":8},"end":{"line":158,"column":9}},"41":{"start":{"line":155,"column":10},"end":{"line":155,"column":46}},"42":{"start":{"line":157,"column":10},"end":{"line":157,"column":92}},"43":{"start":{"line":157,"column":70},"end":{"line":157,"column":91}},"44":{"start":{"line":161,"column":6},"end":{"line":167,"column":7}},"45":{"start":{"line":162,"column":8},"end":{"line":166,"column":9}},"46":{"start":{"line":163,"column":10},"end":{"line":163,"column":47}},"47":{"start":{"line":165,"column":10},"end":{"line":165,"column":94}},"48":{"start":{"line":165,"column":72},"end":{"line":165,"column":93}},"49":{"start":{"line":175,"column":22},"end":{"line":175,"column":48}},"50":{"start":{"line":176,"column":21},"end":{"line":176,"column":44}},"51":{"start":{"line":178,"column":26},"end":{"line":178,"column":66}},"52":{"start":{"line":179,"column":25},"end":{"line":179,"column":63}},"53":{"start":{"line":180,"column":26},"end":{"line":180,"column":66}},"54":{"start":{"line":181,"column":25},"end":{"line":181,"column":63}},"55":{"start":{"line":183,"column":30},"end":{"line":206,"column":5}},"56":{"start":{"line":208,"column":4},"end":{"line":226,"column":5}},"57":{"start":{"line":209,"column":6},"end":{"line":225,"column":7}},"58":{"start":{"line":210,"column":8},"end":{"line":213,"column":9}},"59":{"start":{"line":212,"column":10},"end":{"line":212,"column":87}},"60":{"start":{"line":214,"column":8},"end":{"line":217,"column":9}},"61":{"start":{"line":216,"column":10},"end":{"line":216,"column":88}},"62":{"start":{"line":219,"column":8},"end":{"line":221,"column":9}},"63":{"start":{"line":220,"column":10},"end":{"line":220,"column":86}},"64":{"start":{"line":222,"column":8},"end":{"line":224,"column":9}},"65":{"start":{"line":223,"column":10},"end":{"line":223,"column":88}},"66":{"start":{"line":232,"column":47},"end":{"line":232,"column":60}},"67":{"start":{"line":233,"column":18},"end":{"line":233,"column":44}},"68":{"start":{"line":234,"column":18},"end":{"line":234,"column":44}},"69":{"start":{"line":235,"column":4},"end":{"line":238,"column":5}},"70":{"start":{"line":236,"column":6},"end":{"line":236,"column":42}},"71":{"start":{"line":237,"column":6},"end":{"line":237,"column":42}},"72":{"start":{"line":240,"column":4},"end":{"line":282,"column":5}},"73":{"start":{"line":241,"column":6},"end":{"line":241,"column":44}},"74":{"start":{"line":242,"column":11},"end":{"line":282,"column":5}},"75":{"start":{"line":243,"column":6},"end":{"line":245,"column":7}},"76":{"start":{"line":244,"column":8},"end":{"line":244,"column":46}},"77":{"start":{"line":246,"column":6},"end":{"line":248,"column":7}},"78":{"start":{"line":247,"column":8},"end":{"line":247,"column":47}},"79":{"start":{"line":249,"column":6},"end":{"line":251,"column":7}},"80":{"start":{"line":250,"column":8},"end":{"line":250,"column":48}},"81":{"start":{"line":252,"column":6},"end":{"line":254,"column":7}},"82":{"start":{"line":253,"column":8},"end":{"line":253,"column":48}},"83":{"start":{"line":259,"column":6},"end":{"line":263,"column":7}},"84":{"start":{"line":260,"column":8},"end":{"line":260,"column":30}},"85":{"start":{"line":261,"column":8},"end":{"line":261,"column":35}},"86":{"start":{"line":262,"column":8},"end":{"line":262,"column":26}},"87":{"start":{"line":264,"column":6},"end":{"line":268,"column":7}},"88":{"start":{"line":265,"column":8},"end":{"line":265,"column":35}},"89":{"start":{"line":266,"column":8},"end":{"line":266,"column":35}},"90":{"start":{"line":267,"column":8},"end":{"line":267,"column":26}},"91":{"start":{"line":269,"column":6},"end":{"line":273,"column":7}},"92":{"start":{"line":270,"column":8},"end":{"line":270,"column":35}},"93":{"start":{"line":271,"column":8},"end":{"line":271,"column":30}},"94":{"start":{"line":272,"column":8},"end":{"line":272,"column":25}},"95":{"start":{"line":274,"column":6},"end":{"line":278,"column":7}},"96":{"start":{"line":275,"column":8},"end":{"line":275,"column":30}},"97":{"start":{"line":276,"column":8},"end":{"line":276,"column":30}},"98":{"start":{"line":277,"column":8},"end":{"line":277,"column":24}},"99":{"start":{"line":280,"column":22},"end":{"line":280,"column":88}},"100":{"start":{"line":281,"column":6},"end":{"line":281,"column":65}},"101":{"start":{"line":284,"column":4},"end":{"line":284,"column":39}},"102":{"start":{"line":293,"column":4},"end":{"line":302,"column":11}},"103":{"start":{"line":294,"column":6},"end":{"line":301,"column":7}},"104":{"start":{"line":296,"column":8},"end":{"line":296,"column":114}},"105":{"start":{"line":296,"column":56},"end":{"line":296,"column":113}},"106":{"start":{"line":297,"column":8},"end":{"line":297,"column":59}},"107":{"start":{"line":298,"column":8},"end":{"line":298,"column":45}},"108":{"start":{"line":300,"column":8},"end":{"line":300,"column":54}},"109":{"start":{"line":308,"column":31},"end":{"line":314,"column":6}},"110":{"start":{"line":309,"column":49},"end":{"line":309,"column":90}},"111":{"start":{"line":310,"column":42},"end":{"line":310,"column":87}},"112":{"start":{"line":311,"column":6},"end":{"line":313,"column":7}},"113":{"start":{"line":312,"column":8},"end":{"line":312,"column":19}},"114":{"start":{"line":316,"column":4},"end":{"line":360,"column":5}},"115":{"start":{"line":318,"column":6},"end":{"line":321,"column":7}},"116":{"start":{"line":319,"column":8},"end":{"line":319,"column":56}},"117":{"start":{"line":320,"column":8},"end":{"line":320,"column":54}},"118":{"start":{"line":324,"column":32},"end":{"line":330,"column":8}},"119":{"start":{"line":325,"column":51},"end":{"line":325,"column":92}},"120":{"start":{"line":326,"column":44},"end":{"line":326,"column":89}},"121":{"start":{"line":327,"column":8},"end":{"line":329,"column":9}},"122":{"start":{"line":328,"column":10},"end":{"line":328,"column":21}},"123":{"start":{"line":331,"column":6},"end":{"line":359,"column":7}},"124":{"start":{"line":333,"column":8},"end":{"line":335,"column":9}},"125":{"start":{"line":334,"column":10},"end":{"line":334,"column":56}},"126":{"start":{"line":338,"column":27},"end":{"line":338,"column":46}},"127":{"start":{"line":339,"column":8},"end":{"line":358,"column":9}},"128":{"start":{"line":340,"column":10},"end":{"line":342,"column":11}},"129":{"start":{"line":341,"column":12},"end":{"line":341,"column":48}},"130":{"start":{"line":346,"column":10},"end":{"line":357,"column":11}},"131":{"start":{"line":347,"column":12},"end":{"line":356,"column":13}},"132":{"start":{"line":348,"column":14},"end":{"line":352,"column":15}},"133":{"start":{"line":349,"column":16},"end":{"line":349,"column":72}},"134":{"start":{"line":351,"column":16},"end":{"line":351,"column":78}},"135":{"start":{"line":353,"column":19},"end":{"line":356,"column":13}},"136":{"start":{"line":354,"column":14},"end":{"line":354,"column":60}},"137":{"start":{"line":355,"column":14},"end":{"line":355,"column":76}},"138":{"start":{"line":364,"column":4},"end":{"line":374,"column":29}},"139":{"start":{"line":365,"column":6},"end":{"line":373,"column":7}},"140":{"start":{"line":366,"column":8},"end":{"line":366,"column":22}},"141":{"start":{"line":367,"column":8},"end":{"line":372,"column":9}},"142":{"start":{"line":368,"column":10},"end":{"line":368,"column":29}},"143":{"start":{"line":370,"column":10},"end":{"line":370,"column":57}},"144":{"start":{"line":371,"column":10},"end":{"line":371,"column":72}},"145":{"start":{"line":378,"column":4},"end":{"line":382,"column":5}},"146":{"start":{"line":379,"column":6},"end":{"line":381,"column":7}},"147":{"start":{"line":380,"column":8},"end":{"line":380,"column":38}},"148":{"start":{"line":386,"column":4},"end":{"line":386,"column":28}},"149":{"start":{"line":387,"column":4},"end":{"line":387,"column":31}},"150":{"start":{"line":388,"column":4},"end":{"line":388,"column":25}},"151":{"start":{"line":389,"column":4},"end":{"line":405,"column":6}},"152":{"start":{"line":390,"column":49},"end":{"line":390,"column":90}},"153":{"start":{"line":391,"column":6},"end":{"line":404,"column":7}},"154":{"start":{"line":392,"column":8},"end":{"line":395,"column":9}},"155":{"start":{"line":393,"column":10},"end":{"line":394,"column":48}},"156":{"start":{"line":393,"column":47},"end":{"line":393,"column":69}},"157":{"start":{"line":394,"column":12},"end":{"line":394,"column":48}},"158":{"start":{"line":396,"column":8},"end":{"line":399,"column":9}},"159":{"start":{"line":397,"column":10},"end":{"line":398,"column":45}},"160":{"start":{"line":397,"column":44},"end":{"line":397,"column":66}},"161":{"start":{"line":398,"column":12},"end":{"line":398,"column":45}},"162":{"start":{"line":400,"column":8},"end":{"line":403,"column":9}},"163":{"start":{"line":401,"column":10},"end":{"line":402,"column":42}},"164":{"start":{"line":401,"column":41},"end":{"line":401,"column":63}},"165":{"start":{"line":402,"column":12},"end":{"line":402,"column":42}},"166":{"start":{"line":410,"column":4},"end":{"line":417,"column":5}},"167":{"start":{"line":411,"column":29},"end":{"line":411,"column":36}},"168":{"start":{"line":412,"column":6},"end":{"line":416,"column":7}},"169":{"start":{"line":413,"column":8},"end":{"line":413,"column":63}},"170":{"start":{"line":415,"column":8},"end":{"line":415,"column":69}},"171":{"start":{"line":419,"column":4},"end":{"line":429,"column":5}},"172":{"start":{"line":421,"column":8},"end":{"line":421,"column":37}},"173":{"start":{"line":422,"column":8},"end":{"line":422,"column":14}},"174":{"start":{"line":424,"column":8},"end":{"line":424,"column":36}},"175":{"start":{"line":425,"column":8},"end":{"line":425,"column":14}},"176":{"start":{"line":427,"column":8},"end":{"line":427,"column":41}},"177":{"start":{"line":428,"column":8},"end":{"line":428,"column":14}},"178":{"start":{"line":433,"column":4},"end":{"line":440,"column":5}},"179":{"start":{"line":434,"column":29},"end":{"line":434,"column":36}},"180":{"start":{"line":435,"column":6},"end":{"line":439,"column":7}},"181":{"start":{"line":436,"column":8},"end":{"line":436,"column":63}},"182":{"start":{"line":438,"column":8},"end":{"line":438,"column":69}},"183":{"start":{"line":442,"column":4},"end":{"line":449,"column":5}},"184":{"start":{"line":444,"column":8},"end":{"line":444,"column":39}},"185":{"start":{"line":445,"column":8},"end":{"line":445,"column":14}},"186":{"start":{"line":447,"column":8},"end":{"line":447,"column":41}},"187":{"start":{"line":448,"column":8},"end":{"line":448,"column":14}},"188":{"start":{"line":455,"column":4},"end":{"line":457,"column":5}},"189":{"start":{"line":456,"column":8},"end":{"line":456,"column":63}},"190":{"start":{"line":459,"column":4},"end":{"line":463,"column":5}},"191":{"start":{"line":461,"column":8},"end":{"line":461,"column":39}},"192":{"start":{"line":462,"column":8},"end":{"line":462,"column":14}},"193":{"start":{"line":466,"column":4},"end":{"line":466,"column":64}},"194":{"start":{"line":467,"column":4},"end":{"line":467,"column":72}},"195":{"start":{"line":468,"column":21},"end":{"line":468,"column":22}},"196":{"start":{"line":469,"column":4},"end":{"line":469,"column":89}},"197":{"start":{"line":470,"column":4},"end":{"line":482,"column":6}},"198":{"start":{"line":472,"column":6},"end":{"line":472,"column":60}},"199":{"start":{"line":475,"column":6},"end":{"line":475,"column":78}},"200":{"start":{"line":476,"column":6},"end":{"line":481,"column":7}},"201":{"start":{"line":477,"column":8},"end":{"line":478,"column":75}},"202":{"start":{"line":478,"column":20},"end":{"line":478,"column":74}},"203":{"start":{"line":480,"column":8},"end":{"line":480,"column":62}},"204":{"start":{"line":486,"column":4},"end":{"line":486,"column":70}},"205":{"start":{"line":487,"column":4},"end":{"line":487,"column":75}},"206":{"start":{"line":489,"column":21},"end":{"line":489,"column":22}},"207":{"start":{"line":491,"column":4},"end":{"line":503,"column":6}},"208":{"start":{"line":493,"column":6},"end":{"line":493,"column":60}},"209":{"start":{"line":496,"column":6},"end":{"line":496,"column":76}},"210":{"start":{"line":497,"column":6},"end":{"line":502,"column":7}},"211":{"start":{"line":498,"column":8},"end":{"line":499,"column":75}},"212":{"start":{"line":499,"column":20},"end":{"line":499,"column":74}},"213":{"start":{"line":501,"column":8},"end":{"line":501,"column":62}},"214":{"start":{"line":507,"column":4},"end":{"line":507,"column":77}},"215":{"start":{"line":507,"column":34},"end":{"line":507,"column":76}},"216":{"start":{"line":507,"column":51},"end":{"line":507,"column":60}},"217":{"start":{"line":510,"column":4},"end":{"line":510,"column":76}},"218":{"start":{"line":510,"column":34},"end":{"line":510,"column":75}},"219":{"start":{"line":510,"column":51},"end":{"line":510,"column":60}},"220":{"start":{"line":514,"column":33},"end":{"line":514,"column":41}},"221":{"start":{"line":516,"column":36},"end":{"line":516,"column":68}},"222":{"start":{"line":517,"column":4},"end":{"line":519,"column":5}},"223":{"start":{"line":518,"column":6},"end":{"line":518,"column":29}},"224":{"start":{"line":520,"column":4},"end":{"line":522,"column":5}},"225":{"start":{"line":521,"column":6},"end":{"line":521,"column":29}},"226":{"start":{"line":523,"column":4},"end":{"line":525,"column":5}},"227":{"start":{"line":524,"column":6},"end":{"line":524,"column":29}},"228":{"start":{"line":526,"column":4},"end":{"line":528,"column":5}},"229":{"start":{"line":527,"column":6},"end":{"line":527,"column":29}},"230":{"start":{"line":529,"column":4},"end":{"line":531,"column":5}},"231":{"start":{"line":530,"column":6},"end":{"line":530,"column":29}},"232":{"start":{"line":535,"column":33},"end":{"line":535,"column":41}},"233":{"start":{"line":537,"column":39},"end":{"line":537,"column":77}},"234":{"start":{"line":538,"column":4},"end":{"line":540,"column":5}},"235":{"start":{"line":539,"column":6},"end":{"line":539,"column":29}},"236":{"start":{"line":541,"column":4},"end":{"line":543,"column":5}},"237":{"start":{"line":542,"column":6},"end":{"line":542,"column":29}},"238":{"start":{"line":544,"column":4},"end":{"line":546,"column":5}},"239":{"start":{"line":545,"column":6},"end":{"line":545,"column":29}},"240":{"start":{"line":547,"column":4},"end":{"line":549,"column":5}},"241":{"start":{"line":548,"column":6},"end":{"line":548,"column":29}},"242":{"start":{"line":550,"column":4},"end":{"line":552,"column":5}},"243":{"start":{"line":551,"column":6},"end":{"line":551,"column":29}},"244":{"start":{"line":556,"column":4},"end":{"line":556,"column":58}},"245":{"start":{"line":561,"column":4},"end":{"line":561,"column":57}},"246":{"start":{"line":562,"column":4},"end":{"line":562,"column":60}},"247":{"start":{"line":563,"column":34},"end":{"line":566,"column":5}},"248":{"start":{"line":567,"column":34},"end":{"line":567,"column":67}},"249":{"start":{"line":569,"column":4},"end":{"line":570,"column":50}},"250":{"start":{"line":570,"column":16},"end":{"line":570,"column":49}},"251":{"start":{"line":575,"column":4},"end":{"line":591,"column":5}},"252":{"start":{"line":576,"column":6},"end":{"line":590,"column":7}},"253":{"start":{"line":577,"column":8},"end":{"line":577,"column":75}},"254":{"start":{"line":578,"column":8},"end":{"line":578,"column":60}},"255":{"start":{"line":579,"column":8},"end":{"line":579,"column":64}},"256":{"start":{"line":580,"column":8},"end":{"line":581,"column":38}},"257":{"start":{"line":581,"column":20},"end":{"line":581,"column":37}},"258":{"start":{"line":582,"column":8},"end":{"line":582,"column":38}},"259":{"start":{"line":583,"column":13},"end":{"line":590,"column":7}},"260":{"start":{"line":584,"column":8},"end":{"line":584,"column":76}},"261":{"start":{"line":585,"column":8},"end":{"line":585,"column":61}},"262":{"start":{"line":586,"column":8},"end":{"line":586,"column":64}},"263":{"start":{"line":587,"column":8},"end":{"line":588,"column":38}},"264":{"start":{"line":588,"column":20},"end":{"line":588,"column":37}},"265":{"start":{"line":589,"column":8},"end":{"line":589,"column":39}},"266":{"start":{"line":592,"column":21},"end":{"line":592,"column":32}},"267":{"start":{"line":593,"column":4},"end":{"line":593,"column":62}},"268":{"start":{"line":594,"column":4},"end":{"line":594,"column":61}},"269":{"start":{"line":595,"column":4},"end":{"line":596,"column":39}},"270":{"start":{"line":596,"column":16},"end":{"line":596,"column":38}},"271":{"start":{"line":597,"column":4},"end":{"line":597,"column":31}},"272":{"start":{"line":603,"column":4},"end":{"line":605,"column":5}},"273":{"start":{"line":604,"column":6},"end":{"line":604,"column":37}},"274":{"start":{"line":607,"column":4},"end":{"line":607,"column":53}},"275":{"start":{"line":610,"column":4},"end":{"line":611,"column":36}},"276":{"start":{"line":611,"column":16},"end":{"line":611,"column":35}},"277":{"start":{"line":615,"column":4},"end":{"line":619,"column":5}},"278":{"start":{"line":616,"column":6},"end":{"line":616,"column":61}},"279":{"start":{"line":618,"column":6},"end":{"line":618,"column":67}},"280":{"start":{"line":620,"column":4},"end":{"line":621,"column":36}},"281":{"start":{"line":621,"column":16},"end":{"line":621,"column":35}},"282":{"start":{"line":624,"column":4},"end":{"line":628,"column":5}},"283":{"start":{"line":625,"column":6},"end":{"line":625,"column":67}},"284":{"start":{"line":627,"column":6},"end":{"line":627,"column":61}},"285":{"start":{"line":629,"column":4},"end":{"line":630,"column":36}},"286":{"start":{"line":630,"column":16},"end":{"line":630,"column":35}},"287":{"start":{"line":634,"column":4},"end":{"line":634,"column":44}},"288":{"start":{"line":635,"column":4},"end":{"line":646,"column":5}},"289":{"start":{"line":636,"column":6},"end":{"line":636,"column":26}},"290":{"start":{"line":637,"column":11},"end":{"line":646,"column":5}},"291":{"start":{"line":638,"column":6},"end":{"line":638,"column":67}},"292":{"start":{"line":640,"column":6},"end":{"line":641,"column":38}},"293":{"start":{"line":641,"column":18},"end":{"line":641,"column":37}},"294":{"start":{"line":644,"column":6},"end":{"line":645,"column":38}},"295":{"start":{"line":645,"column":18},"end":{"line":645,"column":37}},"296":{"start":{"line":650,"column":4},"end":{"line":650,"column":55}},"297":{"start":{"line":651,"column":4},"end":{"line":651,"column":61}},"298":{"start":{"line":652,"column":4},"end":{"line":652,"column":33}},"299":{"start":{"line":656,"column":4},"end":{"line":659,"column":5}},"300":{"start":{"line":657,"column":6},"end":{"line":657,"column":60}},"301":{"start":{"line":658,"column":6},"end":{"line":658,"column":55}},"302":{"start":{"line":664,"column":4},"end":{"line":672,"column":5}},"303":{"start":{"line":665,"column":6},"end":{"line":667,"column":7}},"304":{"start":{"line":666,"column":8},"end":{"line":666,"column":53}},"305":{"start":{"line":669,"column":6},"end":{"line":671,"column":7}},"306":{"start":{"line":670,"column":8},"end":{"line":670,"column":52}},"307":{"start":{"line":676,"column":4},"end":{"line":676,"column":27}},"308":{"start":{"line":677,"column":4},"end":{"line":677,"column":31}},"309":{"start":{"line":681,"column":4},"end":{"line":681,"column":30}},"310":{"start":{"line":682,"column":4},"end":{"line":682,"column":31}},"311":{"start":{"line":686,"column":4},"end":{"line":686,"column":29}},"312":{"start":{"line":688,"column":4},"end":{"line":690,"column":5}},"313":{"start":{"line":689,"column":6},"end":{"line":689,"column":33}},"314":{"start":{"line":691,"column":4},"end":{"line":695,"column":5}},"315":{"start":{"line":692,"column":6},"end":{"line":692,"column":48}},"316":{"start":{"line":693,"column":6},"end":{"line":693,"column":61}},"317":{"start":{"line":694,"column":6},"end":{"line":694,"column":25}},"318":{"start":{"line":698,"column":4},"end":{"line":698,"column":64}},"319":{"start":{"line":699,"column":4},"end":{"line":699,"column":28}},"320":{"start":{"line":704,"column":4},"end":{"line":704,"column":42}},"321":{"start":{"line":705,"column":27},"end":{"line":705,"column":40}},"322":{"start":{"line":707,"column":4},"end":{"line":717,"column":6}},"323":{"start":{"line":708,"column":16},"end":{"line":708,"column":43}},"324":{"start":{"line":710,"column":6},"end":{"line":710,"column":102}},"325":{"start":{"line":711,"column":6},"end":{"line":716,"column":7}},"326":{"start":{"line":712,"column":8},"end":{"line":715,"column":9}},"327":{"start":{"line":713,"column":10},"end":{"line":714,"column":50}},"328":{"start":{"line":714,"column":22},"end":{"line":714,"column":49}},"329":{"start":{"line":722,"column":4},"end":{"line":724,"column":5}},"330":{"start":{"line":723,"column":6},"end":{"line":723,"column":56}},"331":{"start":{"line":725,"column":4},"end":{"line":727,"column":5}},"332":{"start":{"line":726,"column":6},"end":{"line":726,"column":56}},"333":{"start":{"line":728,"column":4},"end":{"line":728,"column":36}},"334":{"start":{"line":729,"column":4},"end":{"line":729,"column":39}},"335":{"start":{"line":735,"column":4},"end":{"line":737,"column":5}},"336":{"start":{"line":736,"column":6},"end":{"line":736,"column":48}},"337":{"start":{"line":738,"column":4},"end":{"line":769,"column":6}},"338":{"start":{"line":739,"column":6},"end":{"line":739,"column":37}},"339":{"start":{"line":740,"column":6},"end":{"line":740,"column":65}},"340":{"start":{"line":741,"column":6},"end":{"line":743,"column":7}},"341":{"start":{"line":742,"column":8},"end":{"line":742,"column":60}},"342":{"start":{"line":745,"column":33},"end":{"line":745,"column":38}},"343":{"start":{"line":746,"column":3},"end":{"line":746,"column":63}},"344":{"start":{"line":746,"column":20},"end":{"line":746,"column":47}},"345":{"start":{"line":748,"column":29},"end":{"line":761,"column":7}},"346":{"start":{"line":749,"column":8},"end":{"line":760,"column":10}},"347":{"start":{"line":752,"column":12},"end":{"line":756,"column":13}},"348":{"start":{"line":753,"column":14},"end":{"line":753,"column":30}},"349":{"start":{"line":755,"column":14},"end":{"line":755,"column":23}},"350":{"start":{"line":759,"column":10},"end":{"line":759,"column":24}},"351":{"start":{"line":763,"column":6},"end":{"line":763,"column":22}},"352":{"start":{"line":767,"column":6},"end":{"line":767,"column":35}},"353":{"start":{"line":772,"column":4},"end":{"line":786,"column":6}},"354":{"start":{"line":773,"column":21},"end":{"line":773,"column":47}},"355":{"start":{"line":774,"column":29},"end":{"line":774,"column":50}},"356":{"start":{"line":775,"column":6},"end":{"line":785,"column":7}},"357":{"start":{"line":776,"column":8},"end":{"line":776,"column":37}},"358":{"start":{"line":778,"column":11},"end":{"line":785,"column":7}},"359":{"start":{"line":779,"column":8},"end":{"line":779,"column":62}},"360":{"start":{"line":780,"column":8},"end":{"line":780,"column":51}},"361":{"start":{"line":783,"column":8},"end":{"line":783,"column":33}},"362":{"start":{"line":784,"column":8},"end":{"line":784,"column":32}},"363":{"start":{"line":790,"column":4},"end":{"line":793,"column":5}},"364":{"start":{"line":794,"column":4},"end":{"line":794,"column":32}},"365":{"start":{"line":798,"column":36},"end":{"line":798,"column":59}},"366":{"start":{"line":799,"column":4},"end":{"line":801,"column":5}},"367":{"start":{"line":800,"column":6},"end":{"line":800,"column":24}},"368":{"start":{"line":802,"column":4},"end":{"line":804,"column":5}},"369":{"start":{"line":803,"column":6},"end":{"line":803,"column":23}},"370":{"start":{"line":805,"column":4},"end":{"line":807,"column":5}},"371":{"start":{"line":806,"column":6},"end":{"line":806,"column":22}},"372":{"start":{"line":808,"column":4},"end":{"line":810,"column":5}},"373":{"start":{"line":809,"column":6},"end":{"line":809,"column":25}},"374":{"start":{"line":814,"column":19},"end":{"line":814,"column":21}},"375":{"start":{"line":815,"column":19},"end":{"line":815,"column":21}},"376":{"start":{"line":817,"column":4},"end":{"line":836,"column":5}},"377":{"start":{"line":818,"column":6},"end":{"line":818,"column":42}},"378":{"start":{"line":819,"column":6},"end":{"line":819,"column":23}},"379":{"start":{"line":820,"column":6},"end":{"line":820,"column":29}},"380":{"start":{"line":822,"column":9},"end":{"line":836,"column":5}},"381":{"start":{"line":823,"column":6},"end":{"line":823,"column":43}},"382":{"start":{"line":824,"column":6},"end":{"line":824,"column":23}},"383":{"start":{"line":825,"column":6},"end":{"line":825,"column":32}},"384":{"start":{"line":827,"column":9},"end":{"line":836,"column":5}},"385":{"start":{"line":828,"column":6},"end":{"line":828,"column":44}},"386":{"start":{"line":829,"column":6},"end":{"line":829,"column":26}},"387":{"start":{"line":830,"column":6},"end":{"line":830,"column":32}},"388":{"start":{"line":832,"column":9},"end":{"line":836,"column":5}},"389":{"start":{"line":833,"column":6},"end":{"line":833,"column":44}},"390":{"start":{"line":834,"column":6},"end":{"line":834,"column":26}},"391":{"start":{"line":835,"column":6},"end":{"line":835,"column":29}},"392":{"start":{"line":838,"column":23},"end":{"line":838,"column":24}},"393":{"start":{"line":839,"column":22},"end":{"line":839,"column":57}},"394":{"start":{"line":840,"column":22},"end":{"line":840,"column":57}},"395":{"start":{"line":842,"column":4},"end":{"line":842,"column":43}},"396":{"start":{"line":27,"column":0},"end":{"line":844,"column":1}}},"fnMap":{"0":{"name":"(anonymous_0)","decl":{"start":{"line":118,"column":2},"end":{"line":118,"column":13}},"loc":{"start":{"line":118,"column":74},"end":{"line":130,"column":3}}},"1":{"name":"(anonymous_1)","decl":{"start":{"line":133,"column":2},"end":{"line":133,"column":17}},"loc":{"start":{"line":133,"column":18},"end":{"line":143,"column":3}}},"2":{"name":"(anonymous_2)","decl":{"start":{"line":134,"column":69},"end":{"line":134,"column":73}},"loc":{"start":{"line":134,"column":78},"end":{"line":134,"column":113}}},"3":{"name":"(anonymous_3)","decl":{"start":{"line":145,"column":1},"end":{"line":145,"column":5}},"loc":{"start":{"line":145,"column":53},"end":{"line":149,"column":3}}},"4":{"name":"(anonymous_4)","decl":{"start":{"line":151,"column":2},"end":{"line":151,"column":24}},"loc":{"start":{"line":151,"column":25},"end":{"line":169,"column":3}}},"5":{"name":"(anonymous_5)","decl":{"start":{"line":152,"column":41},"end":{"line":152,"column":42}},"loc":{"start":{"line":152,"column":62},"end":{"line":168,"column":5}}},"6":{"name":"(anonymous_6)","decl":{"start":{"line":157,"column":65},"end":{"line":157,"column":66}},"loc":{"start":{"line":157,"column":70},"end":{"line":157,"column":91}}},"7":{"name":"(anonymous_7)","decl":{"start":{"line":165,"column":67},"end":{"line":165,"column":68}},"loc":{"start":{"line":165,"column":72},"end":{"line":165,"column":93}}},"8":{"name":"(anonymous_8)","decl":{"start":{"line":173,"column":10},"end":{"line":173,"column":36}},"loc":{"start":{"line":173,"column":54},"end":{"line":227,"column":3}}},"9":{"name":"(anonymous_9)","decl":{"start":{"line":231,"column":2},"end":{"line":231,"column":24}},"loc":{"start":{"line":231,"column":62},"end":{"line":285,"column":3}}},"10":{"name":"(anonymous_10)","decl":{"start":{"line":287,"column":10},"end":{"line":287,"column":30}},"loc":{"start":{"line":287,"column":31},"end":{"line":289,"column":3}}},"11":{"name":"(anonymous_11)","decl":{"start":{"line":291,"column":10},"end":{"line":291,"column":35}},"loc":{"start":{"line":291,"column":61},"end":{"line":304,"column":3}}},"12":{"name":"(anonymous_12)","decl":{"start":{"line":293,"column":15},"end":{"line":293,"column":17}},"loc":{"start":{"line":293,"column":20},"end":{"line":302,"column":5}}},"13":{"name":"(anonymous_13)","decl":{"start":{"line":296,"column":45},"end":{"line":296,"column":51}},"loc":{"start":{"line":296,"column":56},"end":{"line":296,"column":113}}},"14":{"name":"(anonymous_14)","decl":{"start":{"line":306,"column":10},"end":{"line":306,"column":39}},"loc":{"start":{"line":306,"column":40},"end":{"line":361,"column":3}}},"15":{"name":"(anonymous_15)","decl":{"start":{"line":308,"column":59},"end":{"line":308,"column":65}},"loc":{"start":{"line":308,"column":69},"end":{"line":314,"column":5}}},"16":{"name":"(anonymous_16)","decl":{"start":{"line":324,"column":57},"end":{"line":324,"column":63}},"loc":{"start":{"line":324,"column":67},"end":{"line":330,"column":7}}},"17":{"name":"(anonymous_17)","decl":{"start":{"line":363,"column":10},"end":{"line":363,"column":21}},"loc":{"start":{"line":363,"column":22},"end":{"line":375,"column":3}}},"18":{"name":"(anonymous_18)","decl":{"start":{"line":364,"column":15},"end":{"line":364,"column":17}},"loc":{"start":{"line":364,"column":20},"end":{"line":374,"column":5}}},"19":{"name":"(anonymous_19)","decl":{"start":{"line":377,"column":10},"end":{"line":377,"column":32}},"loc":{"start":{"line":377,"column":48},"end":{"line":383,"column":3}}},"20":{"name":"(anonymous_20)","decl":{"start":{"line":385,"column":10},"end":{"line":385,"column":40}},"loc":{"start":{"line":385,"column":61},"end":{"line":406,"column":3}}},"21":{"name":"(anonymous_21)","decl":{"start":{"line":389,"column":21},"end":{"line":389,"column":27}},"loc":{"start":{"line":389,"column":31},"end":{"line":405,"column":5}}},"22":{"name":"(anonymous_22)","decl":{"start":{"line":393,"column":42},"end":{"line":393,"column":43}},"loc":{"start":{"line":393,"column":47},"end":{"line":393,"column":69}}},"23":{"name":"(anonymous_23)","decl":{"start":{"line":397,"column":39},"end":{"line":397,"column":40}},"loc":{"start":{"line":397,"column":44},"end":{"line":397,"column":66}}},"24":{"name":"(anonymous_24)","decl":{"start":{"line":401,"column":36},"end":{"line":401,"column":37}},"loc":{"start":{"line":401,"column":41},"end":{"line":401,"column":63}}},"25":{"name":"(anonymous_25)","decl":{"start":{"line":409,"column":10},"end":{"line":409,"column":30}},"loc":{"start":{"line":409,"column":48},"end":{"line":430,"column":3}}},"26":{"name":"(anonymous_26)","decl":{"start":{"line":432,"column":10},"end":{"line":432,"column":31}},"loc":{"start":{"line":432,"column":49},"end":{"line":451,"column":3}}},"27":{"name":"(anonymous_27)","decl":{"start":{"line":454,"column":10},"end":{"line":454,"column":28}},"loc":{"start":{"line":454,"column":46},"end":{"line":464,"column":3}}},"28":{"name":"(anonymous_28)","decl":{"start":{"line":465,"column":2},"end":{"line":465,"column":18}},"loc":{"start":{"line":465,"column":36},"end":{"line":483,"column":3}}},"29":{"name":"(anonymous_29)","decl":{"start":{"line":471,"column":10},"end":{"line":471,"column":12}},"loc":{"start":{"line":471,"column":15},"end":{"line":473,"column":5}}},"30":{"name":"(anonymous_30)","decl":{"start":{"line":474,"column":11},"end":{"line":474,"column":15}},"loc":{"start":{"line":474,"column":19},"end":{"line":482,"column":5}}},"31":{"name":"(anonymous_31)","decl":{"start":{"line":478,"column":14},"end":{"line":478,"column":16}},"loc":{"start":{"line":478,"column":20},"end":{"line":478,"column":74}}},"32":{"name":"(anonymous_32)","decl":{"start":{"line":485,"column":2},"end":{"line":485,"column":20}},"loc":{"start":{"line":485,"column":29},"end":{"line":504,"column":3}}},"33":{"name":"(anonymous_33)","decl":{"start":{"line":492,"column":10},"end":{"line":492,"column":12}},"loc":{"start":{"line":492,"column":15},"end":{"line":494,"column":5}}},"34":{"name":"(anonymous_34)","decl":{"start":{"line":495,"column":11},"end":{"line":495,"column":15}},"loc":{"start":{"line":495,"column":19},"end":{"line":503,"column":5}}},"35":{"name":"(anonymous_35)","decl":{"start":{"line":499,"column":14},"end":{"line":499,"column":16}},"loc":{"start":{"line":499,"column":20},"end":{"line":499,"column":74}}},"36":{"name":"(anonymous_36)","decl":{"start":{"line":506,"column":10},"end":{"line":506,"column":27}},"loc":{"start":{"line":506,"column":50},"end":{"line":508,"column":3}}},"37":{"name":"(anonymous_37)","decl":{"start":{"line":507,"column":23},"end":{"line":507,"column":29}},"loc":{"start":{"line":507,"column":34},"end":{"line":507,"column":76}}},"38":{"name":"(anonymous_38)","decl":{"start":{"line":507,"column":45},"end":{"line":507,"column":47}},"loc":{"start":{"line":507,"column":51},"end":{"line":507,"column":60}}},"39":{"name":"(anonymous_39)","decl":{"start":{"line":509,"column":10},"end":{"line":509,"column":26}},"loc":{"start":{"line":509,"column":48},"end":{"line":511,"column":3}}},"40":{"name":"(anonymous_40)","decl":{"start":{"line":510,"column":23},"end":{"line":510,"column":29}},"loc":{"start":{"line":510,"column":34},"end":{"line":510,"column":75}}},"41":{"name":"(anonymous_41)","decl":{"start":{"line":510,"column":45},"end":{"line":510,"column":47}},"loc":{"start":{"line":510,"column":51},"end":{"line":510,"column":60}}},"42":{"name":"(anonymous_42)","decl":{"start":{"line":513,"column":10},"end":{"line":513,"column":14}},"loc":{"start":{"line":513,"column":44},"end":{"line":532,"column":3}}},"43":{"name":"(anonymous_43)","decl":{"start":{"line":534,"column":10},"end":{"line":534,"column":14}},"loc":{"start":{"line":534,"column":44},"end":{"line":553,"column":3}}},"44":{"name":"(anonymous_44)","decl":{"start":{"line":555,"column":2},"end":{"line":555,"column":16}},"loc":{"start":{"line":555,"column":34},"end":{"line":557,"column":3}}},"45":{"name":"(anonymous_45)","decl":{"start":{"line":560,"column":10},"end":{"line":560,"column":24}},"loc":{"start":{"line":560,"column":42},"end":{"line":572,"column":3}}},"46":{"name":"(anonymous_46)","decl":{"start":{"line":570,"column":10},"end":{"line":570,"column":12}},"loc":{"start":{"line":570,"column":16},"end":{"line":570,"column":49}}},"47":{"name":"(anonymous_47)","decl":{"start":{"line":574,"column":2},"end":{"line":574,"column":12}},"loc":{"start":{"line":574,"column":60},"end":{"line":598,"column":3}}},"48":{"name":"(anonymous_48)","decl":{"start":{"line":581,"column":14},"end":{"line":581,"column":16}},"loc":{"start":{"line":581,"column":20},"end":{"line":581,"column":37}}},"49":{"name":"(anonymous_49)","decl":{"start":{"line":588,"column":14},"end":{"line":588,"column":16}},"loc":{"start":{"line":588,"column":20},"end":{"line":588,"column":37}}},"50":{"name":"(anonymous_50)","decl":{"start":{"line":596,"column":10},"end":{"line":596,"column":12}},"loc":{"start":{"line":596,"column":16},"end":{"line":596,"column":38}}},"51":{"name":"(anonymous_51)","decl":{"start":{"line":602,"column":2},"end":{"line":602,"column":21}},"loc":{"start":{"line":602,"column":44},"end":{"line":612,"column":3}}},"52":{"name":"(anonymous_52)","decl":{"start":{"line":611,"column":10},"end":{"line":611,"column":12}},"loc":{"start":{"line":611,"column":16},"end":{"line":611,"column":35}}},"53":{"name":"(anonymous_53)","decl":{"start":{"line":614,"column":10},"end":{"line":614,"column":19}},"loc":{"start":{"line":614,"column":20},"end":{"line":622,"column":3}}},"54":{"name":"(anonymous_54)","decl":{"start":{"line":621,"column":10},"end":{"line":621,"column":12}},"loc":{"start":{"line":621,"column":16},"end":{"line":621,"column":35}}},"55":{"name":"(anonymous_55)","decl":{"start":{"line":623,"column":10},"end":{"line":623,"column":19}},"loc":{"start":{"line":623,"column":20},"end":{"line":631,"column":3}}},"56":{"name":"(anonymous_56)","decl":{"start":{"line":630,"column":10},"end":{"line":630,"column":12}},"loc":{"start":{"line":630,"column":16},"end":{"line":630,"column":35}}},"57":{"name":"(anonymous_57)","decl":{"start":{"line":633,"column":10},"end":{"line":633,"column":21}},"loc":{"start":{"line":633,"column":31},"end":{"line":647,"column":3}}},"58":{"name":"(anonymous_58)","decl":{"start":{"line":641,"column":12},"end":{"line":641,"column":14}},"loc":{"start":{"line":641,"column":18},"end":{"line":641,"column":37}}},"59":{"name":"(anonymous_59)","decl":{"start":{"line":645,"column":12},"end":{"line":645,"column":14}},"loc":{"start":{"line":645,"column":18},"end":{"line":645,"column":37}}},"60":{"name":"(anonymous_60)","decl":{"start":{"line":649,"column":10},"end":{"line":649,"column":22}},"loc":{"start":{"line":649,"column":23},"end":{"line":653,"column":3}}},"61":{"name":"(anonymous_61)","decl":{"start":{"line":655,"column":10},"end":{"line":655,"column":21}},"loc":{"start":{"line":655,"column":22},"end":{"line":660,"column":3}}},"62":{"name":"(anonymous_62)","decl":{"start":{"line":663,"column":1},"end":{"line":663,"column":26}},"loc":{"start":{"line":663,"column":43},"end":{"line":673,"column":3}}},"63":{"name":"(anonymous_63)","decl":{"start":{"line":675,"column":10},"end":{"line":675,"column":25}},"loc":{"start":{"line":675,"column":52},"end":{"line":678,"column":3}}},"64":{"name":"(anonymous_64)","decl":{"start":{"line":680,"column":10},"end":{"line":680,"column":30}},"loc":{"start":{"line":680,"column":48},"end":{"line":683,"column":3}}},"65":{"name":"(anonymous_65)","decl":{"start":{"line":685,"column":10},"end":{"line":685,"column":27}},"loc":{"start":{"line":685,"column":56},"end":{"line":696,"column":3}}},"66":{"name":"(anonymous_66)","decl":{"start":{"line":697,"column":10},"end":{"line":697,"column":26}},"loc":{"start":{"line":697,"column":54},"end":{"line":700,"column":3}}},"67":{"name":"(anonymous_67)","decl":{"start":{"line":703,"column":1},"end":{"line":703,"column":20}},"loc":{"start":{"line":703,"column":21},"end":{"line":718,"column":3}}},"68":{"name":"(anonymous_68)","decl":{"start":{"line":708,"column":10},"end":{"line":708,"column":12}},"loc":{"start":{"line":708,"column":16},"end":{"line":708,"column":43}}},"69":{"name":"(anonymous_69)","decl":{"start":{"line":709,"column":11},"end":{"line":709,"column":15}},"loc":{"start":{"line":709,"column":19},"end":{"line":717,"column":5}}},"70":{"name":"(anonymous_70)","decl":{"start":{"line":714,"column":16},"end":{"line":714,"column":18}},"loc":{"start":{"line":714,"column":22},"end":{"line":714,"column":49}}},"71":{"name":"(anonymous_71)","decl":{"start":{"line":720,"column":2},"end":{"line":720,"column":17}},"loc":{"start":{"line":720,"column":18},"end":{"line":730,"column":3}}},"72":{"name":"(anonymous_72)","decl":{"start":{"line":729,"column":30},"end":{"line":729,"column":32}},"loc":{"start":{"line":729,"column":35},"end":{"line":729,"column":38}}},"73":{"name":"(anonymous_73)","decl":{"start":{"line":734,"column":2},"end":{"line":734,"column":5}},"loc":{"start":{"line":734,"column":23},"end":{"line":770,"column":3}}},"74":{"name":"(anonymous_74)","decl":{"start":{"line":738,"column":23},"end":{"line":738,"column":24}},"loc":{"start":{"line":738,"column":43},"end":{"line":765,"column":5}}},"75":{"name":"(anonymous_75)","decl":{"start":{"line":746,"column":14},"end":{"line":746,"column":16}},"loc":{"start":{"line":746,"column":20},"end":{"line":746,"column":47}}},"76":{"name":"(anonymous_76)","decl":{"start":{"line":748,"column":29},"end":{"line":748,"column":31}},"loc":{"start":{"line":748,"column":34},"end":{"line":761,"column":7}}},"77":{"name":"(anonymous_77)","decl":{"start":{"line":751,"column":10},"end":{"line":751,"column":12}},"loc":{"start":{"line":751,"column":15},"end":{"line":757,"column":11}}},"78":{"name":"(anonymous_78)","decl":{"start":{"line":758,"column":16},"end":{"line":758,"column":21}},"loc":{"start":{"line":758,"column":25},"end":{"line":760,"column":9}}},"79":{"name":"(anonymous_79)","decl":{"start":{"line":766,"column":10},"end":{"line":766,"column":12}},"loc":{"start":{"line":766,"column":15},"end":{"line":769,"column":5}}},"80":{"name":"(anonymous_80)","decl":{"start":{"line":771,"column":2},"end":{"line":771,"column":9}},"loc":{"start":{"line":771,"column":10},"end":{"line":787,"column":3}}},"81":{"name":"(anonymous_81)","decl":{"start":{"line":772,"column":23},"end":{"line":772,"column":24}},"loc":{"start":{"line":772,"column":43},"end":{"line":786,"column":5}}},"82":{"name":"(anonymous_82)","decl":{"start":{"line":789,"column":2},"end":{"line":789,"column":15}},"loc":{"start":{"line":789,"column":37},"end":{"line":795,"column":3}}},"83":{"name":"(anonymous_83)","decl":{"start":{"line":797,"column":2},"end":{"line":797,"column":12}},"loc":{"start":{"line":797,"column":18},"end":{"line":811,"column":3}}},"84":{"name":"(anonymous_84)","decl":{"start":{"line":813,"column":2},"end":{"line":813,"column":20}},"loc":{"start":{"line":813,"column":21},"end":{"line":843,"column":3}}}},"branchMap":{"0":{"loc":{"start":{"line":125,"column":37},"end":{"line":125,"column":56}},"type":"cond-expr","locations":[{"start":{"line":125,"column":37},"end":{"line":125,"column":56}},{"start":{"line":125,"column":59},"end":{"line":125,"column":79}}]},"1":{"loc":{"start":{"line":153,"column":6},"end":{"line":159,"column":7}},"type":"if","locations":[{"start":{"line":153,"column":6},"end":{"line":159,"column":7}},{"start":{"line":153,"column":6},"end":{"line":159,"column":7}}]},"2":{"loc":{"start":{"line":154,"column":8},"end":{"line":158,"column":9}},"type":"if","locations":[{"start":{"line":154,"column":8},"end":{"line":158,"column":9}},{"start":{"line":154,"column":8},"end":{"line":158,"column":9}}]},"3":{"loc":{"start":{"line":161,"column":6},"end":{"line":167,"column":7}},"type":"if","locations":[{"start":{"line":161,"column":6},"end":{"line":167,"column":7}},{"start":{"line":161,"column":6},"end":{"line":167,"column":7}}]},"4":{"loc":{"start":{"line":162,"column":8},"end":{"line":166,"column":9}},"type":"if","locations":[{"start":{"line":162,"column":8},"end":{"line":166,"column":9}},{"start":{"line":162,"column":8},"end":{"line":166,"column":9}}]},"5":{"loc":{"start":{"line":209,"column":6},"end":{"line":225,"column":7}},"type":"if","locations":[{"start":{"line":209,"column":6},"end":{"line":225,"column":7}},{"start":{"line":209,"column":6},"end":{"line":225,"column":7}}]},"6":{"loc":{"start":{"line":210,"column":8},"end":{"line":213,"column":9}},"type":"if","locations":[{"start":{"line":210,"column":8},"end":{"line":213,"column":9}},{"start":{"line":210,"column":8},"end":{"line":213,"column":9}}]},"7":{"loc":{"start":{"line":210,"column":13},"end":{"line":210,"column":44}},"type":"binary-expr","locations":[{"start":{"line":210,"column":13},"end":{"line":210,"column":44}},{"start":{"line":210,"column":50},"end":{"line":210,"column":112}},{"start":{"line":211,"column":9},"end":{"line":211,"column":77}},{"start":{"line":211,"column":81},"end":{"line":211,"column":149}}]},"8":{"loc":{"start":{"line":214,"column":8},"end":{"line":217,"column":9}},"type":"if","locations":[{"start":{"line":214,"column":8},"end":{"line":217,"column":9}},{"start":{"line":214,"column":8},"end":{"line":217,"column":9}}]},"9":{"loc":{"start":{"line":214,"column":12},"end":{"line":214,"column":45}},"type":"binary-expr","locations":[{"start":{"line":214,"column":12},"end":{"line":214,"column":45}},{"start":{"line":214,"column":49},"end":{"line":214,"column":111}},{"start":{"line":215,"column":9},"end":{"line":215,"column":77}},{"start":{"line":215,"column":81},"end":{"line":215,"column":149}}]},"10":{"loc":{"start":{"line":219,"column":8},"end":{"line":221,"column":9}},"type":"if","locations":[{"start":{"line":219,"column":8},"end":{"line":221,"column":9}},{"start":{"line":219,"column":8},"end":{"line":221,"column":9}}]},"11":{"loc":{"start":{"line":222,"column":8},"end":{"line":224,"column":9}},"type":"if","locations":[{"start":{"line":222,"column":8},"end":{"line":224,"column":9}},{"start":{"line":222,"column":8},"end":{"line":224,"column":9}}]},"12":{"loc":{"start":{"line":235,"column":4},"end":{"line":238,"column":5}},"type":"if","locations":[{"start":{"line":235,"column":4},"end":{"line":238,"column":5}},{"start":{"line":235,"column":4},"end":{"line":238,"column":5}}]},"13":{"loc":{"start":{"line":240,"column":4},"end":{"line":282,"column":5}},"type":"if","locations":[{"start":{"line":240,"column":4},"end":{"line":282,"column":5}},{"start":{"line":240,"column":4},"end":{"line":282,"column":5}}]},"14":{"loc":{"start":{"line":240,"column":8},"end":{"line":240,"column":20}},"type":"binary-expr","locations":[{"start":{"line":240,"column":8},"end":{"line":240,"column":20}},{"start":{"line":240,"column":24},"end":{"line":240,"column":36}}]},"15":{"loc":{"start":{"line":242,"column":11},"end":{"line":282,"column":5}},"type":"if","locations":[{"start":{"line":242,"column":11},"end":{"line":282,"column":5}},{"start":{"line":242,"column":11},"end":{"line":282,"column":5}}]},"16":{"loc":{"start":{"line":242,"column":14},"end":{"line":242,"column":26}},"type":"binary-expr","locations":[{"start":{"line":242,"column":14},"end":{"line":242,"column":26}},{"start":{"line":242,"column":30},"end":{"line":242,"column":42}}]},"17":{"loc":{"start":{"line":243,"column":6},"end":{"line":245,"column":7}},"type":"if","locations":[{"start":{"line":243,"column":6},"end":{"line":245,"column":7}},{"start":{"line":243,"column":6},"end":{"line":245,"column":7}}]},"18":{"loc":{"start":{"line":243,"column":9},"end":{"line":243,"column":21}},"type":"binary-expr","locations":[{"start":{"line":243,"column":9},"end":{"line":243,"column":21}},{"start":{"line":243,"column":25},"end":{"line":243,"column":36}}]},"19":{"loc":{"start":{"line":246,"column":6},"end":{"line":248,"column":7}},"type":"if","locations":[{"start":{"line":246,"column":6},"end":{"line":248,"column":7}},{"start":{"line":246,"column":6},"end":{"line":248,"column":7}}]},"20":{"loc":{"start":{"line":246,"column":9},"end":{"line":246,"column":21}},"type":"binary-expr","locations":[{"start":{"line":246,"column":9},"end":{"line":246,"column":21}},{"start":{"line":246,"column":25},"end":{"line":246,"column":36}}]},"21":{"loc":{"start":{"line":249,"column":6},"end":{"line":251,"column":7}},"type":"if","locations":[{"start":{"line":249,"column":6},"end":{"line":251,"column":7}},{"start":{"line":249,"column":6},"end":{"line":251,"column":7}}]},"22":{"loc":{"start":{"line":249,"column":9},"end":{"line":249,"column":21}},"type":"binary-expr","locations":[{"start":{"line":249,"column":9},"end":{"line":249,"column":21}},{"start":{"line":249,"column":25},"end":{"line":249,"column":36}}]},"23":{"loc":{"start":{"line":252,"column":6},"end":{"line":254,"column":7}},"type":"if","locations":[{"start":{"line":252,"column":6},"end":{"line":254,"column":7}},{"start":{"line":252,"column":6},"end":{"line":254,"column":7}}]},"24":{"loc":{"start":{"line":252,"column":9},"end":{"line":252,"column":21}},"type":"binary-expr","locations":[{"start":{"line":252,"column":9},"end":{"line":252,"column":21}},{"start":{"line":252,"column":25},"end":{"line":252,"column":36}}]},"25":{"loc":{"start":{"line":259,"column":6},"end":{"line":263,"column":7}},"type":"if","locations":[{"start":{"line":259,"column":6},"end":{"line":263,"column":7}},{"start":{"line":259,"column":6},"end":{"line":263,"column":7}}]},"26":{"loc":{"start":{"line":259,"column":9},"end":{"line":259,"column":20}},"type":"binary-expr","locations":[{"start":{"line":259,"column":9},"end":{"line":259,"column":20}},{"start":{"line":259,"column":24},"end":{"line":259,"column":35}}]},"27":{"loc":{"start":{"line":264,"column":6},"end":{"line":268,"column":7}},"type":"if","locations":[{"start":{"line":264,"column":6},"end":{"line":268,"column":7}},{"start":{"line":264,"column":6},"end":{"line":268,"column":7}}]},"28":{"loc":{"start":{"line":264,"column":9},"end":{"line":264,"column":20}},"type":"binary-expr","locations":[{"start":{"line":264,"column":9},"end":{"line":264,"column":20}},{"start":{"line":264,"column":24},"end":{"line":264,"column":35}}]},"29":{"loc":{"start":{"line":269,"column":6},"end":{"line":273,"column":7}},"type":"if","locations":[{"start":{"line":269,"column":6},"end":{"line":273,"column":7}},{"start":{"line":269,"column":6},"end":{"line":273,"column":7}}]},"30":{"loc":{"start":{"line":269,"column":9},"end":{"line":269,"column":20}},"type":"binary-expr","locations":[{"start":{"line":269,"column":9},"end":{"line":269,"column":20}},{"start":{"line":269,"column":24},"end":{"line":269,"column":35}}]},"31":{"loc":{"start":{"line":274,"column":6},"end":{"line":278,"column":7}},"type":"if","locations":[{"start":{"line":274,"column":6},"end":{"line":278,"column":7}},{"start":{"line":274,"column":6},"end":{"line":278,"column":7}}]},"32":{"loc":{"start":{"line":274,"column":9},"end":{"line":274,"column":20}},"type":"binary-expr","locations":[{"start":{"line":274,"column":9},"end":{"line":274,"column":20}},{"start":{"line":274,"column":24},"end":{"line":274,"column":35}}]},"33":{"loc":{"start":{"line":294,"column":6},"end":{"line":301,"column":7}},"type":"if","locations":[{"start":{"line":294,"column":6},"end":{"line":301,"column":7}},{"start":{"line":294,"column":6},"end":{"line":301,"column":7}}]},"34":{"loc":{"start":{"line":311,"column":6},"end":{"line":313,"column":7}},"type":"if","locations":[{"start":{"line":311,"column":6},"end":{"line":313,"column":7}},{"start":{"line":311,"column":6},"end":{"line":313,"column":7}}]},"35":{"loc":{"start":{"line":316,"column":4},"end":{"line":360,"column":5}},"type":"if","locations":[{"start":{"line":316,"column":4},"end":{"line":360,"column":5}},{"start":{"line":316,"column":4},"end":{"line":360,"column":5}}]},"36":{"loc":{"start":{"line":318,"column":6},"end":{"line":321,"column":7}},"type":"if","locations":[{"start":{"line":318,"column":6},"end":{"line":321,"column":7}},{"start":{"line":318,"column":6},"end":{"line":321,"column":7}}]},"37":{"loc":{"start":{"line":327,"column":8},"end":{"line":329,"column":9}},"type":"if","locations":[{"start":{"line":327,"column":8},"end":{"line":329,"column":9}},{"start":{"line":327,"column":8},"end":{"line":329,"column":9}}]},"38":{"loc":{"start":{"line":331,"column":6},"end":{"line":359,"column":7}},"type":"if","locations":[{"start":{"line":331,"column":6},"end":{"line":359,"column":7}},{"start":{"line":331,"column":6},"end":{"line":359,"column":7}}]},"39":{"loc":{"start":{"line":333,"column":8},"end":{"line":335,"column":9}},"type":"if","locations":[{"start":{"line":333,"column":8},"end":{"line":335,"column":9}},{"start":{"line":333,"column":8},"end":{"line":335,"column":9}}]},"40":{"loc":{"start":{"line":333,"column":11},"end":{"line":333,"column":61}},"type":"binary-expr","locations":[{"start":{"line":333,"column":11},"end":{"line":333,"column":61}},{"start":{"line":333,"column":66},"end":{"line":333,"column":111}},{"start":{"line":333,"column":115},"end":{"line":333,"column":163}}]},"41":{"loc":{"start":{"line":339,"column":8},"end":{"line":358,"column":9}},"type":"if","locations":[{"start":{"line":339,"column":8},"end":{"line":358,"column":9}},{"start":{"line":339,"column":8},"end":{"line":358,"column":9}}]},"42":{"loc":{"start":{"line":339,"column":11},"end":{"line":339,"column":22}},"type":"binary-expr","locations":[{"start":{"line":339,"column":11},"end":{"line":339,"column":22}},{"start":{"line":339,"column":26},"end":{"line":339,"column":36}}]},"43":{"loc":{"start":{"line":340,"column":10},"end":{"line":342,"column":11}},"type":"if","locations":[{"start":{"line":340,"column":10},"end":{"line":342,"column":11}},{"start":{"line":340,"column":10},"end":{"line":342,"column":11}}]},"44":{"loc":{"start":{"line":346,"column":10},"end":{"line":357,"column":11}},"type":"if","locations":[{"start":{"line":346,"column":10},"end":{"line":357,"column":11}},{"start":{"line":346,"column":10},"end":{"line":357,"column":11}}]},"45":{"loc":{"start":{"line":347,"column":12},"end":{"line":356,"column":13}},"type":"if","locations":[{"start":{"line":347,"column":12},"end":{"line":356,"column":13}},{"start":{"line":347,"column":12},"end":{"line":356,"column":13}}]},"46":{"loc":{"start":{"line":348,"column":14},"end":{"line":352,"column":15}},"type":"if","locations":[{"start":{"line":348,"column":14},"end":{"line":352,"column":15}},{"start":{"line":348,"column":14},"end":{"line":352,"column":15}}]},"47":{"loc":{"start":{"line":353,"column":19},"end":{"line":356,"column":13}},"type":"if","locations":[{"start":{"line":353,"column":19},"end":{"line":356,"column":13}},{"start":{"line":353,"column":19},"end":{"line":356,"column":13}}]},"48":{"loc":{"start":{"line":365,"column":6},"end":{"line":373,"column":7}},"type":"if","locations":[{"start":{"line":365,"column":6},"end":{"line":373,"column":7}},{"start":{"line":365,"column":6},"end":{"line":373,"column":7}}]},"49":{"loc":{"start":{"line":367,"column":8},"end":{"line":372,"column":9}},"type":"if","locations":[{"start":{"line":367,"column":8},"end":{"line":372,"column":9}},{"start":{"line":367,"column":8},"end":{"line":372,"column":9}}]},"50":{"loc":{"start":{"line":378,"column":4},"end":{"line":382,"column":5}},"type":"if","locations":[{"start":{"line":378,"column":4},"end":{"line":382,"column":5}},{"start":{"line":378,"column":4},"end":{"line":382,"column":5}}]},"51":{"loc":{"start":{"line":379,"column":6},"end":{"line":381,"column":7}},"type":"if","locations":[{"start":{"line":379,"column":6},"end":{"line":381,"column":7}},{"start":{"line":379,"column":6},"end":{"line":381,"column":7}}]},"52":{"loc":{"start":{"line":391,"column":6},"end":{"line":404,"column":7}},"type":"if","locations":[{"start":{"line":391,"column":6},"end":{"line":404,"column":7}},{"start":{"line":391,"column":6},"end":{"line":404,"column":7}}]},"53":{"loc":{"start":{"line":392,"column":8},"end":{"line":395,"column":9}},"type":"if","locations":[{"start":{"line":392,"column":8},"end":{"line":395,"column":9}},{"start":{"line":392,"column":8},"end":{"line":395,"column":9}}]},"54":{"loc":{"start":{"line":393,"column":10},"end":{"line":394,"column":48}},"type":"if","locations":[{"start":{"line":393,"column":10},"end":{"line":394,"column":48}},{"start":{"line":393,"column":10},"end":{"line":394,"column":48}}]},"55":{"loc":{"start":{"line":396,"column":8},"end":{"line":399,"column":9}},"type":"if","locations":[{"start":{"line":396,"column":8},"end":{"line":399,"column":9}},{"start":{"line":396,"column":8},"end":{"line":399,"column":9}}]},"56":{"loc":{"start":{"line":397,"column":10},"end":{"line":398,"column":45}},"type":"if","locations":[{"start":{"line":397,"column":10},"end":{"line":398,"column":45}},{"start":{"line":397,"column":10},"end":{"line":398,"column":45}}]},"57":{"loc":{"start":{"line":400,"column":8},"end":{"line":403,"column":9}},"type":"if","locations":[{"start":{"line":400,"column":8},"end":{"line":403,"column":9}},{"start":{"line":400,"column":8},"end":{"line":403,"column":9}}]},"58":{"loc":{"start":{"line":401,"column":10},"end":{"line":402,"column":42}},"type":"if","locations":[{"start":{"line":401,"column":10},"end":{"line":402,"column":42}},{"start":{"line":401,"column":10},"end":{"line":402,"column":42}}]},"59":{"loc":{"start":{"line":410,"column":4},"end":{"line":417,"column":5}},"type":"if","locations":[{"start":{"line":410,"column":4},"end":{"line":417,"column":5}},{"start":{"line":410,"column":4},"end":{"line":417,"column":5}}]},"60":{"loc":{"start":{"line":410,"column":7},"end":{"line":410,"column":65}},"type":"binary-expr","locations":[{"start":{"line":410,"column":7},"end":{"line":410,"column":65}},{"start":{"line":410,"column":69},"end":{"line":410,"column":119}}]},"61":{"loc":{"start":{"line":412,"column":6},"end":{"line":416,"column":7}},"type":"if","locations":[{"start":{"line":412,"column":6},"end":{"line":416,"column":7}},{"start":{"line":412,"column":6},"end":{"line":416,"column":7}}]},"62":{"loc":{"start":{"line":420,"column":6},"end":{"line":422,"column":14}},"type":"switch","locations":[{"start":{"line":420,"column":6},"end":{"line":422,"column":14}},{"start":{"line":423,"column":6},"end":{"line":425,"column":14}},{"start":{"line":426,"column":6},"end":{"line":428,"column":14}}]},"63":{"loc":{"start":{"line":433,"column":4},"end":{"line":440,"column":5}},"type":"if","locations":[{"start":{"line":433,"column":4},"end":{"line":440,"column":5}},{"start":{"line":433,"column":4},"end":{"line":440,"column":5}}]},"64":{"loc":{"start":{"line":433,"column":7},"end":{"line":433,"column":65}},"type":"binary-expr","locations":[{"start":{"line":433,"column":7},"end":{"line":433,"column":65}},{"start":{"line":433,"column":69},"end":{"line":433,"column":119}}]},"65":{"loc":{"start":{"line":435,"column":6},"end":{"line":439,"column":7}},"type":"if","locations":[{"start":{"line":435,"column":6},"end":{"line":439,"column":7}},{"start":{"line":435,"column":6},"end":{"line":439,"column":7}}]},"66":{"loc":{"start":{"line":443,"column":6},"end":{"line":445,"column":14}},"type":"switch","locations":[{"start":{"line":443,"column":6},"end":{"line":445,"column":14}},{"start":{"line":446,"column":6},"end":{"line":448,"column":14}}]},"67":{"loc":{"start":{"line":455,"column":4},"end":{"line":457,"column":5}},"type":"if","locations":[{"start":{"line":455,"column":4},"end":{"line":457,"column":5}},{"start":{"line":455,"column":4},"end":{"line":457,"column":5}}]},"68":{"loc":{"start":{"line":460,"column":6},"end":{"line":462,"column":14}},"type":"switch","locations":[{"start":{"line":460,"column":6},"end":{"line":462,"column":14}}]},"69":{"loc":{"start":{"line":476,"column":6},"end":{"line":481,"column":7}},"type":"if","locations":[{"start":{"line":476,"column":6},"end":{"line":481,"column":7}},{"start":{"line":476,"column":6},"end":{"line":481,"column":7}}]},"70":{"loc":{"start":{"line":497,"column":6},"end":{"line":502,"column":7}},"type":"if","locations":[{"start":{"line":497,"column":6},"end":{"line":502,"column":7}},{"start":{"line":497,"column":6},"end":{"line":502,"column":7}}]},"71":{"loc":{"start":{"line":517,"column":4},"end":{"line":519,"column":5}},"type":"if","locations":[{"start":{"line":517,"column":4},"end":{"line":519,"column":5}},{"start":{"line":517,"column":4},"end":{"line":519,"column":5}}]},"72":{"loc":{"start":{"line":520,"column":4},"end":{"line":522,"column":5}},"type":"if","locations":[{"start":{"line":520,"column":4},"end":{"line":522,"column":5}},{"start":{"line":520,"column":4},"end":{"line":522,"column":5}}]},"73":{"loc":{"start":{"line":523,"column":4},"end":{"line":525,"column":5}},"type":"if","locations":[{"start":{"line":523,"column":4},"end":{"line":525,"column":5}},{"start":{"line":523,"column":4},"end":{"line":525,"column":5}}]},"74":{"loc":{"start":{"line":526,"column":4},"end":{"line":528,"column":5}},"type":"if","locations":[{"start":{"line":526,"column":4},"end":{"line":528,"column":5}},{"start":{"line":526,"column":4},"end":{"line":528,"column":5}}]},"75":{"loc":{"start":{"line":529,"column":4},"end":{"line":531,"column":5}},"type":"if","locations":[{"start":{"line":529,"column":4},"end":{"line":531,"column":5}},{"start":{"line":529,"column":4},"end":{"line":531,"column":5}}]},"76":{"loc":{"start":{"line":538,"column":4},"end":{"line":540,"column":5}},"type":"if","locations":[{"start":{"line":538,"column":4},"end":{"line":540,"column":5}},{"start":{"line":538,"column":4},"end":{"line":540,"column":5}}]},"77":{"loc":{"start":{"line":541,"column":4},"end":{"line":543,"column":5}},"type":"if","locations":[{"start":{"line":541,"column":4},"end":{"line":543,"column":5}},{"start":{"line":541,"column":4},"end":{"line":543,"column":5}}]},"78":{"loc":{"start":{"line":544,"column":4},"end":{"line":546,"column":5}},"type":"if","locations":[{"start":{"line":544,"column":4},"end":{"line":546,"column":5}},{"start":{"line":544,"column":4},"end":{"line":546,"column":5}}]},"79":{"loc":{"start":{"line":547,"column":4},"end":{"line":549,"column":5}},"type":"if","locations":[{"start":{"line":547,"column":4},"end":{"line":549,"column":5}},{"start":{"line":547,"column":4},"end":{"line":549,"column":5}}]},"80":{"loc":{"start":{"line":550,"column":4},"end":{"line":552,"column":5}},"type":"if","locations":[{"start":{"line":550,"column":4},"end":{"line":552,"column":5}},{"start":{"line":550,"column":4},"end":{"line":552,"column":5}}]},"81":{"loc":{"start":{"line":575,"column":4},"end":{"line":591,"column":5}},"type":"if","locations":[{"start":{"line":575,"column":4},"end":{"line":591,"column":5}},{"start":{"line":575,"column":4},"end":{"line":591,"column":5}}]},"82":{"loc":{"start":{"line":576,"column":6},"end":{"line":590,"column":7}},"type":"if","locations":[{"start":{"line":576,"column":6},"end":{"line":590,"column":7}},{"start":{"line":576,"column":6},"end":{"line":590,"column":7}}]},"83":{"loc":{"start":{"line":583,"column":13},"end":{"line":590,"column":7}},"type":"if","locations":[{"start":{"line":583,"column":13},"end":{"line":590,"column":7}},{"start":{"line":583,"column":13},"end":{"line":590,"column":7}}]},"84":{"loc":{"start":{"line":603,"column":4},"end":{"line":605,"column":5}},"type":"if","locations":[{"start":{"line":603,"column":4},"end":{"line":605,"column":5}},{"start":{"line":603,"column":4},"end":{"line":605,"column":5}}]},"85":{"loc":{"start":{"line":615,"column":4},"end":{"line":619,"column":5}},"type":"if","locations":[{"start":{"line":615,"column":4},"end":{"line":619,"column":5}},{"start":{"line":615,"column":4},"end":{"line":619,"column":5}}]},"86":{"loc":{"start":{"line":624,"column":4},"end":{"line":628,"column":5}},"type":"if","locations":[{"start":{"line":624,"column":4},"end":{"line":628,"column":5}},{"start":{"line":624,"column":4},"end":{"line":628,"column":5}}]},"87":{"loc":{"start":{"line":635,"column":4},"end":{"line":646,"column":5}},"type":"if","locations":[{"start":{"line":635,"column":4},"end":{"line":646,"column":5}},{"start":{"line":635,"column":4},"end":{"line":646,"column":5}}]},"88":{"loc":{"start":{"line":637,"column":11},"end":{"line":646,"column":5}},"type":"if","locations":[{"start":{"line":637,"column":11},"end":{"line":646,"column":5}},{"start":{"line":637,"column":11},"end":{"line":646,"column":5}}]},"89":{"loc":{"start":{"line":656,"column":4},"end":{"line":659,"column":5}},"type":"if","locations":[{"start":{"line":656,"column":4},"end":{"line":659,"column":5}},{"start":{"line":656,"column":4},"end":{"line":659,"column":5}}]},"90":{"loc":{"start":{"line":664,"column":4},"end":{"line":672,"column":5}},"type":"if","locations":[{"start":{"line":664,"column":4},"end":{"line":672,"column":5}},{"start":{"line":664,"column":4},"end":{"line":672,"column":5}}]},"91":{"loc":{"start":{"line":665,"column":6},"end":{"line":667,"column":7}},"type":"if","locations":[{"start":{"line":665,"column":6},"end":{"line":667,"column":7}},{"start":{"line":665,"column":6},"end":{"line":667,"column":7}}]},"92":{"loc":{"start":{"line":669,"column":6},"end":{"line":671,"column":7}},"type":"if","locations":[{"start":{"line":669,"column":6},"end":{"line":671,"column":7}},{"start":{"line":669,"column":6},"end":{"line":671,"column":7}}]},"93":{"loc":{"start":{"line":688,"column":4},"end":{"line":690,"column":5}},"type":"if","locations":[{"start":{"line":688,"column":4},"end":{"line":690,"column":5}},{"start":{"line":688,"column":4},"end":{"line":690,"column":5}}]},"94":{"loc":{"start":{"line":691,"column":4},"end":{"line":695,"column":5}},"type":"if","locations":[{"start":{"line":691,"column":4},"end":{"line":695,"column":5}},{"start":{"line":691,"column":4},"end":{"line":695,"column":5}}]},"95":{"loc":{"start":{"line":711,"column":6},"end":{"line":716,"column":7}},"type":"if","locations":[{"start":{"line":711,"column":6},"end":{"line":716,"column":7}},{"start":{"line":711,"column":6},"end":{"line":716,"column":7}}]},"96":{"loc":{"start":{"line":712,"column":8},"end":{"line":715,"column":9}},"type":"if","locations":[{"start":{"line":712,"column":8},"end":{"line":715,"column":9}},{"start":{"line":712,"column":8},"end":{"line":715,"column":9}}]},"97":{"loc":{"start":{"line":722,"column":4},"end":{"line":724,"column":5}},"type":"if","locations":[{"start":{"line":722,"column":4},"end":{"line":724,"column":5}},{"start":{"line":722,"column":4},"end":{"line":724,"column":5}}]},"98":{"loc":{"start":{"line":725,"column":4},"end":{"line":727,"column":5}},"type":"if","locations":[{"start":{"line":725,"column":4},"end":{"line":727,"column":5}},{"start":{"line":725,"column":4},"end":{"line":727,"column":5}}]},"99":{"loc":{"start":{"line":735,"column":4},"end":{"line":737,"column":5}},"type":"if","locations":[{"start":{"line":735,"column":4},"end":{"line":737,"column":5}},{"start":{"line":735,"column":4},"end":{"line":737,"column":5}}]},"100":{"loc":{"start":{"line":741,"column":6},"end":{"line":743,"column":7}},"type":"if","locations":[{"start":{"line":741,"column":6},"end":{"line":743,"column":7}},{"start":{"line":741,"column":6},"end":{"line":743,"column":7}}]},"101":{"loc":{"start":{"line":752,"column":12},"end":{"line":756,"column":13}},"type":"if","locations":[{"start":{"line":752,"column":12},"end":{"line":756,"column":13}},{"start":{"line":752,"column":12},"end":{"line":756,"column":13}}]},"102":{"loc":{"start":{"line":775,"column":6},"end":{"line":785,"column":7}},"type":"if","locations":[{"start":{"line":775,"column":6},"end":{"line":785,"column":7}},{"start":{"line":775,"column":6},"end":{"line":785,"column":7}}]},"103":{"loc":{"start":{"line":778,"column":11},"end":{"line":785,"column":7}},"type":"if","locations":[{"start":{"line":778,"column":11},"end":{"line":785,"column":7}},{"start":{"line":778,"column":11},"end":{"line":785,"column":7}}]},"104":{"loc":{"start":{"line":799,"column":4},"end":{"line":801,"column":5}},"type":"if","locations":[{"start":{"line":799,"column":4},"end":{"line":801,"column":5}},{"start":{"line":799,"column":4},"end":{"line":801,"column":5}}]},"105":{"loc":{"start":{"line":802,"column":4},"end":{"line":804,"column":5}},"type":"if","locations":[{"start":{"line":802,"column":4},"end":{"line":804,"column":5}},{"start":{"line":802,"column":4},"end":{"line":804,"column":5}}]},"106":{"loc":{"start":{"line":805,"column":4},"end":{"line":807,"column":5}},"type":"if","locations":[{"start":{"line":805,"column":4},"end":{"line":807,"column":5}},{"start":{"line":805,"column":4},"end":{"line":807,"column":5}}]},"107":{"loc":{"start":{"line":808,"column":4},"end":{"line":810,"column":5}},"type":"if","locations":[{"start":{"line":808,"column":4},"end":{"line":810,"column":5}},{"start":{"line":808,"column":4},"end":{"line":810,"column":5}}]},"108":{"loc":{"start":{"line":817,"column":4},"end":{"line":836,"column":5}},"type":"if","locations":[{"start":{"line":817,"column":4},"end":{"line":836,"column":5}},{"start":{"line":817,"column":4},"end":{"line":836,"column":5}}]},"109":{"loc":{"start":{"line":817,"column":7},"end":{"line":817,"column":38}},"type":"binary-expr","locations":[{"start":{"line":817,"column":7},"end":{"line":817,"column":38}},{"start":{"line":817,"column":42},"end":{"line":817,"column":73}}]},"110":{"loc":{"start":{"line":822,"column":9},"end":{"line":836,"column":5}},"type":"if","locations":[{"start":{"line":822,"column":9},"end":{"line":836,"column":5}},{"start":{"line":822,"column":9},"end":{"line":836,"column":5}}]},"111":{"loc":{"start":{"line":822,"column":12},"end":{"line":822,"column":44}},"type":"binary-expr","locations":[{"start":{"line":822,"column":12},"end":{"line":822,"column":44}},{"start":{"line":822,"column":48},"end":{"line":822,"column":80}}]},"112":{"loc":{"start":{"line":827,"column":9},"end":{"line":836,"column":5}},"type":"if","locations":[{"start":{"line":827,"column":9},"end":{"line":836,"column":5}},{"start":{"line":827,"column":9},"end":{"line":836,"column":5}}]},"113":{"loc":{"start":{"line":827,"column":12},"end":{"line":827,"column":45}},"type":"binary-expr","locations":[{"start":{"line":827,"column":12},"end":{"line":827,"column":45}},{"start":{"line":827,"column":49},"end":{"line":827,"column":81}}]},"114":{"loc":{"start":{"line":832,"column":9},"end":{"line":836,"column":5}},"type":"if","locations":[{"start":{"line":832,"column":9},"end":{"line":836,"column":5}},{"start":{"line":832,"column":9},"end":{"line":836,"column":5}}]},"115":{"loc":{"start":{"line":832,"column":12},"end":{"line":832,"column":45}},"type":"binary-expr","locations":[{"start":{"line":832,"column":12},"end":{"line":832,"column":45}},{"start":{"line":832,"column":49},"end":{"line":832,"column":81}}]}},"s":{"0":1,"1":1,"2":1,"3":1,"4":1,"5":1,"6":1,"7":1,"8":1,"9":11,"10":11,"11":11,"12":11,"13":11,"14":11,"15":11,"16":11,"17":11,"18":11,"19":11,"20":11,"21":11,"22":11,"23":11,"24":11,"25":11,"26":11,"27":11,"28":11,"29":11,"30":11,"31":8,"32":8,"33":8,"34":8,"35":1,"36":1,"37":1,"38":2,"39":4,"40":4,"41":2,"42":2,"43":3,"44":4,"45":0,"46":0,"47":0,"48":0,"49":0,"50":0,"51":0,"52":0,"53":0,"54":0,"55":0,"56":0,"57":0,"58":0,"59":0,"60":0,"61":0,"62":0,"63":0,"64":0,"65":0,"66":4,"67":4,"68":4,"69":4,"70":0,"71":0,"72":4,"73":1,"74":3,"75":1,"76":0,"77":1,"78":1,"79":1,"80":0,"81":1,"82":0,"83":2,"84":1,"85":1,"86":1,"87":2,"88":0,"89":0,"90":0,"91":2,"92":1,"93":1,"94":1,"95":2,"96":0,"97":0,"98":0,"99":2,"100":2,"101":4,"102":0,"103":0,"104":0,"105":0,"106":0,"107":0,"108":0,"109":0,"110":0,"111":0,"112":0,"113":0,"114":0,"115":0,"116":0,"117":0,"118":0,"119":0,"120":0,"121":0,"122":0,"123":0,"124":0,"125":0,"126":0,"127":0,"128":0,"129":0,"130":0,"131":0,"132":0,"133":0,"134":0,"135":0,"136":0,"137":0,"138":0,"139":0,"140":0,"141":0,"142":0,"143":0,"144":0,"145":0,"146":0,"147":0,"148":0,"149":0,"150":0,"151":0,"152":0,"153":0,"154":0,"155":0,"156":0,"157":0,"158":0,"159":0,"160":0,"161":0,"162":0,"163":0,"164":0,"165":0,"166":0,"167":0,"168":0,"169":0,"170":0,"171":0,"172":0,"173":0,"174":0,"175":0,"176":0,"177":0,"178":0,"179":0,"180":0,"181":0,"182":0,"183":0,"184":0,"185":0,"186":0,"187":0,"188":0,"189":0,"190":0,"191":0,"192":0,"193":0,"194":0,"195":0,"196":0,"197":0,"198":0,"199":0,"200":0,"201":0,"202":0,"203":0,"204":0,"205":0,"206":0,"207":0,"208":0,"209":0,"210":0,"211":0,"212":0,"213":0,"214":0,"215":0,"216":0,"217":0,"218":0,"219":0,"220":0,"221":0,"222":0,"223":0,"224":0,"225":0,"226":0,"227":0,"228":0,"229":0,"230":0,"231":0,"232":0,"233":0,"234":0,"235":0,"236":0,"237":0,"238":0,"239":0,"240":0,"241":0,"242":0,"243":0,"244":0,"245":0,"246":0,"247":0,"248":0,"249":0,"250":0,"251":0,"252":0,"253":0,"254":0,"255":0,"256":0,"257":0,"258":0,"259":0,"260":0,"261":0,"262":0,"263":0,"264":0,"265":0,"266":0,"267":0,"268":0,"269":0,"270":0,"271":0,"272":0,"273":0,"274":0,"275":0,"276":0,"277":0,"278":0,"279":0,"280":0,"281":0,"282":0,"283":0,"284":0,"285":0,"286":0,"287":0,"288":0,"289":0,"290":0,"291":0,"292":0,"293":0,"294":0,"295":0,"296":0,"297":0,"298":0,"299":0,"300":0,"301":0,"302":0,"303":0,"304":0,"305":0,"306":0,"307":0,"308":0,"309":0,"310":0,"311":0,"312":0,"313":0,"314":0,"315":0,"316":0,"317":0,"318":0,"319":0,"320":0,"321":0,"322":0,"323":0,"324":0,"325":0,"326":0,"327":0,"328":0,"329":0,"330":0,"331":0,"332":0,"333":0,"334":0,"335":0,"336":0,"337":0,"338":0,"339":0,"340":0,"341":0,"342":0,"343":0,"344":0,"345":0,"346":0,"347":0,"348":0,"349":0,"350":0,"351":0,"352":0,"353":0,"354":0,"355":0,"356":0,"357":0,"358":0,"359":0,"360":0,"361":0,"362":0,"363":0,"364":0,"365":0,"366":0,"367":0,"368":0,"369":0,"370":0,"371":0,"372":0,"373":0,"374":0,"375":0,"376":0,"377":0,"378":0,"379":0,"380":0,"381":0,"382":0,"383":0,"384":0,"385":0,"386":0,"387":0,"388":0,"389":0,"390":0,"391":0,"392":0,"393":0,"394":0,"395":0,"396":1},"f":{"0":11,"1":8,"2":8,"3":1,"4":2,"5":4,"6":3,"7":0,"8":0,"9":4,"10":0,"11":0,"12":0,"13":0,"14":0,"15":0,"16":0,"17":0,"18":0,"19":0,"20":0,"21":0,"22":0,"23":0,"24":0,"25":0,"26":0,"27":0,"28":0,"29":0,"30":0,"31":0,"32":0,"33":0,"34":0,"35":0,"36":0,"37":0,"38":0,"39":0,"40":0,"41":0,"42":0,"43":0,"44":0,"45":0,"46":0,"47":0,"48":0,"49":0,"50":0,"51":0,"52":0,"53":0,"54":0,"55":0,"56":0,"57":0,"58":0,"59":0,"60":0,"61":0,"62":0,"63":0,"64":0,"65":0,"66":0,"67":0,"68":0,"69":0,"70":0,"71":0,"72":0,"73":0,"74":0,"75":0,"76":0,"77":0,"78":0,"79":0,"80":0,"81":0,"82":0,"83":0,"84":0},"b":{"0":[9,2],"1":[4,0],"2":[2,2],"3":[0,4],"4":[0,0],"5":[0,0],"6":[0,0],"7":[0,0,0,0],"8":[0,0],"9":[0,0,0,0],"10":[0,0],"11":[0,0],"12":[0,4],"13":[1,3],"14":[4,2],"15":[1,2],"16":[3,2],"17":[0,1],"18":[1,0],"19":[1,0],"20":[1,1],"21":[0,1],"22":[1,0],"23":[0,1],"24":[1,1],"25":[1,1],"26":[2,1],"27":[0,2],"28":[2,1],"29":[1,1],"30":[2,1],"31":[0,2],"32":[2,1],"33":[0,0],"34":[0,0],"35":[0,0],"36":[0,0],"37":[0,0],"38":[0,0],"39":[0,0],"40":[0,0,0],"41":[0,0],"42":[0,0],"43":[0,0],"44":[0,0],"45":[0,0],"46":[0,0],"47":[0,0],"48":[0,0],"49":[0,0],"50":[0,0],"51":[0,0],"52":[0,0],"53":[0,0],"54":[0,0],"55":[0,0],"56":[0,0],"57":[0,0],"58":[0,0],"59":[0,0],"60":[0,0],"61":[0,0],"62":[0,0,0],"63":[0,0],"64":[0,0],"65":[0,0],"66":[0,0],"67":[0,0],"68":[0],"69":[0,0],"70":[0,0],"71":[0,0],"72":[0,0],"73":[0,0],"74":[0,0],"75":[0,0],"76":[0,0],"77":[0,0],"78":[0,0],"79":[0,0],"80":[0,0],"81":[0,0],"82":[0,0],"83":[0,0],"84":[0,0],"85":[0,0],"86":[0,0],"87":[0,0],"88":[0,0],"89":[0,0],"90":[0,0],"91":[0,0],"92":[0,0],"93":[0,0],"94":[0,0],"95":[0,0],"96":[0,0],"97":[0,0],"98":[0,0],"99":[0,0],"100":[0,0],"101":[0,0],"102":[0,0],"103":[0,0],"104":[0,0],"105":[0,0],"106":[0,0],"107":[0,0],"108":[0,0],"109":[0,0],"110":[0,0],"111":[0,0],"112":[0,0],"113":[0,0],"114":[0,0],"115":[0,0]}}
,"C:\\Users\\danie\\Documents\\PRACTICE-PROJECTS\\daniels-fighting-pit\\src\\classes\\fighter-backup\\fighter-backup.ts": {"path":"C:\\Users\\danie\\Documents\\PRACTICE-PROJECTS\\daniels-fighting-pit\\src\\classes\\fighter-backup\\fighter-backup.ts","statementMap":{"0":{"start":{"line":1,"column":0},"end":{"line":1,"column":55}},"1":{"start":{"line":3,"column":0},"end":{"line":3,"column":51}},"2":{"start":{"line":4,"column":0},"end":{"line":4,"column":65}},"3":{"start":{"line":5,"column":0},"end":{"line":5,"column":71}},"4":{"start":{"line":8,"column":0},"end":{"line":8,"column":44}},"5":{"start":{"line":9,"column":0},"end":{"line":9,"column":62}},"6":{"start":{"line":16,"column":0},"end":{"line":16,"column":49}},"7":{"start":{"line":18,"column":0},"end":{"line":18,"column":69}},"8":{"start":{"line":19,"column":0},"end":{"line":19,"column":41}},"9":{"start":{"line":38,"column":2},"end":{"line":38,"column":47}},"10":{"start":{"line":39,"column":2},"end":{"line":39,"column":55}},"11":{"start":{"line":41,"column":2},"end":{"line":44,"column":4}},"12":{"start":{"line":45,"column":2},"end":{"line":50,"column":3}},"13":{"start":{"line":52,"column":2},"end":{"line":57,"column":3}},"14":{"start":{"line":65,"column":10},"end":{"line":65,"column":46}},"15":{"start":{"line":66,"column":10},"end":{"line":66,"column":49}},"16":{"start":{"line":67,"column":10},"end":{"line":67,"column":46}},"17":{"start":{"line":68,"column":10},"end":{"line":68,"column":43}},"18":{"start":{"line":71,"column":1},"end":{"line":112,"column":2}},"19":{"start":{"line":116,"column":4},"end":{"line":116,"column":20}},"20":{"start":{"line":117,"column":4},"end":{"line":117,"column":18}},"21":{"start":{"line":118,"column":4},"end":{"line":118,"column":22}},"22":{"start":{"line":119,"column":4},"end":{"line":119,"column":28}},"23":{"start":{"line":120,"column":4},"end":{"line":120,"column":20}},"24":{"start":{"line":121,"column":4},"end":{"line":121,"column":24}},"25":{"start":{"line":122,"column":4},"end":{"line":122,"column":54}},"26":{"start":{"line":123,"column":4},"end":{"line":123,"column":49}},"27":{"start":{"line":124,"column":4},"end":{"line":124,"column":53}},"28":{"start":{"line":130,"column":40},"end":{"line":130,"column":125}},"29":{"start":{"line":130,"column":78},"end":{"line":130,"column":113}},"30":{"start":{"line":131,"column":39},"end":{"line":136,"column":5}},"31":{"start":{"line":138,"column":4},"end":{"line":138,"column":24}},"32":{"start":{"line":142,"column":4},"end":{"line":142,"column":47}},"33":{"start":{"line":145,"column":4},"end":{"line":145,"column":66}},"34":{"start":{"line":146,"column":4},"end":{"line":146,"column":50}},"35":{"start":{"line":153,"column":22},"end":{"line":153,"column":48}},"36":{"start":{"line":154,"column":21},"end":{"line":154,"column":44}},"37":{"start":{"line":156,"column":26},"end":{"line":156,"column":66}},"38":{"start":{"line":157,"column":25},"end":{"line":157,"column":63}},"39":{"start":{"line":158,"column":26},"end":{"line":158,"column":66}},"40":{"start":{"line":159,"column":25},"end":{"line":159,"column":63}},"41":{"start":{"line":161,"column":30},"end":{"line":184,"column":5}},"42":{"start":{"line":186,"column":4},"end":{"line":204,"column":5}},"43":{"start":{"line":187,"column":6},"end":{"line":203,"column":7}},"44":{"start":{"line":188,"column":8},"end":{"line":191,"column":9}},"45":{"start":{"line":190,"column":10},"end":{"line":190,"column":87}},"46":{"start":{"line":192,"column":8},"end":{"line":195,"column":9}},"47":{"start":{"line":194,"column":10},"end":{"line":194,"column":88}},"48":{"start":{"line":197,"column":8},"end":{"line":199,"column":9}},"49":{"start":{"line":198,"column":10},"end":{"line":198,"column":86}},"50":{"start":{"line":200,"column":8},"end":{"line":202,"column":9}},"51":{"start":{"line":201,"column":10},"end":{"line":201,"column":88}},"52":{"start":{"line":210,"column":47},"end":{"line":210,"column":60}},"53":{"start":{"line":211,"column":18},"end":{"line":211,"column":44}},"54":{"start":{"line":212,"column":18},"end":{"line":212,"column":44}},"55":{"start":{"line":213,"column":4},"end":{"line":216,"column":5}},"56":{"start":{"line":214,"column":6},"end":{"line":214,"column":42}},"57":{"start":{"line":215,"column":6},"end":{"line":215,"column":42}},"58":{"start":{"line":218,"column":4},"end":{"line":260,"column":
[...]
13,"column":4},"end":{"line":624,"column":5}},{"start":{"line":613,"column":4},"end":{"line":624,"column":5}}]},"83":{"loc":{"start":{"line":615,"column":11},"end":{"line":624,"column":5}},"type":"if","locations":[{"start":{"line":615,"column":11},"end":{"line":624,"column":5}},{"start":{"line":615,"column":11},"end":{"line":624,"column":5}}]},"84":{"loc":{"start":{"line":634,"column":4},"end":{"line":637,"column":5}},"type":"if","locations":[{"start":{"line":634,"column":4},"end":{"line":637,"column":5}},{"start":{"line":634,"column":4},"end":{"line":637,"column":5}}]},"85":{"loc":{"start":{"line":642,"column":4},"end":{"line":650,"column":5}},"type":"if","locations":[{"start":{"line":642,"column":4},"end":{"line":650,"column":5}},{"start":{"line":642,"column":4},"end":{"line":650,"column":5}}]},"86":{"loc":{"start":{"line":643,"column":6},"end":{"line":645,"column":7}},"type":"if","locations":[{"start":{"line":643,"column":6},"end":{"line":645,"column":7}},{"start":{"line":643,"column":6},"end":{"line":645,"column":7}}]},"87":{"loc":{"start":{"line":647,"column":6},"end":{"line":649,"column":7}},"type":"if","locations":[{"start":{"line":647,"column":6},"end":{"line":649,"column":7}},{"start":{"line":647,"column":6},"end":{"line":649,"column":7}}]},"88":{"loc":{"start":{"line":666,"column":4},"end":{"line":668,"column":5}},"type":"if","locations":[{"start":{"line":666,"column":4},"end":{"line":668,"column":5}},{"start":{"line":666,"column":4},"end":{"line":668,"column":5}}]},"89":{"loc":{"start":{"line":669,"column":4},"end":{"line":673,"column":5}},"type":"if","locations":[{"start":{"line":669,"column":4},"end":{"line":673,"column":5}},{"start":{"line":669,"column":4},"end":{"line":673,"column":5}}]},"90":{"loc":{"start":{"line":689,"column":6},"end":{"line":694,"column":7}},"type":"if","locations":[{"start":{"line":689,"column":6},"end":{"line":694,"column":7}},{"start":{"line":689,"column":6},"end":{"line":694,"column":7}}]},"91":{"loc":{"start":{"line":690,"column":8},"end":{"line":693,"column":9}},"type":"if","locations":[{"start":{"line":690,"column":8},"end":{"line":693,"column":9}},{"start":{"line":690,"column":8},"end":{"line":693,"column":9}}]},"92":{"loc":{"start":{"line":700,"column":4},"end":{"line":702,"column":5}},"type":"if","locations":[{"start":{"line":700,"column":4},"end":{"line":702,"column":5}},{"start":{"line":700,"column":4},"end":{"line":702,"column":5}}]},"93":{"loc":{"start":{"line":703,"column":4},"end":{"line":705,"column":5}},"type":"if","locations":[{"start":{"line":703,"column":4},"end":{"line":705,"column":5}},{"start":{"line":703,"column":4},"end":{"line":705,"column":5}}]},"94":{"loc":{"start":{"line":713,"column":4},"end":{"line":715,"column":5}},"type":"if","locations":[{"start":{"line":713,"column":4},"end":{"line":715,"column":5}},{"start":{"line":713,"column":4},"end":{"line":715,"column":5}}]},"95":{"loc":{"start":{"line":719,"column":6},"end":{"line":721,"column":7}},"type":"if","locations":[{"start":{"line":719,"column":6},"end":{"line":721,"column":7}},{"start":{"line":719,"column":6},"end":{"line":721,"column":7}}]},"96":{"loc":{"start":{"line":730,"column":12},"end":{"line":734,"column":13}},"type":"if","locations":[{"start":{"line":730,"column":12},"end":{"line":734,"column":13}},{"start":{"line":730,"column":12},"end":{"line":734,"column":13}}]},"97":{"loc":{"start":{"line":753,"column":6},"end":{"line":763,"column":7}},"type":"if","locations":[{"start":{"line":753,"column":6},"end":{"line":763,"column":7}},{"start":{"line":753,"column":6},"end":{"line":763,"column":7}}]},"98":{"loc":{"start":{"line":756,"column":11},"end":{"line":763,"column":7}},"type":"if","locations":[{"start":{"line":756,"column":11},"end":{"line":763,"column":7}},{"start":{"line":756,"column":11},"end":{"line":763,"column":7}}]},"99":{"loc":{"start":{"line":777,"column":4},"end":{"line":779,"column":5}},"type":"if","locations":[{"start":{"line":777,"column":4},"end":{"line":779,"column":5}},{"start":{"line":777,"column":4},"end":{"line":779,"column":5}}]},"100":{"loc":{"start":{"line":780,"column":4},"end":{"line":782,"column":5}},"type":"if","locations":[{"start":{"line":780,"column":4},"end":{"line":782,"column":5}},{"start":{"line":780,"column":4},"end":{"line":782,"column":5}}]},"101":{"loc":{"start":{"line":783,"column":4},"end":{"line":785,"column":5}},"type":"if","locations":[{"start":{"line":783,"column":4},"end":{"line":785,"column":5}},{"start":{"line":783,"column":4},"end":{"line":785,"column":5}}]},"102":{"loc":{"start":{"line":786,"column":4},"end":{"line":788,"column":5}},"type":"if","locations":[{"start":{"line":786,"column":4},"end":{"line":788,"column":5}},{"start":{"line":786,"column":4},"end":{"line":788,"column":5}}]},"103":{"loc":{"start":{"line":795,"column":4},"end":{"line":814,"column":5}},"type":"if","locations":[{"start":{"line":795,"column":4},"end":{"line":814,"column":5}},{"start":{"line":795,"column":4},"end":{"line":814,"column":5}}]},"104":{"loc":{"start":{"line":795,"column":7},"end":{"line":795,"column":38}},"type":"binary-expr","locations":[{"start":{"line":795,"column":7},"end":{"line":795,"column":38}},{"start":{"line":795,"column":42},"end":{"line":795,"column":73}}]},"105":{"loc":{"start":{"line":800,"column":9},"end":{"line":814,"column":5}},"type":"if","locations":[{"start":{"line":800,"column":9},"end":{"line":814,"column":5}},{"start":{"line":800,"column":9},"end":{"line":814,"column":5}}]},"106":{"loc":{"start":{"line":800,"column":12},"end":{"line":800,"column":44}},"type":"binary-expr","locations":[{"start":{"line":800,"column":12},"end":{"line":800,"column":44}},{"start":{"line":800,"column":48},"end":{"line":800,"column":80}}]},"107":{"loc":{"start":{"line":805,"column":9},"end":{"line":814,"column":5}},"type":"if","locations":[{"start":{"line":805,"column":9},"end":{"line":814,"column":5}},{"start":{"line":805,"column":9},"end":{"line":814,"column":5}}]},"108":{"loc":{"start":{"line":805,"column":12},"end":{"line":805,"column":45}},"type":"binary-expr","locations":[{"start":{"line":805,"column":12},"end":{"line":805,"column":45}},{"start":{"line":805,"column":49},"end":{"line":805,"column":81}}]},"109":{"loc":{"start":{"line":810,"column":9},"end":{"line":814,"column":5}},"type":"if","locations":[{"start":{"line":810,"column":9},"end":{"line":814,"column":5}},{"start":{"line":810,"column":9},"end":{"line":814,"column":5}}]},"110":{"loc":{"start":{"line":810,"column":12},"end":{"line":810,"column":45}},"type":"binary-expr","locations":[{"start":{"line":810,"column":12},"end":{"line":810,"column":45}},{"start":{"line":810,"column":49},"end":{"line":810,"column":81}}]}},"s":{"0":1,"1":1,"2":1,"3":1,"4":1,"5":1,"6":1,"7":1,"8":1,"9":0,"10":0,"11":0,"12":0,"13":0,"14":0,"15":0,"16":0,"17":0,"18":0,"19":0,"20":0,"21":0,"22":0,"23":0,"24":0,"25":0,"26":0,"27":0,"28":0,"29":0,"30":0,"31":0,"32":0,"33":0,"34":0,"35":0,"36":0,"37":0,"38":0,"39":0,"40":0,"41":0,"42":0,"43":0,"44":0,"45":0,"46":0,"47":0,"48":0,"49":0,"50":0,"51":0,"52":0,"53":0,"54":0,"55":0,"56":0,"57":0,"58":0,"59":0,"60":0,"61":0,"62":0,"63":0,"64":0,"65":0,"66":0,"67":0,"68":0,"69":0,"70":0,"71":0,"72":0,"73":0,"74":0,"75":0,"76":0,"77":0,"78":0,"79":0,"80":0,"81":0,"82":0,"83":0,"84":0,"85":0,"86":0,"87":0,"88":0,"89":0,"90":0,"91":0,"92":0,"93":0,"94":0,"95":0,"96":0,"97":0,"98":0,"99":0,"100":0,"101":0,"102":0,"103":0,"104":0,"105":0,"106":0,"107":0,"108":0,"109":0,"110":0,"111":0,"112":0,"113":0,"114":0,"115":0,"116":0,"117":0,"118":0,"119":0,"120":0,"121":0,"122":0,"123":0,"124":0,"125":0,"126":0,"127":0,"128":0,"129":0,"130":0,"131":0,"132":0,"133":0,"134":0,"135":0,"136":0,"137":0,"138":0,"139":0,"140":0,"141":0,"142":0,"143":0,"144":0,"145":0,"146":0,"147":0,"148":0,"149":0,"150":0,"151":0,"152":0,"153":0,"154":0,"155":0,"156":0,"157":0,"158":0,"159":0,"160":0,"161":0,"162":0,"163":0,"164":0,"165":0,"166":0,"167":0,"168":0,"169":0,"170":0,"171":0,"172":0,"173":0,"174":0,"175":0,"176":0,"177":0,"178":0,"179":0,"180":0,"181":0,"182":0,"183":0,"184":0,"185":0,"186":0,"187":0,"188":0,"189":0,"190":0,"191":0,"192":0,"193":0,"194":0,"195":0,"196":0,"197":0,"198":0,"199":0,"200":0,"201":0,"202":0,"203":0,"204":0,"205":0,"206":0,"207":0,"208":0,"209":0,"210":0,"211":0,"212":0,"213":0,"214":0,"215":0,"216":0,"217":0,"218":0,"219":0,"220":0,"221":0,"222":0,"223":0,"224":0,"225":0,"226":0,"227":0,"228":0,"229":0,"230":0,"231":0,"232":0,"233":0,"234":0,"235":0,"236":0,"237":0,"238":0,"239":0,"240":0,"241":0,"242":0,"243":0,"244":0,"245":0,"246":0,"247":0,"248":0,"249":0,"250":0,"251":0,"252":0,"253":0,"254":0,"255":0,"256":0,"257":0,"258":0,"259":0,"260":0,"261":0,"262":0,"263":0,"264":0,"265":0,"266":0,"267":0,"268":0,"269":0,"270":0,"271":0,"272":0,"273":0,"274":0,"275":0,"276":0,"277":0,"278":0,"279":0,"280":0,"281":0,"282":0,"283":0,"284":0,"285":0,"286":0,"287":0,"288":0,"289":0,"290":0,"291":0,"292":0,"293":0,"294":0,"295":0,"296":0,"297":0,"298":0,"299":0,"300":0,"301":0,"302":0,"303":0,"304":0,"305":0,"306":0,"307":0,"308":0,"309":0,"310":0,"311":0,"312":0,"313":0,"314":0,"315":0,"316":0,"317":0,"318":0,"319":0,"320":0,"321":0,"322":0,"323":0,"324":0,"325":0,"326":0,"327":0,"328":0,"329":0,"330":0,"331":0,"332":0,"333":0,"334":0,"335":0,"336":0,"337":0,"338":0,"339":0,"340":0,"341":0,"342":0,"343":0,"344":0,"345":0,"346":0,"347":0,"348":0,"349":0,"350":0,"351":0,"352":0,"353":0,"354":0,"355":0,"356":0,"357":0,"358":0,"359":0,"360":0,"361":0,"362":0,"363":0,"364":0,"365":0,"366":0,"367":0,"368":0,"369":0,"370":0,"371":0,"372":0,"373":0,"374":0,"375":0,"376":0,"377":0,"378":0,"379":0,"380":0,"381":0,"382":1},"f":{"0":0,"1":0,"2":0,"3":0,"4":0,"5":0,"6":0,"7":0,"8":0,"9":0,"10":0,"11":0,"12":0,"13":0,"14":0,"15":0,"16":0,"17":0,"18":0,"19":0,"20":0,"21":0,"22":0,"23":0,"24":0,"25":0,"26":0,"27":0,"28":0,"29":0,"30":0,"31":0,"32":0,"33":0,"34":0,"35":0,"36":0,"37":0,"38":0,"39":0,"40":0,"41":0,"42":0,"43":0,"44":0,"45":0,"46":0,"47":0,"48":0,"49":0,"50":0,"51":0,"52":0,"53":0,"54":0,"55":0,"56":0,"57":0,"58":0,"59":0,"60":0,"61":0,"62":0,"63":0,"64":0,"65":0,"66":0,"67":0,"68":0,"69":0,"70":0,"71":0,"72":0,"73":0,"74":0,"75":0,"76":0,"77":0,"78":0,"79":0,"80":0},"b":{"0":[0,0],"1":[0,0],"2":[0,0,0,0],"3":[0,0],"4":[0,0,0,0],"5":[0,0],"6":[0,0],"7":[0,0],"8":[0,0],"9":[0,0],"10":[0,0],"11":[0,0],"12":[0,0],"13":[0,0],"14":[0,0],"15":[0,0],"16":[0,0],"17":[0,0],"18":[0,0],"19":[0,0],"20":[0,0],"21":[0,0],"22":[0,0],"23":[0,0],"24":[0,0],"25":[0,0],"26":[0,0],"27":[0,0],"28":[0,0],"29":[0,0],"30":[0,0],"31":[0,0],"32":[0,0],"33":[0,0],"34":[0,0],"35":[0,0,0],"36":[0,0],"37":[0,0],"38":[0,0],"39":[0,0],"40":[0,0],"41":[0,0],"42":[0,0],"43":[0,0],"44":[0,0],"45":[0,0],"46":[0,0],"47":[0,0],"48":[0,0],"49":[0,0],"50":[0,0],"51":[0,0],"52":[0,0],"53":[0,0],"54":[0,0],"55":[0,0],"56":[0,0],"57":[0,0,0],"58":[0,0],"59":[0,0],"60":[0,0],"61":[0,0],"62":[0,0],"63":[0],"64":[0,0],"65":[0,0],"66":[0,0],"67":[0,0],"68":[0,0],"69":[0,0],"70":[0,0],"71":[0,0],"72":[0,0],"73":[0,0],"74":[0,0],"75":[0,0],"76":[0,0],"77":[0,0],"78":[0,0],"79":[0,0],"80":[0,0],"81":[0,0],"82":[0,0],"83":[0,0],"84":[0,0],"85":[0,0],"86":[0,0],"87":[0,0],"88":[0,0],"89":[0,0],"90":[0,0],"91":[0,0],"92":[0,0],"93":[0,0],"94":[0,0],"95":[0,0],"96":[0,0],"97":[0,0],"98":[0,0],"99":[0,0],"100":[0,0],"101":[0,0],"102":[0,0],"103":[0,0],"104":[0,0],"105":[0,0],"106":[0,0],"107":[0,0],"108":[0,0],"109":[0,0],"110":[0,0]}}
,"C:\\Users\\danie\\Documents\\PRACTICE-PROJECTS\\daniels-fighting-pit\\src\\enums\\attackResults.ts": {"path":"C:\\Users\\danie\\Documents\\PRACTICE-PROJECTS\\daniels-fighting-pit\\src\\enums\\attackResults.ts","statementMap":{"0":{"start":{"line":1,"column":0},"end":{"line":6,"column":1}},"1":{"start":{"line":2,"column":2},"end":{"line":2,"column":15}},"2":{"start":{"line":3,"column":2},"end":{"line":3,"column":21}},"3":{"start":{"line":4,"column":2},"end":{"line":4,"column":23}},"4":{"start":{"line":5,"column":2},"end":{"line":5,"column":25}}},"fnMap":{"0":{"name":"(anonymous_0)","decl":{"start":{"line":1,"column":0},"end":{"line":1,"column":11}},"loc":{"start":{"line":1,"column":25},"end":{"line":6,"column":1}}}},"branchMap":{"0":{"loc":{"start":{"line":1,"column":12},"end":{"line":1,"column":25}},"type":"binary-expr","locations":[{"start":{"line":1,"column":12},"end":{"line":1,"column":25}},{"start":{"line":1,"column":12},"end":{"line":1,"column":25}}]}},"s":{"0":2,"1":2,"2":2,"3":2,"4":2},"f":{"0":2},"b":{"0":[2,2]}}
,"C:\\Users\\danie\\Documents\\PRACTICE-PROJECTS\\daniels-fighting-pit\\src\\enums\\closeness.ts": {"path":"C:\\Users\\danie\\Documents\\PRACTICE-PROJECTS\\daniels-fighting-pit\\src\\enums\\closeness.ts","statementMap":{"0":{"start":{"line":1,"column":0},"end":{"line":6,"column":1}},"1":{"start":{"line":2,"column":2},"end":{"line":2,"column":29}},"2":{"start":{"line":3,"column":2},"end":{"line":3,"column":21}},"3":{"start":{"line":4,"column":2},"end":{"line":4,"column":15}},"4":{"start":{"line":5,"column":2},"end":{"line":5,"column":25}}},"fnMap":{"0":{"name":"(anonymous_0)","decl":{"start":{"line":1,"column":0},"end":{"line":1,"column":11}},"loc":{"start":{"line":1,"column":21},"end":{"line":6,"column":1}}}},"branchMap":{"0":{"loc":{"start":{"line":1,"column":12},"end":{"line":1,"column":21}},"type":"binary-expr","locations":[{"start":{"line":1,"column":12},"end":{"line":1,"column":21}},{"start":{"line":1,"column":12},"end":{"line":1,"column":21}}]}},"s":{"0":2,"1":2,"2":2,"3":2,"4":2},"f":{"0":2},"b":{"0":[2,2]}}
,"C:\\Users\\danie\\Documents\\PRACTICE-PROJECTS\\daniels-fighting-pit\\src\\enums\\edges.ts": {"path":"C:\\Users\\danie\\Documents\\PRACTICE-PROJECTS\\daniels-fighting-pit\\src\\enums\\edges.ts","statementMap":{"0":{"start":{"line":1,"column":0},"end":{"line":6,"column":1}},"1":{"start":{"line":2,"column":2},"end":{"line":2,"column":15}},"2":{"start":{"line":3,"column":2},"end":{"line":3,"column":21}},"3":{"start":{"line":4,"column":2},"end":{"line":4,"column":17}},"4":{"start":{"line":5,"column":2},"end":{"line":5,"column":19}}},"fnMap":{"0":{"name":"(anonymous_0)","decl":{"start":{"line":1,"column":0},"end":{"line":1,"column":11}},"loc":{"start":{"line":1,"column":17},"end":{"line":6,"column":1}}}},"branchMap":{"0":{"loc":{"start":{"line":1,"column":12},"end":{"line":1,"column":17}},"type":"binary-expr","locations":[{"start":{"line":1,"column":12},"end":{"line":1,"column":17}},{"start":{"line":1,"column":12},"end":{"line":1,"column":17}}]}},"s":{"0":2,"1":2,"2":2,"3":2,"4":2},"f":{"0":2},"b":{"0":[2,2]}}
,"C:\\Users\\danie\\Documents\\PRACTICE-PROJECTS\\daniels-fighting-pit\\src\\enums\\fighterActionStates.ts": {"path":"C:\\Users\\danie\\Documents\\PRACTICE-PROJECTS\\daniels-fighting-pit\\src\\enums\\fighterActionStates.ts","statementMap":{"0":{"start":{"line":1,"column":0},"end":{"line":8,"column":1}},"1":{"start":{"line":2,"column":2},"end":{"line":2,"column":27}},"2":{"start":{"line":3,"column":2},"end":{"line":3,"column":27}},"3":{"start":{"line":4,"column":2},"end":{"line":4,"column":57}},"4":{"start":{"line":5,"column":2},"end":{"line":5,"column":51}},"5":{"start":{"line":6,"column":2},"end":{"line":6,"column":29}},"6":{"start":{"line":7,"column":2},"end":{"line":7,"column":23}}},"fnMap":{"0":{"name":"(anonymous_0)","decl":{"start":{"line":1,"column":0},"end":{"line":1,"column":11}},"loc":{"start":{"line":1,"column":31},"end":{"line":8,"column":1}}}},"branchMap":{"0":{"loc":{"start":{"line":1,"column":12},"end":{"line":1,"column":31}},"type":"binary-expr","locations":[{"start":{"line":1,"column":12},"end":{"line":1,"column":31}},{"start":{"line":1,"column":12},"end":{"line":1,"column":31}}]}},"s":{"0":2,"1":2,"2":2,"3":2,"4":2,"5":2,"6":2},"f":{"0":2},"b":{"0":[2,2]}}
,"C:\\Users\\danie\\Documents\\PRACTICE-PROJECTS\\daniels-fighting-pit\\src\\enums\\fighterModelStates.ts": {"path":"C:\\Users\\danie\\Documents\\PRACTICE-PROJECTS\\daniels-fighting-pit\\src\\enums\\fighterModelStates.ts","statementMap":{"0":{"start":{"line":1,"column":0},"end":{"line":10,"column":1}},"1":{"start":{"line":2,"column":2},"end":{"line":2,"column":17}},"2":{"start":{"line":3,"column":2},"end":{"line":3,"column":23}},"3":{"start":{"line":4,"column":2},"end":{"line":4,"column":33}},"4":{"start":{"line":5,"column":2},"end":{"line":5,"column":25}},"5":{"start":{"line":6,"column":2},"end":{"line":6,"column":23}},"6":{"start":{"line":7,"column":2},"end":{"line":7,"column":25}},"7":{"start":{"line":8,"column":2},"end":{"line":8,"column":33}},"8":{"start":{"line":9,"column":2},"end":{"line":9,"column":29}}},"fnMap":{"0":{"name":"(anonymous_0)","decl":{"start":{"line":1,"column":0},"end":{"line":1,"column":11}},"loc":{"start":{"line":1,"column":30},"end":{"line":10,"column":1}}}},"branchMap":{"0":{"loc":{"start":{"line":1,"column":12},"end":{"line":1,"column":30}},"type":"binary-expr","locations":[{"start":{"line":1,"column":12},"end":{"line":1,"column":30}},{"start":{"line":1,"column":12},"end":{"line":1,"column":30}}]}},"s":{"0":2,"1":2,"2":2,"3":2,"4":2,"5":2,"6":2,"7":2,"8":2},"f":{"0":2},"b":{"0":[2,2]}}
,"C:\\Users\\danie\\Documents\\PRACTICE-PROJECTS\\daniels-fighting-pit\\src\\enums\\fighterTacticsStates.ts": {"path":"C:\\Users\\danie\\Documents\\PRACTICE-PROJECTS\\daniels-fighting-pit\\src\\enums\\fighterTacticsStates.ts","statementMap":{"0":{"start":{"line":1,"column":0},"end":{"line":8,"column":1}},"1":{"start":{"line":2,"column":4},"end":{"line":2,"column":23}},"2":{"start":{"line":3,"column":4},"end":{"line":3,"column":21}},"3":{"start":{"line":4,"column":4},"end":{"line":4,"column":23}},"4":{"start":{"line":5,"column":4},"end":{"line":5,"column":35}},"5":{"start":{"line":6,"column":4},"end":{"line":6,"column":25}},"6":{"start":{"line":7,"column":4},"end":{"line":7,"column":37}}},"fnMap":{"0":{"name":"(anonymous_0)","decl":{"start":{"line":1,"column":0},"end":{"line":1,"column":11}},"loc":{"start":{"line":1,"column":32},"end":{"line":8,"column":1}}}},"branchMap":{"0":{"loc":{"start":{"line":1,"column":12},"end":{"line":1,"column":32}},"type":"binary-expr","locations":[{"start":{"line":1,"column":12},"end":{"line":1,"column":32}},{"start":{"line":1,"column":12},"end":{"line":1,"column":32}}]}},"s":{"0":2,"1":2,"2":2,"3":2,"4":2,"5":2,"6":2},"f":{"0":2},"b":{"0":[2,2]}}
,"C:\\Users\\danie\\Documents\\PRACTICE-PROJECTS\\daniels-fighting-pit\\src\\enums\\leftOrRight.ts": {"path":"C:\\Users\\danie\\Documents\\PRACTICE-PROJECTS\\daniels-fighting-pit\\src\\enums\\leftOrRight.ts","statementMap":{"0":{"start":{"line":1,"column":0},"end":{"line":4,"column":1}},"1":{"start":{"line":2,"column":2},"end":{"line":2,"column":17}},"2":{"start":{"line":3,"column":2},"end":{"line":3,"column":19}}},"fnMap":{"0":{"name":"(anonymous_0)","decl":{"start":{"line":1,"column":0},"end":{"line":1,"column":11}},"loc":{"start":{"line":1,"column":23},"end":{"line":4,"column":1}}}},"branchMap":{"0":{"loc":{"start":{"line":1,"column":12},"end":{"line":1,"column":23}},"type":"binary-expr","locations":[{"start":{"line":1,"column":12},"end":{"line":1,"column":23}},{"start":{"line":1,"column":12},"end":{"line":1,"column":23}}]}},"s":{"0":2,"1":2,"2":2},"f":{"0":2},"b":{"0":[2,2]}}
,"C:\\Users\\danie\\Documents\\PRACTICE-PROJECTS\\daniels-fighting-pit\\src\\helper-functions\\helper-functions.ts": {"path":"C:\\Users\\danie\\Documents\\PRACTICE-PROJECTS\\daniels-fighting-pit\\src\\helper-functions\\helper-functions.ts","statementMap":{"0":{"start":{"line":1,"column":13},"end":{"line":1,"column":103}},"1":{"start":{"line":1,"column":46},"end":{"line":1,"column":103}}},"fnMap":{"0":{"name":"(anonymous_0)","decl":{"start":{"line":1,"column":20},"end":{"line":1,"column":21}},"loc":{"start":{"line":1,"column":46},"end":{"line":1,"column":103}}}},"branchMap":{"0":{"loc":{"start":{"line":1,"column":96},"end":{"line":1,"column":97}},"type":"cond-expr","locations":[{"start":{"line":1,"column":96},"end":{"line":1,"column":97}},{"start":{"line":1,"column":100},"end":{"line":1,"column":101}}]}},"s":{"0":2,"1":11},"f":{"0":11},"b":{"0":[0,11]}}
}
