TN:
SF:C:\Users\danie\Documents\PRACTICE-PROJECTS\daniels-fighting-pit\src\classes\fighter\fighter.ts
FN:93,(anonymous_0)
FN:103,(anonymous_1)
FN:104,(anonymous_2)
FN:115,(anonymous_3)
FN:118,(anonymous_4)
FN:122,(anonymous_5)
FN:123,(anonymous_6)
FN:123,(anonymous_7)
FN:127,(anonymous_8)
FN:163,(anonymous_9)
FN:208,(anonymous_10)
FN:213,(anonymous_11)
FN:265,(anonymous_12)
FN:269,(anonymous_13)
FN:276,(anonymous_14)
FN:280,(anonymous_15)
FN:285,(anonymous_16)
FN:290,(anonymous_17)
FN:295,(anonymous_18)
FN:296,(anonymous_19)
FN:296,(anonymous_20)
FN:299,(anonymous_21)
FN:308,(anonymous_22)
FN:312,(anonymous_23)
FN:320,(anonymous_24)
FN:341,(anonymous_25)
FN:362,(anonymous_26)
FN:367,(anonymous_27)
FN:373,(anonymous_28)
FN:379,(anonymous_29)
FN:387,(anonymous_30)
FN:391,(anonymous_31)
FN:394,(anonymous_32)
FN:398,(anonymous_33)
FN:407,(anonymous_34)
FN:408,(anonymous_35)
FN:413,(anonymous_36)
FN:419,(anonymous_37)
FN:421,(anonymous_38)
FN:424,(anonymous_39)
FN:432,(anonymous_40)
FN:445,(anonymous_41)
FN:450,(anonymous_42)
FN:456,(anonymous_43)
FN:458,(anonymous_44)
FN:462,(anonymous_45)
FN:464,(anonymous_46)
FN:512,(anonymous_47)
FN:515,(anonymous_48)
FN:517,(anonymous_49)
FNF:50
FNH:2
FNDA:8,(anonymous_0)
FNDA:0,(anonymous_1)
FNDA:0,(anonymous_2)
FNDA:0,(anonymous_3)
FNDA:0,(anonymous_4)
FNDA:0,(anonymous_5)
FNDA:0,(anonymous_6)
FNDA:0,(anonymous_7)
FNDA:0,(anonymous_8)
FNDA:0,(anonymous_9)
FNDA:0,(anonymous_10)
FNDA:4,(anonymous_11)
FNDA:0,(anonymous_12)
FNDA:0,(anonymous_13)
FNDA:0,(anonymous_14)
FNDA:0,(anonymous_15)
FNDA:0,(anonymous_16)
FNDA:0,(anonymous_17)
FNDA:0,(anonymous_18)
FNDA:0,(anonymous_19)
FNDA:0,(anonymous_20)
FNDA:0,(anonymous_21)
FNDA:0,(anonymous_22)
FNDA:0,(anonymous_23)
FNDA:0,(anonymous_24)
FNDA:0,(anonymous_25)
FNDA:0,(anonymous_26)
FNDA:0,(anonymous_27)
FNDA:0,(anonymous_28)
FNDA:0,(anonymous_29)
FNDA:0,(anonymous_30)
FNDA:0,(anonymous_31)
FNDA:0,(anonymous_32)
FNDA:0,(anonymous_33)
FNDA:0,(anonymous_34)
FNDA:0,(anonymous_35)
FNDA:0,(anonymous_36)
FNDA:0,(anonymous_37)
FNDA:0,(anonymous_38)
FNDA:0,(anonymous_39)
FNDA:0,(anonymous_40)
FNDA:0,(anonymous_41)
FNDA:0,(anonymous_42)
FNDA:0,(anonymous_43)
FNDA:0,(anonymous_44)
FNDA:0,(anonymous_45)
FNDA:0,(anonymous_46)
FNDA:0,(anonymous_47)
FNDA:0,(anonymous_48)
FNDA:0,(anonymous_49)
DA:1,1
DA:3,1
DA:4,1
DA:5,1
DA:8,1
DA:9,1
DA:16,1
DA:25,1
DA:35,8
DA:36,8
DA:37,8
DA:38,8
DA:42,8
DA:55,8
DA:56,8
DA:59,8
DA:94,8
DA:95,8
DA:96,8
DA:97,8
DA:98,8
DA:99,8
DA:100,8
DA:104,0
DA:105,0
DA:112,0
DA:116,0
DA:117,0
DA:118,0
DA:119,0
DA:123,0
DA:128,0
DA:129,0
DA:130,0
DA:131,0
DA:132,0
DA:133,0
DA:134,0
DA:136,0
DA:138,0
DA:140,0
DA:142,0
DA:145,0
DA:147,0
DA:149,0
DA:151,0
DA:154,0
DA:156,0
DA:158,0
DA:160,0
DA:164,0
DA:165,0
DA:167,0
DA:169,0
DA:170,0
DA:172,0
DA:173,0
DA:175,0
DA:176,0
DA:179,0
DA:180,0
DA:181,0
DA:210,0
DA:214,4
DA:215,4
DA:216,4
DA:218,4
DA:219,1
DA:220,3
DA:221,1
DA:222,0
DA:224,1
DA:225,1
DA:227,1
DA:228,0
DA:230,1
DA:231,0
DA:237,2
DA:238,1
DA:239,1
DA:240,1
DA:242,2
DA:243,0
DA:244,0
DA:245,0
DA:247,2
DA:248,1
DA:249,1
DA:250,1
DA:252,2
DA:253,0
DA:254,0
DA:255,0
DA:258,2
DA:259,2
DA:262,4
DA:270,0
DA:272,0
DA:273,0
DA:275,0
DA:276,0
DA:277,0
DA:278,0
DA:280,0
DA:284,0
DA:285,0
DA:286,0
DA:290,0
DA:296,0
DA:300,0
DA:301,0
DA:305,0
DA:307,0
DA:308,0
DA:313,0
DA:314,0
DA:316,0
DA:321,0
DA:323,0
DA:324,0
DA:325,0
DA:327,0
DA:328,0
DA:330,0
DA:331,0
DA:333,0
DA:334,0
DA:336,0
DA:337,0
DA:342,0
DA:344,0
DA:345,0
DA:346,0
DA:348,0
DA:349,0
DA:351,0
DA:352,0
DA:354,0
DA:355,0
DA:357,0
DA:358,0
DA:363,0
DA:368,0
DA:369,0
DA:370,0
DA:371,0
DA:372,0
DA:373,0
DA:374,0
DA:375,0
DA:376,0
DA:377,0
DA:378,0
DA:379,0
DA:380,0
DA:383,0
DA:384,0
DA:385,0
DA:386,0
DA:387,0
DA:388,0
DA:392,0
DA:395,0
DA:399,0
DA:400,0
DA:401,0
DA:403,0
DA:408,0
DA:409,0
DA:410,0
DA:414,0
DA:415,0
DA:420,0
DA:421,0
DA:423,0
DA:425,0
DA:426,0
DA:427,0
DA:433,0
DA:434,0
DA:435,0
DA:438,0
DA:439,0
DA:446,0
DA:447,0
DA:451,0
DA:452,0
DA:457,0
DA:458,0
DA:460,0
DA:461,0
DA:462,0
DA:464,0
DA:465,0
DA:466,0
DA:468,0
DA:469,0
DA:470,0
DA:471,0
DA:473,0
DA:474,0
DA:475,0
DA:476,0
DA:478,0
DA:479,0
DA:480,0
DA:481,0
DA:483,0
DA:484,0
DA:485,0
DA:486,0
DA:490,0
DA:491,0
DA:492,0
DA:493,0
DA:495,0
DA:496,0
DA:497,0
DA:498,0
DA:499,0
DA:501,0
DA:502,0
DA:503,0
DA:505,0
DA:510,0
DA:511,0
DA:512,0
DA:515,0
DA:516,0
DA:518,0
DA:519,0
DA:521,0
DA:525,0
LF:233
LH:47
BRDA:136,0,0,0
BRDA:136,0,1,0
BRDA:136,1,0,0
BRDA:136,1,1,0
BRDA:136,1,2,0
BRDA:136,1,3,0
BRDA:140,2,0,0
BRDA:140,2,1,0
BRDA:140,3,0,0
BRDA:140,3,1,0
BRDA:140,3,2,0
BRDA:140,3,3,0
BRDA:145,4,0,0
BRDA:145,4,1,0
BRDA:145,5,0,0
BRDA:145,5,1,0
BRDA:145,5,2,0
BRDA:145,5,3,0
BRDA:149,6,0,0
BRDA:149,6,1,0
BRDA:149,7,0,0
BRDA:149,7,1,0
BRDA:149,7,2,0
BRDA:149,7,3,0
BRDA:154,8,0,0
BRDA:154,8,1,0
BRDA:154,9,0,0
BRDA:154,9,1,0
BRDA:154,9,2,0
BRDA:154,9,3,0
BRDA:158,10,0,0
BRDA:158,10,1,0
BRDA:158,11,0,0
BRDA:158,11,1,0
BRDA:158,11,2,0
BRDA:158,11,3,0
BRDA:165,12,0,0
BRDA:165,12,1,0
BRDA:168,13,0,0
BRDA:168,13,1,0
BRDA:168,13,2,0
BRDA:180,14,0,0
BRDA:180,14,1,0
BRDA:218,15,0,1
BRDA:218,15,1,3
BRDA:218,16,0,4
BRDA:218,16,1,2
BRDA:220,17,0,1
BRDA:220,17,1,2
BRDA:220,18,0,3
BRDA:220,18,1,2
BRDA:221,19,0,0
BRDA:221,19,1,1
BRDA:221,20,0,1
BRDA:221,20,1,0
BRDA:224,21,0,1
BRDA:224,21,1,0
BRDA:224,22,0,1
BRDA:224,22,1,1
BRDA:227,23,0,0
BRDA:227,23,1,1
BRDA:227,24,0,1
BRDA:227,24,1,0
BRDA:230,25,0,0
BRDA:230,25,1,1
BRDA:230,26,0,1
BRDA:230,26,1,1
BRDA:237,27,0,1
BRDA:237,27,1,1
BRDA:237,28,0,2
BRDA:237,28,1,1
BRDA:242,29,0,0
BRDA:242,29,1,2
BRDA:242,30,0,2
BRDA:242,30,1,1
BRDA:247,31,0,1
BRDA:247,31,1,1
BRDA:247,32,0,2
BRDA:247,32,1,1
BRDA:252,33,0,0
BRDA:252,33,1,2
BRDA:252,34,0,2
BRDA:252,34,1,1
BRDA:270,35,0,0
BRDA:270,35,1,0
BRDA:273,36,0,0
BRDA:273,36,1,0
BRDA:275,37,0,0
BRDA:275,37,1,0
BRDA:276,38,0,0
BRDA:276,38,1,0
BRDA:284,39,0,0
BRDA:284,39,1,0
BRDA:285,40,0,0
BRDA:285,40,1,0
BRDA:313,41,0,0
BRDA:313,41,1,0
BRDA:324,42,0,0
BRDA:324,42,1,0
BRDA:327,43,0,0
BRDA:327,43,1,0
BRDA:330,44,0,0
BRDA:330,44,1,0
BRDA:333,45,0,0
BRDA:333,45,1,0
BRDA:336,46,0,0
BRDA:336,46,1,0
BRDA:345,47,0,0
BRDA:345,47,1,0
BRDA:348,48,0,0
BRDA:348,48,1,0
BRDA:351,49,0,0
BRDA:351,49,1,0
BRDA:354,50,0,0
BRDA:354,50,1,0
BRDA:357,51,0,0
BRDA:357,51,1,0
BRDA:368,52,0,0
BRDA:368,52,1,0
BRDA:369,53,0,0
BRDA:369,53,1,0
BRDA:375,54,0,0
BRDA:375,54,1,0
BRDA:400,55,0,0
BRDA:400,55,1,0
BRDA:425,56,0,0
BRDA:425,56,1,0
BRDA:433,57,0,0
BRDA:433,57,1,0
BRDA:434,58,0,0
BRDA:434,58,1,0
BRDA:438,59,0,0
BRDA:438,59,1,0
BRDA:468,60,0,0
BRDA:468,60,1,0
BRDA:468,61,0,0
BRDA:468,61,1,0
BRDA:473,62,0,0
BRDA:473,62,1,0
BRDA:473,63,0,0
BRDA:473,63,1,0
BRDA:478,64,0,0
BRDA:478,64,1,0
BRDA:478,65,0,0
BRDA:478,65,1,0
BRDA:483,66,0,0
BRDA:483,66,1,0
BRDA:483,67,0,0
BRDA:483,67,1,0
BRDA:497,68,0,0
BRDA:497,68,1,0
BRDA:497,69,0,0
BRDA:497,69,1,0
BRDA:501,70,0,0
BRDA:501,70,1,0
BRDA:501,71,0,0
BRDA:501,71,1,0
BRDA:518,72,0,0
BRDA:518,72,1,0
BRDA:518,73,0,0
BRDA:518,73,1,0
BRF:161
BRH:32
end_of_record
TN:
SF:C:\Users\danie\Documents\PRACTICE-PROJECTS\daniels-fighting-pit\src\enums\attackResults.ts
FN:1,(anonymous_0)
FNF:1
FNH:1
FNDA:1,(anonymous_0)
DA:1,1
DA:2,1
DA:3,1
DA:4,1
DA:5,1
LF:5
LH:5
BRDA:1,0,0,1
BRDA:1,0,1,1
BRF:2
BRH:2
end_of_record
TN:
SF:C:\Users\danie\Documents\PRACTICE-PROJECTS\daniels-fighting-pit\src\enums\closeness.ts
FN:1,(anonymous_0)
FNF:1
FNH:1
FNDA:1,(anonymous_0)
DA:1,1
DA:2,1
DA:3,1
DA:4,1
LF:4
LH:4
BRDA:1,0,0,1
BRDA:1,0,1,1
BRF:2
BRH:2
end_of_record
TN:
SF:C:\Users\danie\Documents\PRACTICE-PROJECTS\daniels-fighting-pit\src\enums\fighterModelStates.ts
FN:1,(anonymous_0)
FNF:1
FNH:1
FNDA:1,(anonymous_0)
DA:1,1
DA:2,1
DA:3,1
DA:4,1
DA:5,1
DA:6,1
DA:7,1
LF:7
LH:7
BRDA:1,0,0,1
BRDA:1,0,1,1
BRF:2
BRH:2
end_of_record
TN:
SF:C:\Users\danie\Documents\PRACTICE-PROJECTS\daniels-fighting-pit\src\enums\fighterTacticsStates.ts
FN:1,(anonymous_0)
FNF:1
FNH:1
FNDA:1,(anonymous_0)
DA:1,1
DA:2,1
DA:3,1
DA:4,1
DA:5,1
DA:6,1
LF:6
LH:6
BRDA:1,0,0,1
BRDA:1,0,1,1
BRF:2
BRH:2
end_of_record
TN:
SF:C:\Users\danie\Documents\PRACTICE-PROJECTS\daniels-fighting-pit\src\enums\leftOrRight.ts
FN:1,(anonymous_0)
FNF:1
FNH:1
FNDA:1,(anonymous_0)
DA:1,1
DA:2,1
DA:3,1
LF:3
LH:3
BRDA:1,0,0,1
BRDA:1,0,1,1
BRF:2
BRH:2
end_of_record
TN:
SF:C:\Users\danie\Documents\PRACTICE-PROJECTS\daniels-fighting-pit\src\helper-functions\helper-functions.ts
FN:1,(anonymous_0)
FNF:1
FNH:0
FNDA:0,(anonymous_0)
DA:1,1
LF:1
LH:1
BRDA:1,0,0,0
BRDA:1,0,1,0
BRF:2
BRH:0
end_of_record
