TN:
SF:C:\Users\danie\Documents\PRACTICE-PROJECTS\daniels-fighting-pit\src\classes\fighter\fighter.ts
FN:118,(anonymous_0)
FN:133,(anonymous_1)
FN:134,(anonymous_2)
FN:145,(anonymous_3)
FN:151,(anonymous_4)
FN:152,(anonymous_5)
FN:157,(anonymous_6)
FN:165,(anonymous_7)
FN:173,(anonymous_8)
FN:231,(anonymous_9)
FN:287,(anonymous_10)
FN:291,(anonymous_11)
FN:293,(anonymous_12)
FN:296,(anonymous_13)
FN:306,(anonymous_14)
FN:308,(anonymous_15)
FN:324,(anonymous_16)
FN:363,(anonymous_17)
FN:364,(anonymous_18)
FN:377,(anonymous_19)
FN:385,(anonymous_20)
FN:389,(anonymous_21)
FN:393,(anonymous_22)
FN:397,(anonymous_23)
FN:401,(anonymous_24)
FN:409,(anonymous_25)
FN:432,(anonymous_26)
FN:454,(anonymous_27)
FN:465,(anonymous_28)
FN:471,(anonymous_29)
FN:474,(anonymous_30)
FN:478,(anonymous_31)
FN:485,(anonymous_32)
FN:492,(anonymous_33)
FN:495,(anonymous_34)
FN:499,(anonymous_35)
FN:506,(anonymous_36)
FN:507,(anonymous_37)
FN:507,(anonymous_38)
FN:509,(anonymous_39)
FN:510,(anonymous_40)
FN:510,(anonymous_41)
FN:513,(anonymous_42)
FN:534,(anonymous_43)
FN:555,(anonymous_44)
FN:560,(anonymous_45)
FN:570,(anonymous_46)
FN:574,(anonymous_47)
FN:581,(anonymous_48)
FN:588,(anonymous_49)
FN:596,(anonymous_50)
FN:602,(anonymous_51)
FN:611,(anonymous_52)
FN:614,(anonymous_53)
FN:621,(anonymous_54)
FN:623,(anonymous_55)
FN:630,(anonymous_56)
FN:633,(anonymous_57)
FN:641,(anonymous_58)
FN:645,(anonymous_59)
FN:649,(anonymous_60)
FN:655,(anonymous_61)
FN:663,(anonymous_62)
FN:675,(anonymous_63)
FN:680,(anonymous_64)
FN:685,(anonymous_65)
FN:697,(anonymous_66)
FN:703,(anonymous_67)
FN:708,(anonymous_68)
FN:709,(anonymous_69)
FN:714,(anonymous_70)
FN:720,(anonymous_71)
FN:729,(anonymous_72)
FN:734,(anonymous_73)
FN:738,(anonymous_74)
FN:746,(anonymous_75)
FN:748,(anonymous_76)
FN:751,(anonymous_77)
FN:758,(anonymous_78)
FN:766,(anonymous_79)
FN:771,(anonymous_80)
FN:772,(anonymous_81)
FN:789,(anonymous_82)
FN:797,(anonymous_83)
FN:813,(anonymous_84)
FNF:85
FNH:8
FNDA:11,(anonymous_0)
FNDA:8,(anonymous_1)
FNDA:8,(anonymous_2)
FNDA:1,(anonymous_3)
FNDA:2,(anonymous_4)
FNDA:4,(anonymous_5)
FNDA:3,(anonymous_6)
FNDA:0,(anonymous_7)
FNDA:0,(anonymous_8)
FNDA:4,(anonymous_9)
FNDA:0,(anonymous_10)
FNDA:0,(anonymous_11)
FNDA:0,(anonymous_12)
FNDA:0,(anonymous_13)
FNDA:0,(anonymous_14)
FNDA:0,(anonymous_15)
FNDA:0,(anonymous_16)
FNDA:0,(anonymous_17)
FNDA:0,(anonymous_18)
FNDA:0,(anonymous_19)
FNDA:0,(anonymous_20)
FNDA:0,(anonymous_21)
FNDA:0,(anonymous_22)
FNDA:0,(anonymous_23)
FNDA:0,(anonymous_24)
FNDA:0,(anonymous_25)
FNDA:0,(anonymous_26)
FNDA:0,(anonymous_27)
FNDA:0,(anonymous_28)
FNDA:0,(anonymous_29)
FNDA:0,(anonymous_30)
FNDA:0,(anonymous_31)
FNDA:0,(anonymous_32)
FNDA:0,(anonymous_33)
FNDA:0,(anonymous_34)
FNDA:0,(anonymous_35)
FNDA:0,(anonymous_36)
FNDA:0,(anonymous_37)
FNDA:0,(anonymous_38)
FNDA:0,(anonymous_39)
FNDA:0,(anonymous_40)
FNDA:0,(anonymous_41)
FNDA:0,(anonymous_42)
FNDA:0,(anonymous_43)
FNDA:0,(anonymous_44)
FNDA:0,(anonymous_45)
FNDA:0,(anonymous_46)
FNDA:0,(anonymous_47)
FNDA:0,(anonymous_48)
FNDA:0,(anonymous_49)
FNDA:0,(anonymous_50)
FNDA:0,(anonymous_51)
FNDA:0,(anonymous_52)
FNDA:0,(anonymous_53)
FNDA:0,(anonymous_54)
FNDA:0,(anonymous_55)
FNDA:0,(anonymous_56)
FNDA:0,(anonymous_57)
FNDA:0,(anonymous_58)
FNDA:0,(anonymous_59)
FNDA:0,(anonymous_60)
FNDA:0,(anonymous_61)
FNDA:0,(anonymous_62)
FNDA:0,(anonymous_63)
FNDA:0,(anonymous_64)
FNDA:0,(anonymous_65)
FNDA:0,(anonymous_66)
FNDA:0,(anonymous_67)
FNDA:0,(anonymous_68)
FNDA:0,(anonymous_69)
FNDA:0,(anonymous_70)
FNDA:0,(anonymous_71)
FNDA:0,(anonymous_72)
FNDA:0,(anonymous_73)
FNDA:0,(anonymous_74)
FNDA:0,(anonymous_75)
FNDA:0,(anonymous_76)
FNDA:0,(anonymous_77)
FNDA:0,(anonymous_78)
FNDA:0,(anonymous_79)
FNDA:0,(anonymous_80)
FNDA:0,(anonymous_81)
FNDA:0,(anonymous_82)
FNDA:0,(anonymous_83)
FNDA:0,(anonymous_84)
DA:1,1
DA:3,1
DA:4,1
DA:5,1
DA:8,1
DA:9,1
DA:15,1
DA:17,1
DA:18,1
DA:27,1
DA:38,11
DA:39,11
DA:41,11
DA:45,11
DA:52,11
DA:65,11
DA:66,11
DA:68,11
DA:69,11
DA:70,11
DA:71,11
DA:74,11
DA:119,11
DA:120,11
DA:121,11
DA:122,11
DA:123,11
DA:124,11
DA:125,11
DA:126,11
DA:127,11
DA:128,11
DA:134,8
DA:135,8
DA:142,8
DA:146,1
DA:147,1
DA:148,1
DA:152,2
DA:153,4
DA:154,4
DA:155,2
DA:157,3
DA:161,4
DA:162,0
DA:163,0
DA:165,0
DA:175,0
DA:176,0
DA:178,0
DA:179,0
DA:180,0
DA:181,0
DA:183,0
DA:208,0
DA:209,0
DA:210,0
DA:212,0
DA:214,0
DA:216,0
DA:219,0
DA:220,0
DA:222,0
DA:223,0
DA:232,4
DA:233,4
DA:234,4
DA:235,4
DA:236,0
DA:237,0
DA:240,4
DA:241,1
DA:242,3
DA:243,1
DA:244,0
DA:246,1
DA:247,1
DA:249,1
DA:250,0
DA:252,1
DA:253,0
DA:259,2
DA:260,1
DA:261,1
DA:262,1
DA:264,2
DA:265,0
DA:266,0
DA:267,0
DA:269,2
DA:270,1
DA:271,1
DA:272,1
DA:274,2
DA:275,0
DA:276,0
DA:277,0
DA:280,2
DA:281,2
DA:284,4
DA:293,0
DA:294,0
DA:296,0
DA:297,0
DA:298,0
DA:300,0
DA:308,0
DA:309,0
DA:310,0
DA:311,0
DA:312,0
DA:316,0
DA:318,0
DA:319,0
DA:320,0
DA:324,0
DA:325,0
DA:326,0
DA:327,0
DA:328,0
DA:331,0
DA:333,0
DA:334,0
DA:338,0
DA:339,0
DA:340,0
DA:341,0
DA:346,0
DA:347,0
DA:348,0
DA:349,0
DA:351,0
DA:353,0
DA:354,0
DA:355,0
DA:364,0
DA:365,0
DA:366,0
DA:367,0
DA:368,0
DA:370,0
DA:371,0
DA:378,0
DA:379,0
DA:380,0
DA:386,0
DA:387,0
DA:388,0
DA:389,0
DA:390,0
DA:391,0
DA:392,0
DA:393,0
DA:394,0
DA:396,0
DA:397,0
DA:398,0
DA:400,0
DA:401,0
DA:402,0
DA:410,0
DA:411,0
DA:412,0
DA:413,0
DA:415,0
DA:419,0
DA:421,0
DA:422,0
DA:424,0
DA:425,0
DA:427,0
DA:428,0
DA:433,0
DA:434,0
DA:435,0
DA:436,0
DA:438,0
DA:442,0
DA:444,0
DA:445,0
DA:447,0
DA:448,0
DA:455,0
DA:456,0
DA:459,0
DA:461,0
DA:462,0
DA:466,0
DA:467,0
DA:468,0
DA:469,0
DA:470,0
DA:472,0
DA:475,0
DA:476,0
DA:477,0
DA:478,0
DA:480,0
DA:486,0
DA:487,0
DA:489,0
DA:491,0
DA:493,0
DA:496,0
DA:497,0
DA:498,0
DA:499,0
DA:501,0
DA:507,0
DA:510,0
DA:514,0
DA:516,0
DA:517,0
DA:518,0
DA:520,0
DA:521,0
DA:523,0
DA:524,0
DA:526,0
DA:527,0
DA:529,0
DA:530,0
DA:535,0
DA:537,0
DA:538,0
DA:539,0
DA:541,0
DA:542,0
DA:544,0
DA:545,0
DA:547,0
DA:548,0
DA:550,0
DA:551,0
DA:556,0
DA:561,0
DA:562,0
DA:563,0
DA:567,0
DA:569,0
DA:570,0
DA:575,0
DA:576,0
DA:577,0
DA:578,0
DA:579,0
DA:580,0
DA:581,0
DA:582,0
DA:583,0
DA:584,0
DA:585,0
DA:586,0
DA:587,0
DA:588,0
DA:589,0
DA:592,0
DA:593,0
DA:594,0
DA:595,0
DA:596,0
DA:597,0
DA:603,0
DA:604,0
DA:607,0
DA:610,0
DA:611,0
DA:615,0
DA:616,0
DA:618,0
DA:620,0
DA:621,0
DA:624,0
DA:625,0
DA:627,0
DA:629,0
DA:630,0
DA:634,0
DA:635,0
DA:636,0
DA:637,0
DA:638,0
DA:640,0
DA:641,0
DA:644,0
DA:645,0
DA:650,0
DA:651,0
DA:652,0
DA:656,0
DA:657,0
DA:658,0
DA:664,0
DA:665,0
DA:666,0
DA:669,0
DA:670,0
DA:676,0
DA:677,0
DA:681,0
DA:682,0
DA:686,0
DA:688,0
DA:689,0
DA:691,0
DA:692,0
DA:693,0
DA:694,0
DA:698,0
DA:699,0
DA:704,0
DA:705,0
DA:707,0
DA:708,0
DA:710,0
DA:711,0
DA:712,0
DA:713,0
DA:714,0
DA:722,0
DA:723,0
DA:725,0
DA:726,0
DA:728,0
DA:729,0
DA:735,0
DA:736,0
DA:738,0
DA:739,0
DA:740,0
DA:741,0
DA:742,0
DA:745,0
DA:746,0
DA:748,0
DA:749,0
DA:752,0
DA:753,0
DA:755,0
DA:759,0
DA:763,0
DA:767,0
DA:772,0
DA:773,0
DA:774,0
DA:775,0
DA:776,0
DA:778,0
DA:779,0
DA:780,0
DA:783,0
DA:784,0
DA:790,0
DA:794,0
DA:798,0
DA:799,0
DA:800,0
DA:802,0
DA:803,0
DA:805,0
DA:806,0
DA:808,0
DA:809,0
DA:814,0
DA:815,0
DA:817,0
DA:818,0
DA:819,0
DA:820,0
DA:822,0
DA:823,0
DA:824,0
DA:825,0
DA:827,0
DA:828,0
DA:829,0
DA:830,0
DA:832,0
DA:833,0
DA:834,0
DA:835,0
DA:838,0
DA:839,0
DA:840,0
DA:842,0
LF:385
LH:69
BRDA:125,0,0,9
BRDA:125,0,1,2
BRDA:153,1,0,4
BRDA:153,1,1,0
BRDA:154,2,0,2
BRDA:154,2,1,2
BRDA:161,3,0,0
BRDA:161,3,1,4
BRDA:162,4,0,0
BRDA:162,4,1,0
BRDA:209,5,0,0
BRDA:209,5,1,0
BRDA:210,6,0,0
BRDA:210,6,1,0
BRDA:210,7,0,0
BRDA:210,7,1,0
BRDA:210,7,2,0
BRDA:210,7,3,0
BRDA:214,8,0,0
BRDA:214,8,1,0
BRDA:214,9,0,0
BRDA:214,9,1,0
BRDA:214,9,2,0
BRDA:214,9,3,0
BRDA:219,10,0,0
BRDA:219,10,1,0
BRDA:222,11,0,0
BRDA:222,11,1,0
BRDA:235,12,0,0
BRDA:235,12,1,4
BRDA:240,13,0,1
BRDA:240,13,1,3
BRDA:240,14,0,4
BRDA:240,14,1,2
BRDA:242,15,0,1
BRDA:242,15,1,2
BRDA:242,16,0,3
BRDA:242,16,1,2
BRDA:243,17,0,0
BRDA:243,17,1,1
BRDA:243,18,0,1
BRDA:243,18,1,0
BRDA:246,19,0,1
BRDA:246,19,1,0
BRDA:246,20,0,1
BRDA:246,20,1,1
BRDA:249,21,0,0
BRDA:249,21,1,1
BRDA:249,22,0,1
BRDA:249,22,1,0
BRDA:252,23,0,0
BRDA:252,23,1,1
BRDA:252,24,0,1
BRDA:252,24,1,1
BRDA:259,25,0,1
BRDA:259,25,1,1
BRDA:259,26,0,2
BRDA:259,26,1,1
BRDA:264,27,0,0
BRDA:264,27,1,2
BRDA:264,28,0,2
BRDA:264,28,1,1
BRDA:269,29,0,1
BRDA:269,29,1,1
BRDA:269,30,0,2
BRDA:269,30,1,1
BRDA:274,31,0,0
BRDA:274,31,1,2
BRDA:274,32,0,2
BRDA:274,32,1,1
BRDA:294,33,0,0
BRDA:294,33,1,0
BRDA:311,34,0,0
BRDA:311,34,1,0
BRDA:316,35,0,0
BRDA:316,35,1,0
BRDA:318,36,0,0
BRDA:318,36,1,0
BRDA:327,37,0,0
BRDA:327,37,1,0
BRDA:331,38,0,0
BRDA:331,38,1,0
BRDA:333,39,0,0
BRDA:333,39,1,0
BRDA:333,40,0,0
BRDA:333,40,1,0
BRDA:333,40,2,0
BRDA:339,41,0,0
BRDA:339,41,1,0
BRDA:339,42,0,0
BRDA:339,42,1,0
BRDA:340,43,0,0
BRDA:340,43,1,0
BRDA:346,44,0,0
BRDA:346,44,1,0
BRDA:347,45,0,0
BRDA:347,45,1,0
BRDA:348,46,0,0
BRDA:348,46,1,0
BRDA:353,47,0,0
BRDA:353,47,1,0
BRDA:365,48,0,0
BRDA:365,48,1,0
BRDA:367,49,0,0
BRDA:367,49,1,0
BRDA:378,50,0,0
BRDA:378,50,1,0
BRDA:379,51,0,0
BRDA:379,51,1,0
BRDA:391,52,0,0
BRDA:391,52,1,0
BRDA:392,53,0,0
BRDA:392,53,1,0
BRDA:393,54,0,0
BRDA:393,54,1,0
BRDA:396,55,0,0
BRDA:396,55,1,0
BRDA:397,56,0,0
BRDA:397,56,1,0
BRDA:400,57,0,0
BRDA:400,57,1,0
BRDA:401,58,0,0
BRDA:401,58,1,0
BRDA:410,59,0,0
BRDA:410,59,1,0
BRDA:410,60,0,0
BRDA:410,60,1,0
BRDA:412,61,0,0
BRDA:412,61,1,0
BRDA:420,62,0,0
BRDA:420,62,1,0
BRDA:420,62,2,0
BRDA:433,63,0,0
BRDA:433,63,1,0
BRDA:433,64,0,0
BRDA:433,64,1,0
BRDA:435,65,0,0
BRDA:435,65,1,0
BRDA:443,66,0,0
BRDA:443,66,1,0
BRDA:455,67,0,0
BRDA:455,67,1,0
BRDA:460,68,0,0
BRDA:476,69,0,0
BRDA:476,69,1,0
BRDA:497,70,0,0
BRDA:497,70,1,0
BRDA:517,71,0,0
BRDA:517,71,1,0
BRDA:520,72,0,0
BRDA:520,72,1,0
BRDA:523,73,0,0
BRDA:523,73,1,0
BRDA:526,74,0,0
BRDA:526,74,1,0
BRDA:529,75,0,0
BRDA:529,75,1,0
BRDA:538,76,0,0
BRDA:538,76,1,0
BRDA:541,77,0,0
BRDA:541,77,1,0
BRDA:544,78,0,0
BRDA:544,78,1,0
BRDA:547,79,0,0
BRDA:547,79,1,0
BRDA:550,80,0,0
BRDA:550,80,1,0
BRDA:575,81,0,0
BRDA:575,81,1,0
BRDA:576,82,0,0
BRDA:576,82,1,0
BRDA:583,83,0,0
BRDA:583,83,1,0
BRDA:603,84,0,0
BRDA:603,84,1,0
BRDA:615,85,0,0
BRDA:615,85,1,0
BRDA:624,86,0,0
BRDA:624,86,1,0
BRDA:635,87,0,0
BRDA:635,87,1,0
BRDA:637,88,0,0
BRDA:637,88,1,0
BRDA:656,89,0,0
BRDA:656,89,1,0
BRDA:664,90,0,0
BRDA:664,90,1,0
BRDA:665,91,0,0
BRDA:665,91,1,0
BRDA:669,92,0,0
BRDA:669,92,1,0
BRDA:688,93,0,0
BRDA:688,93,1,0
BRDA:691,94,0,0
BRDA:691,94,1,0
BRDA:711,95,0,0
BRDA:711,95,1,0
BRDA:712,96,0,0
BRDA:712,96,1,0
BRDA:722,97,0,0
BRDA:722,97,1,0
BRDA:725,98,0,0
BRDA:725,98,1,0
BRDA:735,99,0,0
BRDA:735,99,1,0
BRDA:741,100,0,0
BRDA:741,100,1,0
BRDA:752,101,0,0
BRDA:752,101,1,0
BRDA:775,102,0,0
BRDA:775,102,1,0
BRDA:778,103,0,0
BRDA:778,103,1,0
BRDA:799,104,0,0
BRDA:799,104,1,0
BRDA:802,105,0,0
BRDA:802,105,1,0
BRDA:805,106,0,0
BRDA:805,106,1,0
BRDA:808,107,0,0
BRDA:808,107,1,0
BRDA:817,108,0,0
BRDA:817,108,1,0
BRDA:817,109,0,0
BRDA:817,109,1,0
BRDA:822,110,0,0
BRDA:822,110,1,0
BRDA:822,111,0,0
BRDA:822,111,1,0
BRDA:827,112,0,0
BRDA:827,112,1,0
BRDA:827,113,0,0
BRDA:827,113,1,0
BRDA:832,114,0,0
BRDA:832,114,1,0
BRDA:832,115,0,0
BRDA:832,115,1,0
BRF:237
BRH:39
end_of_record
TN:
SF:C:\Users\danie\Documents\PRACTICE-PROJECTS\daniels-fighting-pit\src\classes\fighter-backup\fighter-backup.ts
FN:115,(anonymous_0)
FN:129,(anonymous_1)
FN:130,(anonymous_2)
FN:141,(anonymous_3)
FN:151,(anonymous_4)
FN:209,(anonymous_5)
FN:265,(anonymous_6)
FN:269,(anonymous_7)
FN:271,(anonymous_8)
FN:274,(anonymous_9)
FN:284,(anonymous_10)
FN:286,(anonymous_11)
FN:302,(anonymous_12)
FN:341,(anonymous_13)
FN:342,(anonymous_14)
FN:355,(anonymous_15)
FN:363,(anonymous_16)
FN:367,(anonymous_17)
FN:371,(anonymous_18)
FN:375,(anonymous_19)
FN:379,(anonymous_20)
FN:387,(anonymous_21)
FN:410,(anonymous_22)
FN:432,(anonymous_23)
FN:443,(anonymous_24)
FN:449,(anonymous_25)
FN:452,(anonymous_26)
FN:456,(anonymous_27)
FN:463,(anonymous_28)
FN:470,(anonymous_29)
FN:473,(anonymous_30)
FN:477,(anonymous_31)
FN:484,(anonymous_32)
FN:485,(anonymous_33)
FN:485,(anonymous_34)
FN:487,(anonymous_35)
FN:488,(anonymous_36)
FN:488,(anonymous_37)
FN:491,(anonymous_38)
FN:512,(anonymous_39)
FN:533,(anonymous_40)
FN:538,(anonymous_41)
FN:548,(anonymous_42)
FN:552,(anonymous_43)
FN:559,(anonymous_44)
FN:566,(anonymous_45)
FN:574,(anonymous_46)
FN:580,(anonymous_47)
FN:589,(anonymous_48)
FN:592,(anonymous_49)
FN:599,(anonymous_50)
FN:601,(anonymous_51)
FN:608,(anonymous_52)
FN:611,(anonymous_53)
FN:619,(anonymous_54)
FN:623,(anonymous_55)
FN:627,(anonymous_56)
FN:633,(anonymous_57)
FN:641,(anonymous_58)
FN:653,(anonymous_59)
FN:658,(anonymous_60)
FN:663,(anonymous_61)
FN:675,(anonymous_62)
FN:681,(anonymous_63)
FN:686,(anonymous_64)
FN:687,(anonymous_65)
FN:692,(anonymous_66)
FN:698,(anonymous_67)
FN:707,(anonymous_68)
FN:712,(anonymous_69)
FN:716,(anonymous_70)
FN:724,(anonymous_71)
FN:726,(anonymous_72)
FN:729,(anonymous_73)
FN:736,(anonymous_74)
FN:744,(anonymous_75)
FN:749,(anonymous_76)
FN:750,(anonymous_77)
FN:767,(anonymous_78)
FN:775,(anonymous_79)
FN:791,(anonymous_80)
FNF:81
FNH:0
FNDA:0,(anonymous_0)
FNDA:0,(anonymous_1)
FNDA:0,(anonymous_2)
FNDA:0,(anonymous_3)
FNDA:0,(anonymous_4)
FNDA:0,(anonymous_5)
FNDA:0,(anonymous_6)
FNDA:0,(anonymous_7)
FNDA:0,(anonymous_8)
FNDA:0,(anonymous_9)
FNDA:0,(anonymous_10)
FNDA:0,(anonymous_11)
FNDA:0,(anonymous_12)
FNDA:0,(anonymous_13)
FNDA:0,(anonymous_14)
FNDA:0,(anonymous_15)
FNDA:0,(anonymous_16)
FNDA:0,(anonymous_17)
FNDA:0,(anonymous_18)
FNDA:0,(anonymous_19)
FNDA:0,(anonymous_20)
FNDA:0,(anonymous_21)
FNDA:0,(anonymous_22)
FNDA:0,(anonymous_23)
FNDA:0,(anonymous_24)
FNDA:0,(anonymous_25)
FNDA:0,(anonymous_26)
FNDA:0,(anonymous_27)
FNDA:0,(anonymous_28)
FNDA:0,(anonymous_29)
FNDA:0,(anonymous_30)
FNDA:0,(anonymous_31)
FNDA:0,(anonymous_32)
FNDA:0,(anonymous_33)
FNDA:0,(anonymous_34)
FNDA:0,(anonymous_35)
FNDA:0,(anonymous_36)
FNDA:0,(anonymous_37)
FNDA:0,(anonymous_38)
FNDA:0,(anonymous_39)
FNDA:0,(anonymous_40)
FNDA:0,(anonymous_41)
FNDA:0,(anonymous_42)
FNDA:0,(anonymous_43)
FNDA:0,(anonymous_44)
FNDA:0,(anonymous_45)
FNDA:0,(anonymous_46)
FNDA:0,(anonymous_47)
FNDA:0,(anonymous_48)
FNDA:0,(anonymous_49)
FNDA:0,(anonymous_50)
FNDA:0,(anonymous_51)
FNDA:0,(anonymous_52)
FNDA:0,(anonymous_53)
FNDA:0,(anonymous_54)
FNDA:0,(anonymous_55)
FNDA:0,(anonymous_56)
FNDA:0,(anonymous_57)
FNDA:0,(anonymous_58)
FNDA:0,(anonymous_59)
FNDA:0,(anonymous_60)
FNDA:0,(anonymous_61)
FNDA:0,(anonymous_62)
FNDA:0,(anonymous_63)
FNDA:0,(anonymous_64)
FNDA:0,(anonymous_65)
FNDA:0,(anonymous_66)
FNDA:0,(anonymous_67)
FNDA:0,(anonymous_68)
FNDA:0,(anonymous_69)
FNDA:0,(anonymous_70)
FNDA:0,(anonymous_71)
FNDA:0,(anonymous_72)
FNDA:0,(anonymous_73)
FNDA:0,(anonymous_74)
FNDA:0,(anonymous_75)
FNDA:0,(anonymous_76)
FNDA:0,(anonymous_77)
FNDA:0,(anonymous_78)
FNDA:0,(anonymous_79)
FNDA:0,(anonymous_80)
DA:1,1
DA:3,1
DA:4,1
DA:5,1
DA:8,1
DA:9,1
DA:16,1
DA:18,1
DA:19,1
DA:27,1
DA:38,0
DA:39,0
DA:41,0
DA:45,0
DA:52,0
DA:65,0
DA:66,0
DA:67,0
DA:68,0
DA:71,0
DA:116,0
DA:117,0
DA:118,0
DA:119,0
DA:120,0
DA:121,0
DA:122,0
DA:123,0
DA:124,0
DA:130,0
DA:131,0
DA:138,0
DA:142,0
DA:145,0
DA:146,0
DA:153,0
DA:154,0
DA:156,0
DA:157,0
DA:158,0
DA:159,0
DA:161,0
DA:186,0
DA:187,0
DA:188,0
DA:190,0
DA:192,0
DA:194,0
DA:197,0
DA:198,0
DA:200,0
DA:201,0
DA:210,0
DA:211,0
DA:212,0
DA:213,0
DA:214,0
DA:215,0
DA:218,0
DA:219,0
DA:220,0
DA:221,0
DA:222,0
DA:224,0
DA:225,0
DA:227,0
DA:228,0
DA:230,0
DA:231,0
DA:237,0
DA:238,0
DA:239,0
DA:240,0
DA:242,0
DA:243,0
DA:244,0
DA:245,0
DA:247,0
DA:248,0
DA:249,0
DA:250,0
DA:252,0
DA:253,0
DA:254,0
DA:255,0
DA:258,0
DA:259,0
DA:262,0
DA:271,0
DA:272,0
DA:274,0
DA:275,0
DA:276,0
DA:278,0
DA:286,0
DA:287,0
DA:288,0
DA:289,0
DA:290,0
DA:294,0
DA:296,0
DA:297,0
DA:298,0
DA:302,0
DA:303,0
DA:304,0
DA:305,0
DA:306,0
DA:309,0
DA:311,0
DA:312,0
DA:316,0
DA:317,0
DA:318,0
DA:319,0
DA:324,0
DA:325,0
DA:326,0
DA:327,0
DA:329,0
DA:331,0
DA:332,0
DA:333,0
DA:342,0
DA:343,0
DA:344,0
DA:345,0
DA:346,0
DA:348,0
DA:349,0
DA:356,0
DA:357,0
DA:358,0
DA:364,0
DA:365,0
DA:366,0
DA:367,0
DA:368,0
DA:369,0
DA:370,0
DA:371,0
DA:372,0
DA:374,0
DA:375,0
DA:376,0
DA:378,0
DA:379,0
DA:380,0
DA:388,0
DA:389,0
DA:390,0
DA:391,0
DA:393,0
DA:397,0
DA:399,0
DA:400,0
DA:402,0
DA:403,0
DA:405,0
DA:406,0
DA:411,0
DA:412,0
DA:413,0
DA:414,0
DA:416,0
DA:420,0
DA:422,0
DA:423,0
DA:425,0
DA:426,0
DA:433,0
DA:434,0
DA:437,0
DA:439,0
DA:440,0
DA:444,0
DA:445,0
DA:446,0
DA:447,0
DA:448,0
DA:450,0
DA:453,0
DA:454,0
DA:455,0
DA:456,0
DA:458,0
DA:464,0
DA:465,0
DA:467,0
DA:469,0
DA:471,0
DA:474,0
DA:475,0
DA:476,0
DA:477,0
DA:479,0
DA:485,0
DA:488,0
DA:492,0
DA:494,0
DA:495,0
DA:496,0
DA:498,0
DA:499,0
DA:501,0
DA:502,0
DA:504,0
DA:505,0
DA:507,0
DA:508,0
DA:513,0
DA:515,0
DA:516,0
DA:517,0
DA:519,0
DA:520,0
DA:522,0
DA:523,0
DA:525,0
DA:526,0
DA:528,0
DA:529,0
DA:534,0
DA:539,0
DA:540,0
DA:541,0
DA:545,0
DA:547,0
DA:548,0
DA:553,0
DA:554,0
DA:555,0
DA:556,0
DA:557,0
DA:558,0
DA:559,0
DA:560,0
DA:561,0
DA:562,0
DA:563,0
DA:564,0
DA:565,0
DA:566,0
DA:567,0
DA:570,0
DA:571,0
DA:572,0
DA:573,0
DA:574,0
DA:575,0
DA:581,0
DA:582,0
DA:585,0
DA:588,0
DA:589,0
DA:593,0
DA:594,0
DA:596,0
DA:598,0
DA:599,0
DA:602,0
DA:603,0
DA:605,0
DA:607,0
DA:608,0
DA:612,0
DA:613,0
DA:614,0
DA:615,0
DA:616,0
DA:618,0
DA:619,0
DA:622,0
DA:623,0
DA:628,0
DA:629,0
DA:630,0
DA:634,0
DA:635,0
DA:636,0
DA:642,0
DA:643,0
DA:644,0
DA:647,0
DA:648,0
DA:654,0
DA:655,0
DA:659,0
DA:660,0
DA:664,0
DA:666,0
DA:667,0
DA:669,0
DA:670,0
DA:671,0
DA:672,0
DA:676,0
DA:677,0
DA:682,0
DA:683,0
DA:685,0
DA:686,0
DA:688,0
DA:689,0
DA:690,0
DA:691,0
DA:692,0
DA:700,0
DA:701,0
DA:703,0
DA:704,0
DA:706,0
DA:707,0
DA:713,0
DA:714,0
DA:716,0
DA:717,0
DA:718,0
DA:719,0
DA:720,0
DA:723,0
DA:724,0
DA:726,0
DA:727,0
DA:730,0
DA:731,0
DA:733,0
DA:737,0
DA:741,0
DA:745,0
DA:750,0
DA:751,0
DA:752,0
DA:753,0
DA:754,0
DA:756,0
DA:757,0
DA:758,0
DA:761,0
DA:762,0
DA:768,0
DA:772,0
DA:776,0
DA:777,0
DA:778,0
DA:780,0
DA:781,0
DA:783,0
DA:784,0
DA:786,0
DA:787,0
DA:792,0
DA:793,0
DA:795,0
DA:796,0
DA:797,0
DA:798,0
DA:800,0
DA:801,0
DA:802,0
DA:803,0
DA:805,0
DA:806,0
DA:807,0
DA:808,0
DA:810,0
DA:811,0
DA:812,0
DA:813,0
DA:816,0
DA:817,0
DA:818,0
DA:820,0
LF:373
LH:10
BRDA:187,0,0,0
BRDA:187,0,1,0
BRDA:188,1,0,0
BRDA:188,1,1,0
BRDA:188,2,0,0
BRDA:188,2,1,0
BRDA:188,2,2,0
BRDA:188,2,3,0
BRDA:192,3,0,0
BRDA:192,3,1,0
BRDA:192,4,0,0
BRDA:192,4,1,0
BRDA:192,4,2,0
BRDA:192,4,3,0
BRDA:197,5,0,0
BRDA:197,5,1,0
BRDA:200,6,0,0
BRDA:200,6,1,0
BRDA:213,7,0,0
BRDA:213,7,1,0
BRDA:218,8,0,0
BRDA:218,8,1,0
BRDA:218,9,0,0
BRDA:218,9,1,0
BRDA:220,10,0,0
BRDA:220,10,1,0
BRDA:220,11,0,0
BRDA:220,11,1,0
BRDA:221,12,0,0
BRDA:221,12,1,0
BRDA:221,13,0,0
BRDA:221,13,1,0
BRDA:224,14,0,0
BRDA:224,14,1,0
BRDA:224,15,0,0
BRDA:224,15,1,0
BRDA:227,16,0,0
BRDA:227,16,1,0
BRDA:227,17,0,0
BRDA:227,17,1,0
BRDA:230,18,0,0
BRDA:230,18,1,0
BRDA:230,19,0,0
BRDA:230,19,1,0
BRDA:237,20,0,0
BRDA:237,20,1,0
BRDA:237,21,0,0
BRDA:237,21,1,0
BRDA:242,22,0,0
BRDA:242,22,1,0
BRDA:242,23,0,0
BRDA:242,23,1,0
BRDA:247,24,0,0
BRDA:247,24,1,0
BRDA:247,25,0,0
BRDA:247,25,1,0
BRDA:252,26,0,0
BRDA:252,26,1,0
BRDA:252,27,0,0
BRDA:252,27,1,0
BRDA:272,28,0,0
BRDA:272,28,1,0
BRDA:289,29,0,0
BRDA:289,29,1,0
BRDA:294,30,0,0
BRDA:294,30,1,0
BRDA:296,31,0,0
BRDA:296,31,1,0
BRDA:305,32,0,0
BRDA:305,32,1,0
BRDA:309,33,0,0
BRDA:309,33,1,0
BRDA:311,34,0,0
BRDA:311,34,1,0
BRDA:311,35,0,0
BRDA:311,35,1,0
BRDA:311,35,2,0
BRDA:317,36,0,0
BRDA:317,36,1,0
BRDA:317,37,0,0
BRDA:317,37,1,0
BRDA:318,38,0,0
BRDA:318,38,1,0
BRDA:324,39,0,0
BRDA:324,39,1,0
BRDA:325,40,0,0
BRDA:325,40,1,0
BRDA:326,41,0,0
BRDA:326,41,1,0
BRDA:331,42,0,0
BRDA:331,42,1,0
BRDA:343,43,0,0
BRDA:343,43,1,0
BRDA:345,44,0,0
BRDA:345,44,1,0
BRDA:356,45,0,0
BRDA:356,45,1,0
BRDA:357,46,0,0
BRDA:357,46,1,0
BRDA:369,47,0,0
BRDA:369,47,1,0
BRDA:370,48,0,0
BRDA:370,48,1,0
BRDA:371,49,0,0
BRDA:371,49,1,0
BRDA:374,50,0,0
BRDA:374,50,1,0
BRDA:375,51,0,0
BRDA:375,51,1,0
BRDA:378,52,0,0
BRDA:378,52,1,0
BRDA:379,53,0,0
BRDA:379,53,1,0
BRDA:388,54,0,0
BRDA:388,54,1,0
BRDA:388,55,0,0
BRDA:388,55,1,0
BRDA:390,56,0,0
BRDA:390,56,1,0
BRDA:398,57,0,0
BRDA:398,57,1,0
BRDA:398,57,2,0
BRDA:411,58,0,0
BRDA:411,58,1,0
BRDA:411,59,0,0
BRDA:411,59,1,0
BRDA:413,60,0,0
BRDA:413,60,1,0
BRDA:421,61,0,0
BRDA:421,61,1,0
BRDA:433,62,0,0
BRDA:433,62,1,0
BRDA:438,63,0,0
BRDA:454,64,0,0
BRDA:454,64,1,0
BRDA:475,65,0,0
BRDA:475,65,1,0
BRDA:495,66,0,0
BRDA:495,66,1,0
BRDA:498,67,0,0
BRDA:498,67,1,0
BRDA:501,68,0,0
BRDA:501,68,1,0
BRDA:504,69,0,0
BRDA:504,69,1,0
BRDA:507,70,0,0
BRDA:507,70,1,0
BRDA:516,71,0,0
BRDA:516,71,1,0
BRDA:519,72,0,0
BRDA:519,72,1,0
BRDA:522,73,0,0
BRDA:522,73,1,0
BRDA:525,74,0,0
BRDA:525,74,1,0
BRDA:528,75,0,0
BRDA:528,75,1,0
BRDA:553,76,0,0
BRDA:553,76,1,0
BRDA:554,77,0,0
BRDA:554,77,1,0
BRDA:561,78,0,0
BRDA:561,78,1,0
BRDA:581,79,0,0
BRDA:581,79,1,0
BRDA:593,80,0,0
BRDA:593,80,1,0
BRDA:602,81,0,0
BRDA:602,81,1,0
BRDA:613,82,0,0
BRDA:613,82,1,0
BRDA:615,83,0,0
BRDA:615,83,1,0
BRDA:634,84,0,0
BRDA:634,84,1,0
BRDA:642,85,0,0
BRDA:642,85,1,0
BRDA:643,86,0,0
BRDA:643,86,1,0
BRDA:647,87,0,0
BRDA:647,87,1,0
BRDA:666,88,0,0
BRDA:666,88,1,0
BRDA:669,89,0,0
BRDA:669,89,1,0
BRDA:689,90,0,0
BRDA:689,90,1,0
BRDA:690,91,0,0
BRDA:690,91,1,0
BRDA:700,92,0,0
BRDA:700,92,1,0
BRDA:703,93,0,0
BRDA:703,93,1,0
BRDA:713,94,0,0
BRDA:713,94,1,0
BRDA:719,95,0,0
BRDA:719,95,1,0
BRDA:730,96,0,0
BRDA:730,96,1,0
BRDA:753,97,0,0
BRDA:753,97,1,0
BRDA:756,98,0,0
BRDA:756,98,1,0
BRDA:777,99,0,0
BRDA:777,99,1,0
BRDA:780,100,0,0
BRDA:780,100,1,0
BRDA:783,101,0,0
BRDA:783,101,1,0
BRDA:786,102,0,0
BRDA:786,102,1,0
BRDA:795,103,0,0
BRDA:795,103,1,0
BRDA:795,104,0,0
BRDA:795,104,1,0
BRDA:800,105,0,0
BRDA:800,105,1,0
BRDA:800,106,0,0
BRDA:800,106,1,0
BRDA:805,107,0,0
BRDA:805,107,1,0
BRDA:805,108,0,0
BRDA:805,108,1,0
BRDA:810,109,0,0
BRDA:810,109,1,0
BRDA:810,110,0,0
BRDA:810,110,1,0
BRF:227
BRH:0
end_of_record
TN:
SF:C:\Users\danie\Documents\PRACTICE-PROJECTS\daniels-fighting-pit\src\enums\attackResults.ts
FN:1,(anonymous_0)
FNF:1
FNH:1
FNDA:2,(anonymous_0)
DA:1,2
DA:2,2
DA:3,2
DA:4,2
DA:5,2
LF:5
LH:5
BRDA:1,0,0,2
BRDA:1,0,1,2
BRF:2
BRH:2
end_of_record
TN:
SF:C:\Users\danie\Documents\PRACTICE-PROJECTS\daniels-fighting-pit\src\enums\closeness.ts
FN:1,(anonymous_0)
FNF:1
FNH:1
FNDA:2,(anonymous_0)
DA:1,2
DA:2,2
DA:3,2
DA:4,2
DA:5,2
LF:5
LH:5
BRDA:1,0,0,2
BRDA:1,0,1,2
BRF:2
BRH:2
end_of_record
TN:
SF:C:\Users\danie\Documents\PRACTICE-PROJECTS\daniels-fighting-pit\src\enums\edges.ts
FN:1,(anonymous_0)
FNF:1
FNH:1
FNDA:2,(anonymous_0)
DA:1,2
DA:2,2
DA:3,2
DA:4,2
DA:5,2
LF:5
LH:5
BRDA:1,0,0,2
BRDA:1,0,1,2
BRF:2
BRH:2
end_of_record
TN:
SF:C:\Users\danie\Documents\PRACTICE-PROJECTS\daniels-fighting-pit\src\enums\fighterActionStates.ts
FN:1,(anonymous_0)
FNF:1
FNH:1
FNDA:2,(anonymous_0)
DA:1,2
DA:2,2
DA:3,2
DA:4,2
DA:5,2
DA:6,2
DA:7,2
LF:7
LH:7
BRDA:1,0,0,2
BRDA:1,0,1,2
BRF:2
BRH:2
end_of_record
TN:
SF:C:\Users\danie\Documents\PRACTICE-PROJECTS\daniels-fighting-pit\src\enums\fighterModelStates.ts
FN:1,(anonymous_0)
FNF:1
FNH:1
FNDA:2,(anonymous_0)
DA:1,2
DA:2,2
DA:3,2
DA:4,2
DA:5,2
DA:6,2
DA:7,2
DA:8,2
DA:9,2
LF:9
LH:9
BRDA:1,0,0,2
BRDA:1,0,1,2
BRF:2
BRH:2
end_of_record
TN:
SF:C:\Users\danie\Documents\PRACTICE-PROJECTS\daniels-fighting-pit\src\enums\fighterTacticsStates.ts
FN:1,(anonymous_0)
FNF:1
FNH:1
FNDA:2,(anonymous_0)
DA:1,2
DA:2,2
DA:3,2
DA:4,2
DA:5,2
DA:6,2
DA:7,2
LF:7
LH:7
BRDA:1,0,0,2
BRDA:1,0,1,2
BRF:2
BRH:2
end_of_record
TN:
SF:C:\Users\danie\Documents\PRACTICE-PROJECTS\daniels-fighting-pit\src\enums\leftOrRight.ts
FN:1,(anonymous_0)
FNF:1
FNH:1
FNDA:2,(anonymous_0)
DA:1,2
DA:2,2
DA:3,2
LF:3
LH:3
BRDA:1,0,0,2
BRDA:1,0,1,2
BRF:2
BRH:2
end_of_record
TN:
SF:C:\Users\danie\Documents\PRACTICE-PROJECTS\daniels-fighting-pit\src\helper-functions\helper-functions.ts
FN:1,(anonymous_0)
FNF:1
FNH:1
FNDA:11,(anonymous_0)
DA:1,11
LF:1
LH:1
BRDA:1,0,0,0
BRDA:1,0,1,11
BRF:2
BRH:1
end_of_record
